[2.677s] Invoking command in '/home/pi/KSARMecanum/src/opencv_pub': PYTHONPATH=/home/pi/KSARMecanum/build/opencv_pub/prefix_override:/home/pi/KSARMecanum/install/opencv_pub/lib/python3.10/site-packages:${PYTHONPATH} /usr/bin/python3 setup.py egg_info --egg-base ../../build/opencv_pub build --build-base /home/pi/KSARMecanum/build/opencv_pub/build install --record /home/pi/KSARMecanum/build/opencv_pub/install.log --single-version-externally-managed
[3.682s] running egg_info
[3.685s] writing ../../build/opencv_pub/opencv_pub.egg-info/PKG-INFO
[3.686s] writing dependency_links to ../../build/opencv_pub/opencv_pub.egg-info/dependency_links.txt
[3.687s] writing entry points to ../../build/opencv_pub/opencv_pub.egg-info/entry_points.txt
[3.687s] writing requirements to ../../build/opencv_pub/opencv_pub.egg-info/requires.txt
[3.688s] writing top-level names to ../../build/opencv_pub/opencv_pub.egg-info/top_level.txt
[3.696s] reading manifest file '../../build/opencv_pub/opencv_pub.egg-info/SOURCES.txt'
[3.700s] writing manifest file '../../build/opencv_pub/opencv_pub.egg-info/SOURCES.txt'
[3.700s] running build
[3.701s] running build_py
[3.702s] running install
[3.703s] /usr/lib/python3/dist-packages/setuptools/command/install.py:34: SetuptoolsDeprecationWarning: setup.py install is deprecated. Use build and pip and other standards-based tools.
[3.703s]   warnings.warn(
[3.704s] running install_lib
[3.709s] running install_data
[3.711s] running install_egg_info
[3.717s] removing '/home/pi/KSARMecanum/install/opencv_pub/lib/python3.10/site-packages/opencv_pub-0.0.0-py3.10.egg-info' (and everything under it)
[3.719s] Copying ../../build/opencv_pub/opencv_pub.egg-info to /home/pi/KSARMecanum/install/opencv_pub/lib/python3.10/site-packages/opencv_pub-0.0.0-py3.10.egg-info
[3.724s] running install_scripts
[3.802s] Installing CAM script to /home/pi/KSARMecanum/install/opencv_pub/lib/opencv_pub
[3.804s] writing list of installed files to '/home/pi/KSARMecanum/build/opencv_pub/install.log'
[3.925s] Invoked command in '/home/pi/KSARMecanum/src/opencv_pub' returned '0': PYTHONPATH=/home/pi/KSARMecanum/build/opencv_pub/prefix_override:/home/pi/KSARMecanum/install/opencv_pub/lib/python3.10/site-packages:${PYTHONPATH} /usr/bin/python3 setup.py egg_info --egg-base ../../build/opencv_pub build --build-base /home/pi/KSARMecanum/build/opencv_pub/build install --record /home/pi/KSARMecanum/build/opencv_pub/install.log --single-version-externally-managed
