running egg_info
creating ../../build/aruco_publisher/aruco_publisher.egg-info
writing ../../build/aruco_publisher/aruco_publisher.egg-info/PKG-INFO
writing dependency_links to ../../build/aruco_publisher/aruco_publisher.egg-info/dependency_links.txt
writing entry points to ../../build/aruco_publisher/aruco_publisher.egg-info/entry_points.txt
writing requirements to ../../build/aruco_publisher/aruco_publisher.egg-info/requires.txt
writing top-level names to ../../build/aruco_publisher/aruco_publisher.egg-info/top_level.txt
writing manifest file '../../build/aruco_publisher/aruco_publisher.egg-info/SOURCES.txt'
reading manifest file '../../build/aruco_publisher/aruco_publisher.egg-info/SOURCES.txt'
writing manifest file '../../build/aruco_publisher/aruco_publisher.egg-info/SOURCES.txt'
running build
running build_py
creating /home/pi/KSARMecanum/build/aruco_publisher/build
creating /home/pi/KSARMecanum/build/aruco_publisher/build/lib
creating /home/pi/KSARMecanum/build/aruco_publisher/build/lib/aruco_publisher
copying aruco_publisher/aruco_detector.py -> /home/pi/KSARMecanum/build/aruco_publisher/build/lib/aruco_publisher
copying aruco_publisher/__init__.py -> /home/pi/KSARMecanum/build/aruco_publisher/build/lib/aruco_publisher
running install
/usr/lib/python3/dist-packages/setuptools/command/install.py:34: SetuptoolsDeprecationWarning: setup.py install is deprecated. Use build and pip and other standards-based tools.
  warnings.warn(
running install_lib
creating /home/pi/KSARMecanum/install/aruco_publisher/lib/python3.10/site-packages/aruco_publisher
copying /home/pi/KSARMecanum/build/aruco_publisher/build/lib/aruco_publisher/aruco_detector.py -> /home/pi/KSARMecanum/install/aruco_publisher/lib/python3.10/site-packages/aruco_publisher
copying /home/pi/KSARMecanum/build/aruco_publisher/build/lib/aruco_publisher/__init__.py -> /home/pi/KSARMecanum/install/aruco_publisher/lib/python3.10/site-packages/aruco_publisher
byte-compiling /home/pi/KSARMecanum/install/aruco_publisher/lib/python3.10/site-packages/aruco_publisher/aruco_detector.py to aruco_detector.cpython-310.pyc
byte-compiling /home/pi/KSARMecanum/install/aruco_publisher/lib/python3.10/site-packages/aruco_publisher/__init__.py to __init__.cpython-310.pyc
running install_data
creating /home/pi/KSARMecanum/install/aruco_publisher/share/ament_index
creating /home/pi/KSARMecanum/install/aruco_publisher/share/ament_index/resource_index
creating /home/pi/KSARMecanum/install/aruco_publisher/share/ament_index/resource_index/packages
copying resource/aruco_publisher -> /home/pi/KSARMecanum/install/aruco_publisher/share/ament_index/resource_index/packages
copying package.xml -> /home/pi/KSARMecanum/install/aruco_publisher/share/aruco_publisher
running install_egg_info
Copying ../../build/aruco_publisher/aruco_publisher.egg-info to /home/pi/KSARMecanum/install/aruco_publisher/lib/python3.10/site-packages/aruco_publisher-0.0.0-py3.10.egg-info
running install_scripts
Installing ARUCO1 script to /home/pi/KSARMecanum/install/aruco_publisher/lib/aruco_publisher
writing list of installed files to '/home/pi/KSARMecanum/build/aruco_publisher/install.log'
