[6.895s] Invoking command in '/home/pi/KSARMecanum/src/distance_node': PYTHONPATH=/home/pi/KSARMecanum/build/distance_node/prefix_override:/home/pi/KSARMecanum/install/distance_node/lib/python3.10/site-packages:${PYTHONPATH} /usr/bin/python3 setup.py egg_info --egg-base ../../build/distance_node build --build-base /home/pi/KSARMecanum/build/distance_node/build install --record /home/pi/KSARMecanum/build/distance_node/install.log --single-version-externally-managed
[8.461s] running egg_info
[8.465s] writing ../../build/distance_node/distance_node.egg-info/PKG-INFO
[8.466s] writing dependency_links to ../../build/distance_node/distance_node.egg-info/dependency_links.txt
[8.467s] writing entry points to ../../build/distance_node/distance_node.egg-info/entry_points.txt
[8.469s] writing requirements to ../../build/distance_node/distance_node.egg-info/requires.txt
[8.471s] writing top-level names to ../../build/distance_node/distance_node.egg-info/top_level.txt
[8.481s] reading manifest file '../../build/distance_node/distance_node.egg-info/SOURCES.txt'
[8.485s] writing manifest file '../../build/distance_node/distance_node.egg-info/SOURCES.txt'
[8.486s] running build
[8.487s] running build_py
[8.488s] running install
[8.489s] /usr/lib/python3/dist-packages/setuptools/command/install.py:34: SetuptoolsDeprecationWarning: setup.py install is deprecated. Use build and pip and other standards-based tools.
[8.490s]   warnings.warn(
[8.491s] running install_lib
[8.498s] running install_data
[8.507s] running install_egg_info
[8.518s] removing '/home/pi/KSARMecanum/install/distance_node/lib/python3.10/site-packages/distance_node-0.0.0-py3.10.egg-info' (and everything under it)
[8.519s] Copying ../../build/distance_node/distance_node.egg-info to /home/pi/KSARMecanum/install/distance_node/lib/python3.10/site-packages/distance_node-0.0.0-py3.10.egg-info
[8.544s] running install_scripts
[8.649s] Installing distance_publisher script to /home/pi/KSARMecanum/install/distance_node/lib/distance_node
[8.652s] writing list of installed files to '/home/pi/KSARMecanum/build/distance_node/install.log'
[8.954s] Invoked command in '/home/pi/KSARMecanum/src/distance_node' returned '0': PYTHONPATH=/home/pi/KSARMecanum/build/distance_node/prefix_override:/home/pi/KSARMecanum/install/distance_node/lib/python3.10/site-packages:${PYTHONPATH} /usr/bin/python3 setup.py egg_info --egg-base ../../build/distance_node build --build-base /home/pi/KSARMecanum/build/distance_node/build install --record /home/pi/KSARMecanum/build/distance_node/install.log --single-version-externally-managed
