running egg_info
writing ../../build/main_package_robot/main_package_robot.egg-info/PKG-INFO
writing dependency_links to ../../build/main_package_robot/main_package_robot.egg-info/dependency_links.txt
writing entry points to ../../build/main_package_robot/main_package_robot.egg-info/entry_points.txt
writing requirements to ../../build/main_package_robot/main_package_robot.egg-info/requires.txt
writing top-level names to ../../build/main_package_robot/main_package_robot.egg-info/top_level.txt
reading manifest file '../../build/main_package_robot/main_package_robot.egg-info/SOURCES.txt'
writing manifest file '../../build/main_package_robot/main_package_robot.egg-info/SOURCES.txt'
running build
running build_py
copying main_package_robot/main_node.py -> /home/pi/KSARMecanum/build/main_package_robot/build/lib/main_package_robot
/usr/lib/python3/dist-packages/setuptools/command/install.py:34: SetuptoolsDeprecationWarning: setup.py install is deprecated. Use build and pip and other standards-based tools.
  warnings.warn(
running install
running install_lib
copying /home/pi/KSARMecanum/build/main_package_robot/build/lib/main_package_robot/main_node.py -> /home/pi/KSARMecanum/install/main_package_robot/lib/python3.10/site-packages/main_package_robot
byte-compiling /home/pi/KSARMecanum/install/main_package_robot/lib/python3.10/site-packages/main_package_robot/main_node.py to main_node.cpython-310.pyc
running install_data
running install_egg_info
removing '/home/pi/KSARMecanum/install/main_package_robot/lib/python3.10/site-packages/main_package_robot-0.0.0-py3.10.egg-info' (and everything under it)
Copying ../../build/main_package_robot/main_package_robot.egg-info to /home/pi/KSARMecanum/install/main_package_robot/lib/python3.10/site-packages/main_package_robot-0.0.0-py3.10.egg-info
running install_scripts
Installing main_node script to /home/pi/KSARMecanum/install/main_package_robot/lib/main_package_robot
writing list of installed files to '/home/pi/KSARMecanum/build/main_package_robot/install.log'
