[2.060s] Invoking command in '/home/anton/KSARMecanum/src/distance_node': PYTHONPATH=/home/anton/KSARMecanum/build/distance_node/prefix_override:/home/anton/KSARMecanum/install/distance_node/lib/python3.10/site-packages:${PYTHONPATH} /usr/bin/python3 setup.py egg_info --egg-base ../../build/distance_node build --build-base /home/anton/KSARMecanum/build/distance_node/build install --record /home/anton/KSARMecanum/build/distance_node/install.log --single-version-externally-managed
[2.355s] running egg_info
[2.356s] creating ../../build/distance_node/distance_node.egg-info
[2.356s] writing ../../build/distance_node/distance_node.egg-info/PKG-INFO
[2.356s] writing dependency_links to ../../build/distance_node/distance_node.egg-info/dependency_links.txt
[2.357s] writing entry points to ../../build/distance_node/distance_node.egg-info/entry_points.txt
[2.358s] writing requirements to ../../build/distance_node/distance_node.egg-info/requires.txt
[2.358s] writing top-level names to ../../build/distance_node/distance_node.egg-info/top_level.txt
[2.358s] writing manifest file '../../build/distance_node/distance_node.egg-info/SOURCES.txt'
[2.360s] reading manifest file '../../build/distance_node/distance_node.egg-info/SOURCES.txt'
[2.360s] writing manifest file '../../build/distance_node/distance_node.egg-info/SOURCES.txt'
[2.360s] running build
[2.361s] running build_py
[2.361s] creating /home/anton/KSARMecanum/build/distance_node/build
[2.361s] creating /home/anton/KSARMecanum/build/distance_node/build/lib
[2.361s] creating /home/anton/KSARMecanum/build/distance_node/build/lib/distance_node
[2.361s] copying distance_node/__init__.py -> /home/anton/KSARMecanum/build/distance_node/build/lib/distance_node
[2.362s] copying distance_node/distance_publisher.py -> /home/anton/KSARMecanum/build/distance_node/build/lib/distance_node
[2.362s] running install
[2.362s] /usr/lib/python3/dist-packages/setuptools/command/install.py:34: SetuptoolsDeprecationWarning: setup.py install is deprecated. Use build and pip and other standards-based tools.
[2.363s]   warnings.warn(
[2.363s] running install_lib
[2.364s] creating /home/anton/KSARMecanum/install/distance_node/lib/python3.10/site-packages/distance_node
[2.364s] copying /home/anton/KSARMecanum/build/distance_node/build/lib/distance_node/__init__.py -> /home/anton/KSARMecanum/install/distance_node/lib/python3.10/site-packages/distance_node
[2.365s] copying /home/anton/KSARMecanum/build/distance_node/build/lib/distance_node/distance_publisher.py -> /home/anton/KSARMecanum/install/distance_node/lib/python3.10/site-packages/distance_node
[2.365s] byte-compiling /home/anton/KSARMecanum/install/distance_node/lib/python3.10/site-packages/distance_node/__init__.py to __init__.cpython-310.pyc
[2.365s] byte-compiling /home/anton/KSARMecanum/install/distance_node/lib/python3.10/site-packages/distance_node/distance_publisher.py to distance_publisher.cpython-310.pyc
[2.366s] running install_data
[2.366s] creating /home/anton/KSARMecanum/install/distance_node/share/ament_index
[2.366s] creating /home/anton/KSARMecanum/install/distance_node/share/ament_index/resource_index
[2.366s] creating /home/anton/KSARMecanum/install/distance_node/share/ament_index/resource_index/packages
[2.366s] copying resource/distance_node -> /home/anton/KSARMecanum/install/distance_node/share/ament_index/resource_index/packages
[2.367s] copying package.xml -> /home/anton/KSARMecanum/install/distance_node/share/distance_node
[2.367s] running install_egg_info
[2.368s] Copying ../../build/distance_node/distance_node.egg-info to /home/anton/KSARMecanum/install/distance_node/lib/python3.10/site-packages/distance_node-0.0.0-py3.10.egg-info
[2.369s] running install_scripts
[2.406s] Installing distance_publisher script to /home/anton/KSARMecanum/install/distance_node/lib/distance_node
[2.407s] writing list of installed files to '/home/anton/KSARMecanum/build/distance_node/install.log'
[2.440s] Invoked command in '/home/anton/KSARMecanum/src/distance_node' returned '0': PYTHONPATH=/home/anton/KSARMecanum/build/distance_node/prefix_override:/home/anton/KSARMecanum/install/distance_node/lib/python3.10/site-packages:${PYTHONPATH} /usr/bin/python3 setup.py egg_info --egg-base ../../build/distance_node build --build-base /home/anton/KSARMecanum/build/distance_node/build install --record /home/anton/KSARMecanum/build/distance_node/install.log --single-version-externally-managed
