[2.675s] Invoking command in '/home/pi/KSARMecanum/src/opencv_pub': PYTHONPATH=/home/pi/KSARMecanum/build/opencv_pub/prefix_override:/home/pi/KSARMecanum/install/opencv_pub/lib/python3.10/site-packages:${PYTHONPATH} /usr/bin/python3 setup.py egg_info --egg-base ../../build/opencv_pub build --build-base /home/pi/KSARMecanum/build/opencv_pub/build install --record /home/pi/KSARMecanum/build/opencv_pub/install.log --single-version-externally-managed
[3.673s] running egg_info
[3.675s] writing ../../build/opencv_pub/opencv_pub.egg-info/PKG-INFO
[3.676s] writing dependency_links to ../../build/opencv_pub/opencv_pub.egg-info/dependency_links.txt
[3.677s] writing entry points to ../../build/opencv_pub/opencv_pub.egg-info/entry_points.txt
[3.678s] writing requirements to ../../build/opencv_pub/opencv_pub.egg-info/requires.txt
[3.679s] writing top-level names to ../../build/opencv_pub/opencv_pub.egg-info/top_level.txt
[3.687s] reading manifest file '../../build/opencv_pub/opencv_pub.egg-info/SOURCES.txt'
[3.690s] writing manifest file '../../build/opencv_pub/opencv_pub.egg-info/SOURCES.txt'
[3.691s] running build
[3.691s] running build_py
[3.692s] running install
[3.693s] /usr/lib/python3/dist-packages/setuptools/command/install.py:34: SetuptoolsDeprecationWarning: setup.py install is deprecated. Use build and pip and other standards-based tools.
[3.693s]   warnings.warn(
[3.694s] running install_lib
[3.699s] running install_data
[3.701s] running install_egg_info
[3.708s] removing '/home/pi/KSARMecanum/install/opencv_pub/lib/python3.10/site-packages/opencv_pub-0.0.0-py3.10.egg-info' (and everything under it)
[3.709s] Copying ../../build/opencv_pub/opencv_pub.egg-info to /home/pi/KSARMecanum/install/opencv_pub/lib/python3.10/site-packages/opencv_pub-0.0.0-py3.10.egg-info
[3.714s] running install_scripts
[3.792s] Installing CAM script to /home/pi/KSARMecanum/install/opencv_pub/lib/opencv_pub
[3.794s] writing list of installed files to '/home/pi/KSARMecanum/build/opencv_pub/install.log'
[3.915s] Invoked command in '/home/pi/KSARMecanum/src/opencv_pub' returned '0': PYTHONPATH=/home/pi/KSARMecanum/build/opencv_pub/prefix_override:/home/pi/KSARMecanum/install/opencv_pub/lib/python3.10/site-packages:${PYTHONPATH} /usr/bin/python3 setup.py egg_info --egg-base ../../build/opencv_pub build --build-base /home/pi/KSARMecanum/build/opencv_pub/build install --record /home/pi/KSARMecanum/build/opencv_pub/install.log --single-version-externally-managed
