[0.070s] Invoking command in '/home/anton/KSARMecanum/build/LED_control_pub': CMAKE_PREFIX_PATH=/opt/ros/humble /usr/bin/cmake /home/anton/KSARMecanum/src/LED_control_pub -DCMAKE_INSTALL_PREFIX=/home/anton/KSARMecanum/install/LED_control_pub
[1.608s] -- Found ament_cmake: 1.3.3 (/opt/ros/humble/share/ament_cmake/cmake)
[1.608s] -- Found Python3: /usr/bin/python3.10 (found version "3.10.6") found components: Interpreter 
[1.609s] -- Found rclcpp: 16.0.3 (/opt/ros/humble/share/rclcpp/cmake)
[1.609s] -- Found rosidl_generator_c: 3.1.4 (/opt/ros/humble/share/rosidl_generator_c/cmake)
[1.610s] -- Found rosidl_adapter: 3.1.4 (/opt/ros/humble/share/rosidl_adapter/cmake)
[1.610s] -- Found rosidl_generator_cpp: 3.1.4 (/opt/ros/humble/share/rosidl_generator_cpp/cmake)
[1.610s] -- Using all available rosidl_typesupport_c: rosidl_typesupport_fastrtps_c;rosidl_typesupport_introspection_c
[1.611s] -- Using all available rosidl_typesupport_cpp: rosidl_typesupport_fastrtps_cpp;rosidl_typesupport_introspection_cpp
[1.613s] -- Found rmw_implementation_cmake: 6.1.1 (/opt/ros/humble/share/rmw_implementation_cmake/cmake)
[1.614s] -- Found rmw_fastrtps_cpp: 6.2.2 (/opt/ros/humble/share/rmw_fastrtps_cpp/cmake)
[1.614s] -- Found OpenSSL: /usr/lib/x86_64-linux-gnu/libcrypto.so (found version "3.0.2")  
[1.615s] -- Found FastRTPS: /opt/ros/humble/include  
[1.615s] -- Using RMW implementation 'rmw_fastrtps_cpp' as default
[1.615s] -- Looking for pthread.h
[1.615s] -- Looking for pthread.h - found
[1.616s] -- Performing Test CMAKE_HAVE_LIBC_PTHREAD
[1.616s] -- Performing Test CMAKE_HAVE_LIBC_PTHREAD - Success
[1.617s] -- Found Threads: TRUE  
[1.618s] -- Found ament_lint_auto: 0.12.5 (/opt/ros/humble/share/ament_lint_auto/cmake)
[1.618s] -- Added test 'cppcheck' to perform static code analysis on C / C++ code
[1.618s] -- Configured cppcheck include dirs: 
[1.619s] -- Configured cppcheck exclude dirs and/or files: 
[1.621s] -- Added test 'lint_cmake' to check CMake code style
[1.622s] -- Added test 'uncrustify' to check C / C++ code style
[1.625s] -- Configured uncrustify additional arguments: 
[1.629s] -- Added test 'xmllint' to check XML markup files
[1.630s] -- Configuring done
[1.630s] -- Generating done
[1.631s] -- Build files have been written to: /home/anton/KSARMecanum/build/LED_control_pub
[1.631s] WARNING: Package name "LED_control_pub" does not follow the naming conventions. It should start with a lower case letter and only contain lower case letters, digits, underscores, and dashes.
[1.637s] Invoked command in '/home/anton/KSARMecanum/build/LED_control_pub' returned '0': CMAKE_PREFIX_PATH=/opt/ros/humble /usr/bin/cmake /home/anton/KSARMecanum/src/LED_control_pub -DCMAKE_INSTALL_PREFIX=/home/anton/KSARMecanum/install/LED_control_pub
[1.638s] Invoking command in '/home/anton/KSARMecanum/build/LED_control_pub': CMAKE_PREFIX_PATH=/opt/ros/humble /usr/bin/cmake --build /home/anton/KSARMecanum/build/LED_control_pub -- -j36 -l36
[1.687s] [ 50%] [32mBuilding CXX object CMakeFiles/TALERDERDEN.dir/src/led_control_publisher.cpp.o[0m
[6.769s] [100%] [32m[1mLinking CXX executable TALERDERDEN[0m
[7.033s] [100%] Built target TALERDERDEN
[7.048s] Invoked command in '/home/anton/KSARMecanum/build/LED_control_pub' returned '0': CMAKE_PREFIX_PATH=/opt/ros/humble /usr/bin/cmake --build /home/anton/KSARMecanum/build/LED_control_pub -- -j36 -l36
[7.080s] Invoking command in '/home/anton/KSARMecanum/build/LED_control_pub': CMAKE_PREFIX_PATH=/opt/ros/humble /usr/bin/cmake --install /home/anton/KSARMecanum/build/LED_control_pub
[7.088s] -- Install configuration: ""
[7.088s] -- Installing: /home/anton/KSARMecanum/install/LED_control_pub/lib/LED_control_pub/TALERDERDEN
[7.090s] -- Set runtime path of "/home/anton/KSARMecanum/install/LED_control_pub/lib/LED_control_pub/TALERDERDEN" to ""
[7.091s] -- Installing: /home/anton/KSARMecanum/install/LED_control_pub/share/ament_index/resource_index/package_run_dependencies/LED_control_pub
[7.091s] -- Installing: /home/anton/KSARMecanum/install/LED_control_pub/share/ament_index/resource_index/parent_prefix_path/LED_control_pub
[7.091s] -- Installing: /home/anton/KSARMecanum/install/LED_control_pub/share/LED_control_pub/environment/ament_prefix_path.sh
[7.091s] -- Installing: /home/anton/KSARMecanum/install/LED_control_pub/share/LED_control_pub/environment/ament_prefix_path.dsv
[7.092s] -- Installing: /home/anton/KSARMecanum/install/LED_control_pub/share/LED_control_pub/environment/path.sh
[7.092s] -- Installing: /home/anton/KSARMecanum/install/LED_control_pub/share/LED_control_pub/environment/path.dsv
[7.092s] -- Installing: /home/anton/KSARMecanum/install/LED_control_pub/share/LED_control_pub/local_setup.bash
[7.092s] -- Installing: /home/anton/KSARMecanum/install/LED_control_pub/share/LED_control_pub/local_setup.sh
[7.093s] -- Installing: /home/anton/KSARMecanum/install/LED_control_pub/share/LED_control_pub/local_setup.zsh
[7.093s] -- Installing: /home/anton/KSARMecanum/install/LED_control_pub/share/LED_control_pub/local_setup.dsv
[7.093s] -- Installing: /home/anton/KSARMecanum/install/LED_control_pub/share/LED_control_pub/package.dsv
[7.093s] -- Installing: /home/anton/KSARMecanum/install/LED_control_pub/share/ament_index/resource_index/packages/LED_control_pub
[7.093s] -- Installing: /home/anton/KSARMecanum/install/LED_control_pub/share/LED_control_pub/cmake/LED_control_pubConfig.cmake
[7.094s] -- Installing: /home/anton/KSARMecanum/install/LED_control_pub/share/LED_control_pub/cmake/LED_control_pubConfig-version.cmake
[7.094s] -- Installing: /home/anton/KSARMecanum/install/LED_control_pub/share/LED_control_pub/package.xml
[7.099s] Invoked command in '/home/anton/KSARMecanum/build/LED_control_pub' returned '0': CMAKE_PREFIX_PATH=/opt/ros/humble /usr/bin/cmake --install /home/anton/KSARMecanum/build/LED_control_pub
