[2.683s] Invoking command in '/home/pi/KSARMecanum/src/opencv_pub': PYTHONPATH=/home/pi/KSARMecanum/build/opencv_pub/prefix_override:/home/pi/KSARMecanum/install/opencv_pub/lib/python3.10/site-packages:${PYTHONPATH} /usr/bin/python3 setup.py egg_info --egg-base ../../build/opencv_pub build --build-base /home/pi/KSARMecanum/build/opencv_pub/build install --record /home/pi/KSARMecanum/build/opencv_pub/install.log --single-version-externally-managed
[3.699s] running egg_info
[3.702s] writing ../../build/opencv_pub/opencv_pub.egg-info/PKG-INFO
[3.703s] writing dependency_links to ../../build/opencv_pub/opencv_pub.egg-info/dependency_links.txt
[3.704s] writing entry points to ../../build/opencv_pub/opencv_pub.egg-info/entry_points.txt
[3.705s] writing requirements to ../../build/opencv_pub/opencv_pub.egg-info/requires.txt
[3.705s] writing top-level names to ../../build/opencv_pub/opencv_pub.egg-info/top_level.txt
[3.713s] reading manifest file '../../build/opencv_pub/opencv_pub.egg-info/SOURCES.txt'
[3.717s] writing manifest file '../../build/opencv_pub/opencv_pub.egg-info/SOURCES.txt'
[3.717s] running build
[3.718s] running build_py
[3.719s] running install
[3.720s] /usr/lib/python3/dist-packages/setuptools/command/install.py:34: SetuptoolsDeprecationWarning: setup.py install is deprecated. Use build and pip and other standards-based tools.
[3.720s]   warnings.warn(
[3.721s] running install_lib
[3.726s] running install_data
[3.728s] running install_egg_info
[3.734s] removing '/home/pi/KSARMecanum/install/opencv_pub/lib/python3.10/site-packages/opencv_pub-0.0.0-py3.10.egg-info' (and everything under it)
[3.736s] Copying ../../build/opencv_pub/opencv_pub.egg-info to /home/pi/KSARMecanum/install/opencv_pub/lib/python3.10/site-packages/opencv_pub-0.0.0-py3.10.egg-info
[3.741s] running install_scripts
[3.820s] Installing CAM script to /home/pi/KSARMecanum/install/opencv_pub/lib/opencv_pub
[3.821s] writing list of installed files to '/home/pi/KSARMecanum/build/opencv_pub/install.log'
[3.943s] Invoked command in '/home/pi/KSARMecanum/src/opencv_pub' returned '0': PYTHONPATH=/home/pi/KSARMecanum/build/opencv_pub/prefix_override:/home/pi/KSARMecanum/install/opencv_pub/lib/python3.10/site-packages:${PYTHONPATH} /usr/bin/python3 setup.py egg_info --egg-base ../../build/opencv_pub build --build-base /home/pi/KSARMecanum/build/opencv_pub/build install --record /home/pi/KSARMecanum/build/opencv_pub/install.log --single-version-externally-managed
