[6.937s] Invoking command in '/home/pi/KSARMecanum/src/motor_control_node': PYTHONPATH=/home/pi/KSARMecanum/build/motor_control_node/prefix_override:/home/pi/KSARMecanum/install/motor_control_node/lib/python3.10/site-packages:${PYTHONPATH} /usr/bin/python3 setup.py egg_info --egg-base ../../build/motor_control_node build --build-base /home/pi/KSARMecanum/build/motor_control_node/build install --record /home/pi/KSARMecanum/build/motor_control_node/install.log --single-version-externally-managed
[8.495s] running egg_info
[8.500s] writing ../../build/motor_control_node/motor_control_node.egg-info/PKG-INFO
[8.501s] writing dependency_links to ../../build/motor_control_node/motor_control_node.egg-info/dependency_links.txt
[8.501s] writing entry points to ../../build/motor_control_node/motor_control_node.egg-info/entry_points.txt
[8.503s] writing requirements to ../../build/motor_control_node/motor_control_node.egg-info/requires.txt
[8.504s] writing top-level names to ../../build/motor_control_node/motor_control_node.egg-info/top_level.txt
[8.517s] reading manifest file '../../build/motor_control_node/motor_control_node.egg-info/SOURCES.txt'
[8.522s] writing manifest file '../../build/motor_control_node/motor_control_node.egg-info/SOURCES.txt'
[8.523s] running build
[8.523s] running build_py
[8.524s] copying motor_control_node/motor_control.py -> /home/pi/KSARMecanum/build/motor_control_node/build/lib/motor_control_node
[8.525s] running install
[8.527s] /usr/lib/python3/dist-packages/setuptools/command/install.py:34: SetuptoolsDeprecationWarning: setup.py install is deprecated. Use build and pip and other standards-based tools.
[8.528s]   warnings.warn(
[8.529s] running install_lib
[8.534s] copying /home/pi/KSARMecanum/build/motor_control_node/build/lib/motor_control_node/motor_control.py -> /home/pi/KSARMecanum/install/motor_control_node/lib/python3.10/site-packages/motor_control_node
[8.538s] byte-compiling /home/pi/KSARMecanum/install/motor_control_node/lib/python3.10/site-packages/motor_control_node/motor_control.py to motor_control.cpython-310.pyc
[8.542s] running install_data
[8.545s] running install_egg_info
[8.556s] removing '/home/pi/KSARMecanum/install/motor_control_node/lib/python3.10/site-packages/motor_control_node-0.0.0-py3.10.egg-info' (and everything under it)
[8.559s] Copying ../../build/motor_control_node/motor_control_node.egg-info to /home/pi/KSARMecanum/install/motor_control_node/lib/python3.10/site-packages/motor_control_node-0.0.0-py3.10.egg-info
[8.568s] running install_scripts
[8.757s] Installing motor_control script to /home/pi/KSARMecanum/install/motor_control_node/lib/motor_control_node
[8.761s] writing list of installed files to '/home/pi/KSARMecanum/build/motor_control_node/install.log'
[9.085s] Invoked command in '/home/pi/KSARMecanum/src/motor_control_node' returned '0': PYTHONPATH=/home/pi/KSARMecanum/build/motor_control_node/prefix_override:/home/pi/KSARMecanum/install/motor_control_node/lib/python3.10/site-packages:${PYTHONPATH} /usr/bin/python3 setup.py egg_info --egg-base ../../build/motor_control_node build --build-base /home/pi/KSARMecanum/build/motor_control_node/build install --record /home/pi/KSARMecanum/build/motor_control_node/install.log --single-version-externally-managed
