[2.030s] Invoking command in '/home/anton/KSARMecanum/src/opencv_pub': PYTHONPATH=/home/anton/KSARMecanum/build/opencv_pub/prefix_override:/home/anton/KSARMecanum/install/opencv_pub/lib/python3.10/site-packages:${PYTHONPATH} /usr/bin/python3 setup.py egg_info --egg-base ../../build/opencv_pub build --build-base /home/anton/KSARMecanum/build/opencv_pub/build install --record /home/anton/KSARMecanum/build/opencv_pub/install.log --single-version-externally-managed
[2.348s] running egg_info
[2.361s] creating ../../build/opencv_pub/opencv_pub.egg-info
[2.361s] /usr/lib/python3/dist-packages/setuptools/command/install.py:34: SetuptoolsDeprecationWarning: setup.py install is deprecated. Use build and pip and other standards-based tools.
[2.361s]   warnings.warn(
[2.362s] writing ../../build/opencv_pub/opencv_pub.egg-info/PKG-INFO
[2.362s] writing dependency_links to ../../build/opencv_pub/opencv_pub.egg-info/dependency_links.txt
[2.362s] writing entry points to ../../build/opencv_pub/opencv_pub.egg-info/entry_points.txt
[2.362s] writing requirements to ../../build/opencv_pub/opencv_pub.egg-info/requires.txt
[2.362s] writing top-level names to ../../build/opencv_pub/opencv_pub.egg-info/top_level.txt
[2.363s] writing manifest file '../../build/opencv_pub/opencv_pub.egg-info/SOURCES.txt'
[2.363s] reading manifest file '../../build/opencv_pub/opencv_pub.egg-info/SOURCES.txt'
[2.363s] writing manifest file '../../build/opencv_pub/opencv_pub.egg-info/SOURCES.txt'
[2.363s] running build
[2.363s] running build_py
[2.363s] creating /home/anton/KSARMecanum/build/opencv_pub/build
[2.363s] creating /home/anton/KSARMecanum/build/opencv_pub/build/lib
[2.364s] creating /home/anton/KSARMecanum/build/opencv_pub/build/lib/opencv_pub
[2.364s] copying opencv_pub/__init__.py -> /home/anton/KSARMecanum/build/opencv_pub/build/lib/opencv_pub
[2.364s] copying opencv_pub/camera_vision_publisher.py -> /home/anton/KSARMecanum/build/opencv_pub/build/lib/opencv_pub
[2.364s] running install
[2.364s] running install_lib
[2.368s] creating /home/anton/KSARMecanum/install/opencv_pub/lib/python3.10/site-packages/opencv_pub
[2.368s] copying /home/anton/KSARMecanum/build/opencv_pub/build/lib/opencv_pub/__init__.py -> /home/anton/KSARMecanum/install/opencv_pub/lib/python3.10/site-packages/opencv_pub
[2.369s] copying /home/anton/KSARMecanum/build/opencv_pub/build/lib/opencv_pub/camera_vision_publisher.py -> /home/anton/KSARMecanum/install/opencv_pub/lib/python3.10/site-packages/opencv_pub
[2.370s] byte-compiling /home/anton/KSARMecanum/install/opencv_pub/lib/python3.10/site-packages/opencv_pub/__init__.py to __init__.cpython-310.pyc
[2.370s] byte-compiling /home/anton/KSARMecanum/install/opencv_pub/lib/python3.10/site-packages/opencv_pub/camera_vision_publisher.py to camera_vision_publisher.cpython-310.pyc
[2.370s] running install_data
[2.371s] creating /home/anton/KSARMecanum/install/opencv_pub/share/ament_index
[2.371s] creating /home/anton/KSARMecanum/install/opencv_pub/share/ament_index/resource_index
[2.371s] creating /home/anton/KSARMecanum/install/opencv_pub/share/ament_index/resource_index/packages
[2.371s] copying resource/opencv_pub -> /home/anton/KSARMecanum/install/opencv_pub/share/ament_index/resource_index/packages
[2.372s] copying package.xml -> /home/anton/KSARMecanum/install/opencv_pub/share/opencv_pub
[2.372s] running install_egg_info
[2.375s] Copying ../../build/opencv_pub/opencv_pub.egg-info to /home/anton/KSARMecanum/install/opencv_pub/lib/python3.10/site-packages/opencv_pub-0.0.0-py3.10.egg-info
[2.379s] running install_scripts
[2.387s] Installing CAM script to /home/anton/KSARMecanum/install/opencv_pub/lib/opencv_pub
[2.387s] writing list of installed files to '/home/anton/KSARMecanum/build/opencv_pub/install.log'
[2.442s] Invoked command in '/home/anton/KSARMecanum/src/opencv_pub' returned '0': PYTHONPATH=/home/anton/KSARMecanum/build/opencv_pub/prefix_override:/home/anton/KSARMecanum/install/opencv_pub/lib/python3.10/site-packages:${PYTHONPATH} /usr/bin/python3 setup.py egg_info --egg-base ../../build/opencv_pub build --build-base /home/anton/KSARMecanum/build/opencv_pub/build install --record /home/anton/KSARMecanum/build/opencv_pub/install.log --single-version-externally-managed
