running egg_info
creating ../../build/led_control_sub/led_control_sub.egg-info
writing ../../build/led_control_sub/led_control_sub.egg-info/PKG-INFO
writing dependency_links to ../../build/led_control_sub/led_control_sub.egg-info/dependency_links.txt
writing entry points to ../../build/led_control_sub/led_control_sub.egg-info/entry_points.txt
writing requirements to ../../build/led_control_sub/led_control_sub.egg-info/requires.txt
writing top-level names to ../../build/led_control_sub/led_control_sub.egg-info/top_level.txt
writing manifest file '../../build/led_control_sub/led_control_sub.egg-info/SOURCES.txt'
reading manifest file '../../build/led_control_sub/led_control_sub.egg-info/SOURCES.txt'
writing manifest file '../../build/led_control_sub/led_control_sub.egg-info/SOURCES.txt'
running build
running build_py
creating /home/anton/KSARMecanum/build/led_control_sub/build
creating /home/anton/KSARMecanum/build/led_control_sub/build/lib
creating /home/anton/KSARMecanum/build/led_control_sub/build/lib/led_control_sub
copying led_control_sub/__init__.py -> /home/anton/KSARMecanum/build/led_control_sub/build/lib/led_control_sub
copying led_control_sub/led_control_subscriber.py -> /home/anton/KSARMecanum/build/led_control_sub/build/lib/led_control_sub
running install
running install_lib
creating /home/anton/KSARMecanum/install/led_control_sub/lib/python3.10/site-packages/led_control_sub
copying /home/anton/KSARMecanum/build/led_control_sub/build/lib/led_control_sub/__init__.py -> /home/anton/KSARMecanum/install/led_control_sub/lib/python3.10/site-packages/led_control_sub
copying /home/anton/KSARMecanum/build/led_control_sub/build/lib/led_control_sub/led_control_subscriber.py -> /home/anton/KSARMecanum/install/led_control_sub/lib/python3.10/site-packages/led_control_sub
/usr/lib/python3/dist-packages/setuptools/command/install.py:34: SetuptoolsDeprecationWarning: setup.py install is deprecated. Use build and pip and other standards-based tools.
  warnings.warn(
byte-compiling /home/anton/KSARMecanum/install/led_control_sub/lib/python3.10/site-packages/led_control_sub/__init__.py to __init__.cpython-310.pyc
byte-compiling /home/anton/KSARMecanum/install/led_control_sub/lib/python3.10/site-packages/led_control_sub/led_control_subscriber.py to led_control_subscriber.cpython-310.pyc
running install_data
creating /home/anton/KSARMecanum/install/led_control_sub/share/ament_index
creating /home/anton/KSARMecanum/install/led_control_sub/share/ament_index/resource_index
creating /home/anton/KSARMecanum/install/led_control_sub/share/ament_index/resource_index/packages
copying resource/led_control_sub -> /home/anton/KSARMecanum/install/led_control_sub/share/ament_index/resource_index/packages
copying package.xml -> /home/anton/KSARMecanum/install/led_control_sub/share/led_control_sub
running install_egg_info
Copying ../../build/led_control_sub/led_control_sub.egg-info to /home/anton/KSARMecanum/install/led_control_sub/lib/python3.10/site-packages/led_control_sub-0.0.0-py3.10.egg-info
running install_scripts
Installing SUB script to /home/anton/KSARMecanum/install/led_control_sub/lib/led_control_sub
writing list of installed files to '/home/anton/KSARMecanum/build/led_control_sub/install.log'
