[2.056s] Invoking command in '/home/anton/KSARMecanum/src/led_control_sub': PYTHONPATH=/home/anton/KSARMecanum/build/led_control_sub/prefix_override:/home/anton/KSARMecanum/install/led_control_sub/lib/python3.10/site-packages:${PYTHONPATH} /usr/bin/python3 setup.py egg_info --egg-base ../../build/led_control_sub build --build-base /home/anton/KSARMecanum/build/led_control_sub/build install --record /home/anton/KSARMecanum/build/led_control_sub/install.log --single-version-externally-managed
[2.363s] running egg_info
[2.364s] creating ../../build/led_control_sub/led_control_sub.egg-info
[2.364s] writing ../../build/led_control_sub/led_control_sub.egg-info/PKG-INFO
[2.364s] writing dependency_links to ../../build/led_control_sub/led_control_sub.egg-info/dependency_links.txt
[2.365s] writing entry points to ../../build/led_control_sub/led_control_sub.egg-info/entry_points.txt
[2.365s] writing requirements to ../../build/led_control_sub/led_control_sub.egg-info/requires.txt
[2.365s] writing top-level names to ../../build/led_control_sub/led_control_sub.egg-info/top_level.txt
[2.365s] writing manifest file '../../build/led_control_sub/led_control_sub.egg-info/SOURCES.txt'
[2.376s] reading manifest file '../../build/led_control_sub/led_control_sub.egg-info/SOURCES.txt'
[2.376s] writing manifest file '../../build/led_control_sub/led_control_sub.egg-info/SOURCES.txt'
[2.376s] running build
[2.376s] running build_py
[2.377s] creating /home/anton/KSARMecanum/build/led_control_sub/build
[2.377s] creating /home/anton/KSARMecanum/build/led_control_sub/build/lib
[2.377s] creating /home/anton/KSARMecanum/build/led_control_sub/build/lib/led_control_sub
[2.377s] copying led_control_sub/__init__.py -> /home/anton/KSARMecanum/build/led_control_sub/build/lib/led_control_sub
[2.377s] copying led_control_sub/led_control_subscriber.py -> /home/anton/KSARMecanum/build/led_control_sub/build/lib/led_control_sub
[2.378s] running install
[2.378s] running install_lib
[2.378s] creating /home/anton/KSARMecanum/install/led_control_sub/lib/python3.10/site-packages/led_control_sub
[2.378s] copying /home/anton/KSARMecanum/build/led_control_sub/build/lib/led_control_sub/__init__.py -> /home/anton/KSARMecanum/install/led_control_sub/lib/python3.10/site-packages/led_control_sub
[2.379s] copying /home/anton/KSARMecanum/build/led_control_sub/build/lib/led_control_sub/led_control_subscriber.py -> /home/anton/KSARMecanum/install/led_control_sub/lib/python3.10/site-packages/led_control_sub
[2.379s] /usr/lib/python3/dist-packages/setuptools/command/install.py:34: SetuptoolsDeprecationWarning: setup.py install is deprecated. Use build and pip and other standards-based tools.
[2.380s]   warnings.warn(
[2.387s] byte-compiling /home/anton/KSARMecanum/install/led_control_sub/lib/python3.10/site-packages/led_control_sub/__init__.py to __init__.cpython-310.pyc
[2.387s] byte-compiling /home/anton/KSARMecanum/install/led_control_sub/lib/python3.10/site-packages/led_control_sub/led_control_subscriber.py to led_control_subscriber.cpython-310.pyc
[2.387s] running install_data
[2.390s] creating /home/anton/KSARMecanum/install/led_control_sub/share/ament_index
[2.391s] creating /home/anton/KSARMecanum/install/led_control_sub/share/ament_index/resource_index
[2.391s] creating /home/anton/KSARMecanum/install/led_control_sub/share/ament_index/resource_index/packages
[2.391s] copying resource/led_control_sub -> /home/anton/KSARMecanum/install/led_control_sub/share/ament_index/resource_index/packages
[2.391s] copying package.xml -> /home/anton/KSARMecanum/install/led_control_sub/share/led_control_sub
[2.393s] running install_egg_info
[2.397s] Copying ../../build/led_control_sub/led_control_sub.egg-info to /home/anton/KSARMecanum/install/led_control_sub/lib/python3.10/site-packages/led_control_sub-0.0.0-py3.10.egg-info
[2.397s] running install_scripts
[2.414s] Installing SUB script to /home/anton/KSARMecanum/install/led_control_sub/lib/led_control_sub
[2.415s] writing list of installed files to '/home/anton/KSARMecanum/build/led_control_sub/install.log'
[2.472s] Invoked command in '/home/anton/KSARMecanum/src/led_control_sub' returned '0': PYTHONPATH=/home/anton/KSARMecanum/build/led_control_sub/prefix_override:/home/anton/KSARMecanum/install/led_control_sub/lib/python3.10/site-packages:${PYTHONPATH} /usr/bin/python3 setup.py egg_info --egg-base ../../build/led_control_sub build --build-base /home/anton/KSARMecanum/build/led_control_sub/build install --record /home/anton/KSARMecanum/build/led_control_sub/install.log --single-version-externally-managed
