[0.047s] Invoking command in '/home/anton/KSARMecanum/build/LED_control_pub': /usr/bin/cmake /home/anton/KSARMecanum/src/LED_control_pub -DCMAKE_INSTALL_PREFIX=/home/anton/KSARMecanum/install/LED_control_pub
[1.304s] -- The C compiler identification is GNU 11.3.0
[1.305s] -- The CXX compiler identification is GNU 11.3.0
[1.306s] -- Detecting C compiler ABI info
[1.307s] -- Detecting C compiler ABI info - done
[1.311s] -- Check for working C compiler: /usr/bin/cc - skipped
[1.311s] -- Detecting C compile features
[1.312s] -- Detecting C compile features - done
[1.313s] -- Detecting CXX compiler ABI info
[1.313s] -- Detecting CXX compiler ABI info - done
[1.314s] -- Check for working CXX compiler: /usr/bin/c++ - skipped
[1.315s] -- Detecting CXX compile features
[1.318s] -- Detecting CXX compile features - done
[1.319s] -- Configuring incomplete, errors occurred!
[1.320s] See also "/home/anton/KSARMecanum/build/LED_control_pub/CMakeFiles/CMakeOutput.log".
[1.320s] [31mCMake Error at CMakeLists.txt:9 (find_package):
[1.321s]   By not providing "Findament_cmake.cmake" in CMAKE_MODULE_PATH this project
[1.321s]   has asked CMake to find a package configuration file provided by
[1.322s]   "ament_cmake", but CMake did not find one.
[1.326s] 
[1.327s]   Could not find a package configuration file provided by "ament_cmake" with
[1.328s]   any of the following names:
[1.329s] 
[1.331s]     ament_cmakeConfig.cmake
[1.331s]     ament_cmake-config.cmake
[1.332s] 
[1.332s]   Add the installation prefix of "ament_cmake" to CMAKE_PREFIX_PATH or set
[1.333s]   "ament_cmake_DIR" to a directory containing one of the above files.  If
[1.334s]   "ament_cmake" provides a separate development package or SDK, be sure it
[1.334s]   has been installed.
[1.336s] 
[1.337s] [0m
[1.343s] Invoked command in '/home/anton/KSARMecanum/build/LED_control_pub' returned '1': /usr/bin/cmake /home/anton/KSARMecanum/src/LED_control_pub -DCMAKE_INSTALL_PREFIX=/home/anton/KSARMecanum/install/LED_control_pub
