running egg_info
creating ../../build/motor_control_node/motor_control_node.egg-info
writing ../../build/motor_control_node/motor_control_node.egg-info/PKG-INFO
writing dependency_links to ../../build/motor_control_node/motor_control_node.egg-info/dependency_links.txt
writing entry points to ../../build/motor_control_node/motor_control_node.egg-info/entry_points.txt
writing requirements to ../../build/motor_control_node/motor_control_node.egg-info/requires.txt
writing top-level names to ../../build/motor_control_node/motor_control_node.egg-info/top_level.txt
writing manifest file '../../build/motor_control_node/motor_control_node.egg-info/SOURCES.txt'
reading manifest file '../../build/motor_control_node/motor_control_node.egg-info/SOURCES.txt'
writing manifest file '../../build/motor_control_node/motor_control_node.egg-info/SOURCES.txt'
running build
running build_py
creating /home/anton/KSARMecanum/build/motor_control_node/build
creating /home/anton/KSARMecanum/build/motor_control_node/build/lib
creating /home/anton/KSARMecanum/build/motor_control_node/build/lib/motor_control_node
copying motor_control_node/__init__.py -> /home/anton/KSARMecanum/build/motor_control_node/build/lib/motor_control_node
copying motor_control_node/motor_control.py -> /home/anton/KSARMecanum/build/motor_control_node/build/lib/motor_control_node
running install
running install_lib
creating /home/anton/KSARMecanum/install/motor_control_node/lib/python3.10/site-packages/motor_control_node
copying /home/anton/KSARMecanum/build/motor_control_node/build/lib/motor_control_node/__init__.py -> /home/anton/KSARMecanum/install/motor_control_node/lib/python3.10/site-packages/motor_control_node
copying /home/anton/KSARMecanum/build/motor_control_node/build/lib/motor_control_node/motor_control.py -> /home/anton/KSARMecanum/install/motor_control_node/lib/python3.10/site-packages/motor_control_node
byte-compiling /home/anton/KSARMecanum/install/motor_control_node/lib/python3.10/site-packages/motor_control_node/__init__.py to __init__.cpython-310.pyc
byte-compiling /home/anton/KSARMecanum/install/motor_control_node/lib/python3.10/site-packages/motor_control_node/motor_control.py to motor_control.cpython-310.pyc
running install_data
creating /home/anton/KSARMecanum/install/motor_control_node/share/ament_index
creating /home/anton/KSARMecanum/install/motor_control_node/share/ament_index/resource_index
creating /home/anton/KSARMecanum/install/motor_control_node/share/ament_index/resource_index/packages
copying resource/motor_control_node -> /home/anton/KSARMecanum/install/motor_control_node/share/ament_index/resource_index/packages
copying package.xml -> /home/anton/KSARMecanum/install/motor_control_node/share/motor_control_node
copying launch/motor+distance_test.launch.py -> /home/anton/KSARMecanum/install/motor_control_node/share/motor_control_node
running install_egg_info
Copying ../../build/motor_control_node/motor_control_node.egg-info to /home/anton/KSARMecanum/install/motor_control_node/lib/python3.10/site-packages/motor_control_node-0.0.0-py3.10.egg-info
running install_scripts
Installing motor_control script to /home/anton/KSARMecanum/install/motor_control_node/lib/motor_control_node
writing list of installed files to '/home/anton/KSARMecanum/build/motor_control_node/install.log'
