[2.055s] Invoking command in '/home/anton/KSARMecanum/src/aruco_publisher': PYTHONPATH=/home/anton/KSARMecanum/build/aruco_publisher/prefix_override:/home/anton/KSARMecanum/install/aruco_publisher/lib/python3.10/site-packages:${PYTHONPATH} /usr/bin/python3 setup.py egg_info --egg-base ../../build/aruco_publisher build --build-base /home/anton/KSARMecanum/build/aruco_publisher/build install --record /home/anton/KSARMecanum/build/aruco_publisher/install.log --single-version-externally-managed
[2.362s] running egg_info
[2.363s] creating ../../build/aruco_publisher/aruco_publisher.egg-info
[2.363s] writing ../../build/aruco_publisher/aruco_publisher.egg-info/PKG-INFO
[2.363s] writing dependency_links to ../../build/aruco_publisher/aruco_publisher.egg-info/dependency_links.txt
[2.364s] writing entry points to ../../build/aruco_publisher/aruco_publisher.egg-info/entry_points.txt
[2.364s] writing requirements to ../../build/aruco_publisher/aruco_publisher.egg-info/requires.txt
[2.364s] writing top-level names to ../../build/aruco_publisher/aruco_publisher.egg-info/top_level.txt
[2.364s] writing manifest file '../../build/aruco_publisher/aruco_publisher.egg-info/SOURCES.txt'
[2.366s] reading manifest file '../../build/aruco_publisher/aruco_publisher.egg-info/SOURCES.txt'
[2.367s] writing manifest file '../../build/aruco_publisher/aruco_publisher.egg-info/SOURCES.txt'
[2.368s] running build
[2.368s] running build_py
[2.368s] creating /home/anton/KSARMecanum/build/aruco_publisher/build
[2.368s] creating /home/anton/KSARMecanum/build/aruco_publisher/build/lib
[2.369s] creating /home/anton/KSARMecanum/build/aruco_publisher/build/lib/aruco_publisher
[2.369s] copying aruco_publisher/__init__.py -> /home/anton/KSARMecanum/build/aruco_publisher/build/lib/aruco_publisher
[2.369s] copying aruco_publisher/aruco_detector.py -> /home/anton/KSARMecanum/build/aruco_publisher/build/lib/aruco_publisher
[2.369s] running install
[2.369s] /usr/lib/python3/dist-packages/setuptools/command/install.py:34: SetuptoolsDeprecationWarning: setup.py install is deprecated. Use build and pip and other standards-based tools.
[2.369s]   warnings.warn(
[2.370s] running install_lib
[2.370s] creating /home/anton/KSARMecanum/install/aruco_publisher/lib/python3.10/site-packages/aruco_publisher
[2.370s] copying /home/anton/KSARMecanum/build/aruco_publisher/build/lib/aruco_publisher/__init__.py -> /home/anton/KSARMecanum/install/aruco_publisher/lib/python3.10/site-packages/aruco_publisher
[2.370s] copying /home/anton/KSARMecanum/build/aruco_publisher/build/lib/aruco_publisher/aruco_detector.py -> /home/anton/KSARMecanum/install/aruco_publisher/lib/python3.10/site-packages/aruco_publisher
[2.371s] byte-compiling /home/anton/KSARMecanum/install/aruco_publisher/lib/python3.10/site-packages/aruco_publisher/__init__.py to __init__.cpython-310.pyc
[2.372s] byte-compiling /home/anton/KSARMecanum/install/aruco_publisher/lib/python3.10/site-packages/aruco_publisher/aruco_detector.py to aruco_detector.cpython-310.pyc
[2.373s] running install_data
[2.374s] creating /home/anton/KSARMecanum/install/aruco_publisher/share/ament_index
[2.374s] creating /home/anton/KSARMecanum/install/aruco_publisher/share/ament_index/resource_index
[2.374s] creating /home/anton/KSARMecanum/install/aruco_publisher/share/ament_index/resource_index/packages
[2.374s] copying resource/aruco_publisher -> /home/anton/KSARMecanum/install/aruco_publisher/share/ament_index/resource_index/packages
[2.375s] copying package.xml -> /home/anton/KSARMecanum/install/aruco_publisher/share/aruco_publisher
[2.375s] running install_egg_info
[2.376s] Copying ../../build/aruco_publisher/aruco_publisher.egg-info to /home/anton/KSARMecanum/install/aruco_publisher/lib/python3.10/site-packages/aruco_publisher-0.0.0-py3.10.egg-info
[2.377s] running install_scripts
[2.416s] Installing ARUCO script to /home/anton/KSARMecanum/install/aruco_publisher/lib/aruco_publisher
[2.416s] writing list of installed files to '/home/anton/KSARMecanum/build/aruco_publisher/install.log'
[2.432s] Invoked command in '/home/anton/KSARMecanum/src/aruco_publisher' returned '0': PYTHONPATH=/home/anton/KSARMecanum/build/aruco_publisher/prefix_override:/home/anton/KSARMecanum/install/aruco_publisher/lib/python3.10/site-packages:${PYTHONPATH} /usr/bin/python3 setup.py egg_info --egg-base ../../build/aruco_publisher build --build-base /home/anton/KSARMecanum/build/aruco_publisher/build install --record /home/anton/KSARMecanum/build/aruco_publisher/install.log --single-version-externally-managed
