[1.344s] DEBUG:colcon:Command line arguments: ['/usr/bin/colcon', 'build']
[1.344s] DEBUG:colcon:Parsed command line arguments: Namespace(log_base=None, log_level=None, verb_name='build', build_base='build', install_base='install', merge_install=False, symlink_install=False, test_result_base=None, continue_on_error=False, executor='parallel', parallel_workers=4, event_handlers=None, ignore_user_meta=False, metas=['./colcon.meta'], base_paths=['.'], packages_ignore=None, packages_ignore_regex=None, paths=None, packages_up_to=None, packages_up_to_regex=None, packages_above=None, packages_above_and_dependencies=None, packages_above_depth=None, packages_select_by_dep=None, packages_skip_by_dep=None, packages_skip_up_to=None, packages_select_build_failed=False, packages_skip_build_finished=False, packages_select_test_failures=False, packages_skip_test_passed=False, packages_select=None, packages_skip=None, packages_select_regex=None, packages_skip_regex=None, packages_start=None, packages_end=None, allow_overriding=[], cmake_args=None, cmake_target=None, cmake_target_skip_unavailable=False, cmake_clean_cache=False, cmake_clean_first=False, cmake_force_configure=False, ament_cmake_args=None, catkin_cmake_args=None, catkin_skip_building_tests=False, verb_parser=<colcon_defaults.argument_parser.defaults.DefaultArgumentsDecorator object at 0xffffb62ea080>, verb_extension=<colcon_core.verb.build.BuildVerb object at 0xffffb6babf10>, main=<bound method BuildVerb.main of <colcon_core.verb.build.BuildVerb object at 0xffffb6babf10>>)
[1.477s] Level 1:colcon.colcon_core.package_discovery:discover_packages(colcon_meta) check parameters
[1.477s] Level 1:colcon.colcon_core.package_discovery:discover_packages(recursive) check parameters
[1.477s] Level 1:colcon.colcon_core.package_discovery:discover_packages(ignore) check parameters
[1.477s] Level 1:colcon.colcon_core.package_discovery:discover_packages(path) check parameters
[1.477s] Level 1:colcon.colcon_core.package_discovery:discover_packages(colcon_meta) discover
[1.478s] Level 1:colcon.colcon_core.package_discovery:discover_packages(recursive) discover
[1.478s] INFO:colcon.colcon_core.package_discovery:Crawling recursively for packages in '/home/pi/KSARMecanum'
[1.478s] Level 1:colcon.colcon_core.package_identification:_identify(.) by extensions ['ignore', 'ignore_ament_install']
[1.478s] Level 1:colcon.colcon_core.package_identification:_identify(.) by extension 'ignore'
[1.479s] Level 1:colcon.colcon_core.package_identification:_identify(.) by extension 'ignore_ament_install'
[1.479s] Level 1:colcon.colcon_core.package_identification:_identify(.) by extensions ['colcon_pkg']
[1.479s] Level 1:colcon.colcon_core.package_identification:_identify(.) by extension 'colcon_pkg'
[1.479s] Level 1:colcon.colcon_core.package_identification:_identify(.) by extensions ['colcon_meta']
[1.479s] Level 1:colcon.colcon_core.package_identification:_identify(.) by extension 'colcon_meta'
[1.479s] Level 1:colcon.colcon_core.package_identification:_identify(.) by extensions ['ros']
[1.480s] Level 1:colcon.colcon_core.package_identification:_identify(.) by extension 'ros'
[1.525s] Level 1:colcon.colcon_core.package_identification:_identify(.) by extensions ['cmake', 'python']
[1.526s] Level 1:colcon.colcon_core.package_identification:_identify(.) by extension 'cmake'
[1.526s] Level 1:colcon.colcon_core.package_identification:_identify(.) by extension 'python'
[1.526s] Level 1:colcon.colcon_core.package_identification:_identify(.) by extensions ['python_setup_py']
[1.526s] Level 1:colcon.colcon_core.package_identification:_identify(.) by extension 'python_setup_py'
[1.527s] Level 1:colcon.colcon_core.package_identification:_identify(build) by extensions ['ignore', 'ignore_ament_install']
[1.527s] Level 1:colcon.colcon_core.package_identification:_identify(build) by extension 'ignore'
[1.527s] Level 1:colcon.colcon_core.package_identification:_identify(build) ignored
[1.528s] Level 1:colcon.colcon_core.package_identification:_identify(install) by extensions ['ignore', 'ignore_ament_install']
[1.528s] Level 1:colcon.colcon_core.package_identification:_identify(install) by extension 'ignore'
[1.528s] Level 1:colcon.colcon_core.package_identification:_identify(install) ignored
[1.529s] Level 1:colcon.colcon_core.package_identification:_identify(log) by extensions ['ignore', 'ignore_ament_install']
[1.529s] Level 1:colcon.colcon_core.package_identification:_identify(log) by extension 'ignore'
[1.529s] Level 1:colcon.colcon_core.package_identification:_identify(log) ignored
[1.530s] Level 1:colcon.colcon_core.package_identification:_identify(src) by extensions ['ignore', 'ignore_ament_install']
[1.530s] Level 1:colcon.colcon_core.package_identification:_identify(src) by extension 'ignore'
[1.530s] Level 1:colcon.colcon_core.package_identification:_identify(src) by extension 'ignore_ament_install'
[1.530s] Level 1:colcon.colcon_core.package_identification:_identify(src) by extensions ['colcon_pkg']
[1.530s] Level 1:colcon.colcon_core.package_identification:_identify(src) by extension 'colcon_pkg'
[1.530s] Level 1:colcon.colcon_core.package_identification:_identify(src) by extensions ['colcon_meta']
[1.531s] Level 1:colcon.colcon_core.package_identification:_identify(src) by extension 'colcon_meta'
[1.531s] Level 1:colcon.colcon_core.package_identification:_identify(src) by extensions ['ros']
[1.531s] Level 1:colcon.colcon_core.package_identification:_identify(src) by extension 'ros'
[1.531s] Level 1:colcon.colcon_core.package_identification:_identify(src) by extensions ['cmake', 'python']
[1.531s] Level 1:colcon.colcon_core.package_identification:_identify(src) by extension 'cmake'
[1.531s] Level 1:colcon.colcon_core.package_identification:_identify(src) by extension 'python'
[1.532s] Level 1:colcon.colcon_core.package_identification:_identify(src) by extensions ['python_setup_py']
[1.532s] Level 1:colcon.colcon_core.package_identification:_identify(src) by extension 'python_setup_py'
[1.532s] Level 1:colcon.colcon_core.package_identification:_identify(src/aruco_publisher) by extensions ['ignore', 'ignore_ament_install']
[1.532s] Level 1:colcon.colcon_core.package_identification:_identify(src/aruco_publisher) by extension 'ignore'
[1.533s] Level 1:colcon.colcon_core.package_identification:_identify(src/aruco_publisher) by extension 'ignore_ament_install'
[1.533s] Level 1:colcon.colcon_core.package_identification:_identify(src/aruco_publisher) by extensions ['colcon_pkg']
[1.533s] Level 1:colcon.colcon_core.package_identification:_identify(src/aruco_publisher) by extension 'colcon_pkg'
[1.533s] Level 1:colcon.colcon_core.package_identification:_identify(src/aruco_publisher) by extensions ['colcon_meta']
[1.533s] Level 1:colcon.colcon_core.package_identification:_identify(src/aruco_publisher) by extension 'colcon_meta'
[1.533s] Level 1:colcon.colcon_core.package_identification:_identify(src/aruco_publisher) by extensions ['ros']
[1.534s] Level 1:colcon.colcon_core.package_identification:_identify(src/aruco_publisher) by extension 'ros'
[1.543s] DEBUG:colcon.colcon_core.package_identification:Package 'src/aruco_publisher' with type 'ros.ament_python' and name 'aruco_publisher'
[1.543s] Level 1:colcon.colcon_core.package_identification:_identify(src/distance_node) by extensions ['ignore', 'ignore_ament_install']
[1.544s] Level 1:colcon.colcon_core.package_identification:_identify(src/distance_node) by extension 'ignore'
[1.544s] Level 1:colcon.colcon_core.package_identification:_identify(src/distance_node) by extension 'ignore_ament_install'
[1.544s] Level 1:colcon.colcon_core.package_identification:_identify(src/distance_node) by extensions ['colcon_pkg']
[1.544s] Level 1:colcon.colcon_core.package_identification:_identify(src/distance_node) by extension 'colcon_pkg'
[1.544s] Level 1:colcon.colcon_core.package_identification:_identify(src/distance_node) by extensions ['colcon_meta']
[1.544s] Level 1:colcon.colcon_core.package_identification:_identify(src/distance_node) by extension 'colcon_meta'
[1.545s] Level 1:colcon.colcon_core.package_identification:_identify(src/distance_node) by extensions ['ros']
[1.545s] Level 1:colcon.colcon_core.package_identification:_identify(src/distance_node) by extension 'ros'
[1.547s] DEBUG:colcon.colcon_core.package_identification:Package 'src/distance_node' with type 'ros.ament_python' and name 'distance_node'
[1.547s] Level 1:colcon.colcon_core.package_identification:_identify(src/main_package_robot) by extensions ['ignore', 'ignore_ament_install']
[1.548s] Level 1:colcon.colcon_core.package_identification:_identify(src/main_package_robot) by extension 'ignore'
[1.548s] Level 1:colcon.colcon_core.package_identification:_identify(src/main_package_robot) by extension 'ignore_ament_install'
[1.548s] Level 1:colcon.colcon_core.package_identification:_identify(src/main_package_robot) by extensions ['colcon_pkg']
[1.548s] Level 1:colcon.colcon_core.package_identification:_identify(src/main_package_robot) by extension 'colcon_pkg'
[1.548s] Level 1:colcon.colcon_core.package_identification:_identify(src/main_package_robot) by extensions ['colcon_meta']
[1.548s] Level 1:colcon.colcon_core.package_identification:_identify(src/main_package_robot) by extension 'colcon_meta'
[1.549s] Level 1:colcon.colcon_core.package_identification:_identify(src/main_package_robot) by extensions ['ros']
[1.549s] Level 1:colcon.colcon_core.package_identification:_identify(src/main_package_robot) by extension 'ros'
[1.551s] DEBUG:colcon.colcon_core.package_identification:Package 'src/main_package_robot' with type 'ros.ament_python' and name 'main_package_robot'
[1.552s] Level 1:colcon.colcon_core.package_identification:_identify(src/motor_control_node) by extensions ['ignore', 'ignore_ament_install']
[1.552s] Level 1:colcon.colcon_core.package_identification:_identify(src/motor_control_node) by extension 'ignore'
[1.552s] Level 1:colcon.colcon_core.package_identification:_identify(src/motor_control_node) by extension 'ignore_ament_install'
[1.552s] Level 1:colcon.colcon_core.package_identification:_identify(src/motor_control_node) by extensions ['colcon_pkg']
[1.553s] Level 1:colcon.colcon_core.package_identification:_identify(src/motor_control_node) by extension 'colcon_pkg'
[1.553s] Level 1:colcon.colcon_core.package_identification:_identify(src/motor_control_node) by extensions ['colcon_meta']
[1.553s] Level 1:colcon.colcon_core.package_identification:_identify(src/motor_control_node) by extension 'colcon_meta'
[1.553s] Level 1:colcon.colcon_core.package_identification:_identify(src/motor_control_node) by extensions ['ros']
[1.553s] Level 1:colcon.colcon_core.package_identification:_identify(src/motor_control_node) by extension 'ros'
[1.555s] DEBUG:colcon.colcon_core.package_identification:Package 'src/motor_control_node' with type 'ros.ament_python' and name 'motor_control_node'
[1.556s] Level 1:colcon.colcon_core.package_identification:_identify(src/opencv_pub) by extensions ['ignore', 'ignore_ament_install']
[1.556s] Level 1:colcon.colcon_core.package_identification:_identify(src/opencv_pub) by extension 'ignore'
[1.556s] Level 1:colcon.colcon_core.package_identification:_identify(src/opencv_pub) by extension 'ignore_ament_install'
[1.557s] Level 1:colcon.colcon_core.package_identification:_identify(src/opencv_pub) by extensions ['colcon_pkg']
[1.557s] Level 1:colcon.colcon_core.package_identification:_identify(src/opencv_pub) by extension 'colcon_pkg'
[1.557s] Level 1:colcon.colcon_core.package_identification:_identify(src/opencv_pub) by extensions ['colcon_meta']
[1.557s] Level 1:colcon.colcon_core.package_identification:_identify(src/opencv_pub) by extension 'colcon_meta'
[1.557s] Level 1:colcon.colcon_core.package_identification:_identify(src/opencv_pub) by extensions ['ros']
[1.557s] Level 1:colcon.colcon_core.package_identification:_identify(src/opencv_pub) by extension 'ros'
[1.560s] DEBUG:colcon.colcon_core.package_identification:Package 'src/opencv_pub' with type 'ros.ament_python' and name 'opencv_pub'
[1.560s] Level 1:colcon.colcon_core.package_discovery:discover_packages(recursive) using defaults
[1.560s] Level 1:colcon.colcon_core.package_discovery:discover_packages(ignore) discover
[1.561s] Level 1:colcon.colcon_core.package_discovery:discover_packages(ignore) using defaults
[1.561s] Level 1:colcon.colcon_core.package_discovery:discover_packages(path) discover
[1.561s] Level 1:colcon.colcon_core.package_discovery:discover_packages(path) using defaults
[1.651s] Level 1:colcon.colcon_core.package_discovery:discover_packages(prefix_path) check parameters
[1.651s] Level 1:colcon.colcon_core.package_discovery:discover_packages(prefix_path) discover
[1.664s] DEBUG:colcon.colcon_installed_package_information.package_discovery:Found 5 installed packages in /home/pi/KSARMecanum/install
[1.674s] DEBUG:colcon.colcon_installed_package_information.package_discovery:Found 270 installed packages in /opt/ros/humble
[1.684s] Level 1:colcon.colcon_core.package_discovery:discover_packages(prefix_path) using defaults
[1.930s] Level 5:colcon.colcon_core.verb:set package 'aruco_publisher' build argument 'cmake_args' from command line to 'None'
[1.930s] Level 5:colcon.colcon_core.verb:set package 'aruco_publisher' build argument 'cmake_target' from command line to 'None'
[1.930s] Level 5:colcon.colcon_core.verb:set package 'aruco_publisher' build argument 'cmake_target_skip_unavailable' from command line to 'False'
[1.930s] Level 5:colcon.colcon_core.verb:set package 'aruco_publisher' build argument 'cmake_clean_cache' from command line to 'False'
[1.930s] Level 5:colcon.colcon_core.verb:set package 'aruco_publisher' build argument 'cmake_clean_first' from command line to 'False'
[1.930s] Level 5:colcon.colcon_core.verb:set package 'aruco_publisher' build argument 'cmake_force_configure' from command line to 'False'
[1.931s] Level 5:colcon.colcon_core.verb:set package 'aruco_publisher' build argument 'ament_cmake_args' from command line to 'None'
[1.931s] Level 5:colcon.colcon_core.verb:set package 'aruco_publisher' build argument 'catkin_cmake_args' from command line to 'None'
[1.931s] Level 5:colcon.colcon_core.verb:set package 'aruco_publisher' build argument 'catkin_skip_building_tests' from command line to 'False'
[1.931s] DEBUG:colcon.colcon_core.verb:Building package 'aruco_publisher' with the following arguments: {'ament_cmake_args': None, 'build_base': '/home/pi/KSARMecanum/build/aruco_publisher', 'catkin_cmake_args': None, 'catkin_skip_building_tests': False, 'cmake_args': None, 'cmake_clean_cache': False, 'cmake_clean_first': False, 'cmake_force_configure': False, 'cmake_target': None, 'cmake_target_skip_unavailable': False, 'install_base': '/home/pi/KSARMecanum/install/aruco_publisher', 'merge_install': False, 'path': '/home/pi/KSARMecanum/src/aruco_publisher', 'symlink_install': False, 'test_result_base': None}
[1.935s] Level 5:colcon.colcon_core.verb:set package 'distance_node' build argument 'cmake_args' from command line to 'None'
[1.935s] Level 5:colcon.colcon_core.verb:set package 'distance_node' build argument 'cmake_target' from command line to 'None'
[1.935s] Level 5:colcon.colcon_core.verb:set package 'distance_node' build argument 'cmake_target_skip_unavailable' from command line to 'False'
[1.935s] Level 5:colcon.colcon_core.verb:set package 'distance_node' build argument 'cmake_clean_cache' from command line to 'False'
[1.935s] Level 5:colcon.colcon_core.verb:set package 'distance_node' build argument 'cmake_clean_first' from command line to 'False'
[1.935s] Level 5:colcon.colcon_core.verb:set package 'distance_node' build argument 'cmake_force_configure' from command line to 'False'
[1.935s] Level 5:colcon.colcon_core.verb:set package 'distance_node' build argument 'ament_cmake_args' from command line to 'None'
[1.936s] Level 5:colcon.colcon_core.verb:set package 'distance_node' build argument 'catkin_cmake_args' from command line to 'None'
[1.936s] Level 5:colcon.colcon_core.verb:set package 'distance_node' build argument 'catkin_skip_building_tests' from command line to 'False'
[1.936s] DEBUG:colcon.colcon_core.verb:Building package 'distance_node' with the following arguments: {'ament_cmake_args': None, 'build_base': '/home/pi/KSARMecanum/build/distance_node', 'catkin_cmake_args': None, 'catkin_skip_building_tests': False, 'cmake_args': None, 'cmake_clean_cache': False, 'cmake_clean_first': False, 'cmake_force_configure': False, 'cmake_target': None, 'cmake_target_skip_unavailable': False, 'install_base': '/home/pi/KSARMecanum/install/distance_node', 'merge_install': False, 'path': '/home/pi/KSARMecanum/src/distance_node', 'symlink_install': False, 'test_result_base': None}
[1.940s] Level 5:colcon.colcon_core.verb:set package 'main_package_robot' build argument 'cmake_args' from command line to 'None'
[1.940s] Level 5:colcon.colcon_core.verb:set package 'main_package_robot' build argument 'cmake_target' from command line to 'None'
[1.940s] Level 5:colcon.colcon_core.verb:set package 'main_package_robot' build argument 'cmake_target_skip_unavailable' from command line to 'False'
[1.940s] Level 5:colcon.colcon_core.verb:set package 'main_package_robot' build argument 'cmake_clean_cache' from command line to 'False'
[1.940s] Level 5:colcon.colcon_core.verb:set package 'main_package_robot' build argument 'cmake_clean_first' from command line to 'False'
[1.940s] Level 5:colcon.colcon_core.verb:set package 'main_package_robot' build argument 'cmake_force_configure' from command line to 'False'
[1.940s] Level 5:colcon.colcon_core.verb:set package 'main_package_robot' build argument 'ament_cmake_args' from command line to 'None'
[1.940s] Level 5:colcon.colcon_core.verb:set package 'main_package_robot' build argument 'catkin_cmake_args' from command line to 'None'
[1.941s] Level 5:colcon.colcon_core.verb:set package 'main_package_robot' build argument 'catkin_skip_building_tests' from command line to 'False'
[1.941s] DEBUG:colcon.colcon_core.verb:Building package 'main_package_robot' with the following arguments: {'ament_cmake_args': None, 'build_base': '/home/pi/KSARMecanum/build/main_package_robot', 'catkin_cmake_args': None, 'catkin_skip_building_tests': False, 'cmake_args': None, 'cmake_clean_cache': False, 'cmake_clean_first': False, 'cmake_force_configure': False, 'cmake_target': None, 'cmake_target_skip_unavailable': False, 'install_base': '/home/pi/KSARMecanum/install/main_package_robot', 'merge_install': False, 'path': '/home/pi/KSARMecanum/src/main_package_robot', 'symlink_install': False, 'test_result_base': None}
[1.945s] Level 5:colcon.colcon_core.verb:set package 'motor_control_node' build argument 'cmake_args' from command line to 'None'
[1.945s] Level 5:colcon.colcon_core.verb:set package 'motor_control_node' build argument 'cmake_target' from command line to 'None'
[1.945s] Level 5:colcon.colcon_core.verb:set package 'motor_control_node' build argument 'cmake_target_skip_unavailable' from command line to 'False'
[1.945s] Level 5:colcon.colcon_core.verb:set package 'motor_control_node' build argument 'cmake_clean_cache' from command line to 'False'
[1.945s] Level 5:colcon.colcon_core.verb:set package 'motor_control_node' build argument 'cmake_clean_first' from command line to 'False'
[1.945s] Level 5:colcon.colcon_core.verb:set package 'motor_control_node' build argument 'cmake_force_configure' from command line to 'False'
[1.945s] Level 5:colcon.colcon_core.verb:set package 'motor_control_node' build argument 'ament_cmake_args' from command line to 'None'
[1.945s] Level 5:colcon.colcon_core.verb:set package 'motor_control_node' build argument 'catkin_cmake_args' from command line to 'None'
[1.945s] Level 5:colcon.colcon_core.verb:set package 'motor_control_node' build argument 'catkin_skip_building_tests' from command line to 'False'
[1.946s] DEBUG:colcon.colcon_core.verb:Building package 'motor_control_node' with the following arguments: {'ament_cmake_args': None, 'build_base': '/home/pi/KSARMecanum/build/motor_control_node', 'catkin_cmake_args': None, 'catkin_skip_building_tests': False, 'cmake_args': None, 'cmake_clean_cache': False, 'cmake_clean_first': False, 'cmake_force_configure': False, 'cmake_target': None, 'cmake_target_skip_unavailable': False, 'install_base': '/home/pi/KSARMecanum/install/motor_control_node', 'merge_install': False, 'path': '/home/pi/KSARMecanum/src/motor_control_node', 'symlink_install': False, 'test_result_base': None}
[1.949s] Level 5:colcon.colcon_core.verb:set package 'opencv_pub' build argument 'cmake_args' from command line to 'None'
[1.950s] Level 5:colcon.colcon_core.verb:set package 'opencv_pub' build argument 'cmake_target' from command line to 'None'
[1.950s] Level 5:colcon.colcon_core.verb:set package 'opencv_pub' build argument 'cmake_target_skip_unavailable' from command line to 'False'
[1.950s] Level 5:colcon.colcon_core.verb:set package 'opencv_pub' build argument 'cmake_clean_cache' from command line to 'False'
[1.950s] Level 5:colcon.colcon_core.verb:set package 'opencv_pub' build argument 'cmake_clean_first' from command line to 'False'
[1.950s] Level 5:colcon.colcon_core.verb:set package 'opencv_pub' build argument 'cmake_force_configure' from command line to 'False'
[1.950s] Level 5:colcon.colcon_core.verb:set package 'opencv_pub' build argument 'ament_cmake_args' from command line to 'None'
[1.950s] Level 5:colcon.colcon_core.verb:set package 'opencv_pub' build argument 'catkin_cmake_args' from command line to 'None'
[1.950s] Level 5:colcon.colcon_core.verb:set package 'opencv_pub' build argument 'catkin_skip_building_tests' from command line to 'False'
[1.950s] DEBUG:colcon.colcon_core.verb:Building package 'opencv_pub' with the following arguments: {'ament_cmake_args': None, 'build_base': '/home/pi/KSARMecanum/build/opencv_pub', 'catkin_cmake_args': None, 'catkin_skip_building_tests': False, 'cmake_args': None, 'cmake_clean_cache': False, 'cmake_clean_first': False, 'cmake_force_configure': False, 'cmake_target': None, 'cmake_target_skip_unavailable': False, 'install_base': '/home/pi/KSARMecanum/install/opencv_pub', 'merge_install': False, 'path': '/home/pi/KSARMecanum/src/opencv_pub', 'symlink_install': False, 'test_result_base': None}
[1.953s] INFO:colcon.colcon_core.executor:Executing jobs using 'parallel' executor
[1.964s] DEBUG:colcon.colcon_parallel_executor.executor.parallel:run_until_complete
[1.965s] INFO:colcon.colcon_ros.task.ament_python.build:Building ROS package in '/home/pi/KSARMecanum/src/aruco_publisher' with build type 'ament_python'
[1.966s] Level 1:colcon.colcon_core.shell:create_environment_hook('aruco_publisher', 'ament_prefix_path')
[1.984s] INFO:colcon.colcon_core.plugin_system:Skipping extension 'colcon_core.shell.bat': Not used on non-Windows systems
[1.985s] INFO:colcon.colcon_core.shell:Creating environment hook '/home/pi/KSARMecanum/install/aruco_publisher/share/aruco_publisher/hook/ament_prefix_path.ps1'
[1.987s] INFO:colcon.colcon_core.shell:Creating environment descriptor '/home/pi/KSARMecanum/install/aruco_publisher/share/aruco_publisher/hook/ament_prefix_path.dsv'
[1.989s] INFO:colcon.colcon_core.shell:Creating environment hook '/home/pi/KSARMecanum/install/aruco_publisher/share/aruco_publisher/hook/ament_prefix_path.sh'
[1.997s] INFO:colcon.colcon_core.shell:Skip shell extension 'powershell' for command environment: Not usable outside of PowerShell
[1.997s] DEBUG:colcon.colcon_core.shell:Skip shell extension 'dsv' for command environment
[2.020s] INFO:colcon.colcon_ros.task.ament_python.build:Building ROS package in '/home/pi/KSARMecanum/src/distance_node' with build type 'ament_python'
[2.021s] Level 1:colcon.colcon_core.shell:create_environment_hook('distance_node', 'ament_prefix_path')
[2.027s] INFO:colcon.colcon_core.shell:Creating environment hook '/home/pi/KSARMecanum/install/distance_node/share/distance_node/hook/ament_prefix_path.ps1'
[2.029s] INFO:colcon.colcon_core.shell:Creating environment descriptor '/home/pi/KSARMecanum/install/distance_node/share/distance_node/hook/ament_prefix_path.dsv'
[2.030s] INFO:colcon.colcon_core.shell:Creating environment hook '/home/pi/KSARMecanum/install/distance_node/share/distance_node/hook/ament_prefix_path.sh'
[2.037s] INFO:colcon.colcon_core.shell:Skip shell extension 'powershell' for command environment: Not usable outside of PowerShell
[2.037s] DEBUG:colcon.colcon_core.shell:Skip shell extension 'dsv' for command environment
[2.059s] INFO:colcon.colcon_ros.task.ament_python.build:Building ROS package in '/home/pi/KSARMecanum/src/main_package_robot' with build type 'ament_python'
[2.060s] Level 1:colcon.colcon_core.shell:create_environment_hook('main_package_robot', 'ament_prefix_path')
[2.066s] INFO:colcon.colcon_core.shell:Creating environment hook '/home/pi/KSARMecanum/install/main_package_robot/share/main_package_robot/hook/ament_prefix_path.ps1'
[2.068s] INFO:colcon.colcon_core.shell:Creating environment descriptor '/home/pi/KSARMecanum/install/main_package_robot/share/main_package_robot/hook/ament_prefix_path.dsv'
[2.070s] INFO:colcon.colcon_core.shell:Creating environment hook '/home/pi/KSARMecanum/install/main_package_robot/share/main_package_robot/hook/ament_prefix_path.sh'
[2.076s] INFO:colcon.colcon_core.shell:Skip shell extension 'powershell' for command environment: Not usable outside of PowerShell
[2.076s] DEBUG:colcon.colcon_core.shell:Skip shell extension 'dsv' for command environment
[2.099s] INFO:colcon.colcon_ros.task.ament_python.build:Building ROS package in '/home/pi/KSARMecanum/src/motor_control_node' with build type 'ament_python'
[2.100s] Level 1:colcon.colcon_core.shell:create_environment_hook('motor_control_node', 'ament_prefix_path')
[2.105s] INFO:colcon.colcon_core.shell:Creating environment hook '/home/pi/KSARMecanum/install/motor_control_node/share/motor_control_node/hook/ament_prefix_path.ps1'
[2.107s] INFO:colcon.colcon_core.shell:Creating environment descriptor '/home/pi/KSARMecanum/install/motor_control_node/share/motor_control_node/hook/ament_prefix_path.dsv'
[2.109s] INFO:colcon.colcon_core.shell:Creating environment hook '/home/pi/KSARMecanum/install/motor_control_node/share/motor_control_node/hook/ament_prefix_path.sh'
[2.115s] INFO:colcon.colcon_core.shell:Skip shell extension 'powershell' for command environment: Not usable outside of PowerShell
[2.116s] DEBUG:colcon.colcon_core.shell:Skip shell extension 'dsv' for command environment
[3.244s] INFO:colcon.colcon_core.task.python.build:Building Python package in '/home/pi/KSARMecanum/src/aruco_publisher'
[3.249s] INFO:colcon.colcon_core.shell:Skip shell extension 'powershell' for command environment: Not usable outside of PowerShell
[3.250s] DEBUG:colcon.colcon_core.shell:Skip shell extension 'dsv' for command environment
[4.364s] INFO:colcon.colcon_core.task.python.build:Building Python package in '/home/pi/KSARMecanum/src/distance_node'
[4.369s] INFO:colcon.colcon_core.shell:Skip shell extension 'powershell' for command environment: Not usable outside of PowerShell
[4.370s] DEBUG:colcon.colcon_core.shell:Skip shell extension 'dsv' for command environment
[5.522s] INFO:colcon.colcon_core.task.python.build:Building Python package in '/home/pi/KSARMecanum/src/main_package_robot'
[5.527s] INFO:colcon.colcon_core.shell:Skip shell extension 'powershell' for command environment: Not usable outside of PowerShell
[5.527s] DEBUG:colcon.colcon_core.shell:Skip shell extension 'dsv' for command environment
[6.648s] INFO:colcon.colcon_core.task.python.build:Building Python package in '/home/pi/KSARMecanum/src/motor_control_node'
[6.653s] INFO:colcon.colcon_core.shell:Skip shell extension 'powershell' for command environment: Not usable outside of PowerShell
[6.653s] DEBUG:colcon.colcon_core.shell:Skip shell extension 'dsv' for command environment
[8.954s] DEBUG:colcon.colcon_core.event_handler.log_command:Invoking command in '/home/pi/KSARMecanum/src/aruco_publisher': PYTHONPATH=/home/pi/KSARMecanum/build/aruco_publisher/prefix_override:/home/pi/KSARMecanum/install/aruco_publisher/lib/python3.10/site-packages:${PYTHONPATH} /usr/bin/python3 setup.py egg_info --egg-base ../../build/aruco_publisher build --build-base /home/pi/KSARMecanum/build/aruco_publisher/build install --record /home/pi/KSARMecanum/build/aruco_publisher/install.log --single-version-externally-managed
[8.994s] DEBUG:colcon.colcon_core.event_handler.log_command:Invoking command in '/home/pi/KSARMecanum/src/distance_node': PYTHONPATH=/home/pi/KSARMecanum/build/distance_node/prefix_override:/home/pi/KSARMecanum/install/distance_node/lib/python3.10/site-packages:${PYTHONPATH} /usr/bin/python3 setup.py egg_info --egg-base ../../build/distance_node build --build-base /home/pi/KSARMecanum/build/distance_node/build install --record /home/pi/KSARMecanum/build/distance_node/install.log --single-version-externally-managed
[9.010s] DEBUG:colcon.colcon_core.event_handler.log_command:Invoking command in '/home/pi/KSARMecanum/src/main_package_robot': PYTHONPATH=/home/pi/KSARMecanum/build/main_package_robot/prefix_override:/home/pi/KSARMecanum/install/main_package_robot/lib/python3.10/site-packages:${PYTHONPATH} /usr/bin/python3 setup.py egg_info --egg-base ../../build/main_package_robot build --build-base /home/pi/KSARMecanum/build/main_package_robot/build install --record /home/pi/KSARMecanum/build/main_package_robot/install.log --single-version-externally-managed
[9.037s] DEBUG:colcon.colcon_core.event_handler.log_command:Invoking command in '/home/pi/KSARMecanum/src/motor_control_node': PYTHONPATH=/home/pi/KSARMecanum/build/motor_control_node/prefix_override:/home/pi/KSARMecanum/install/motor_control_node/lib/python3.10/site-packages:${PYTHONPATH} /usr/bin/python3 setup.py egg_info --egg-base ../../build/motor_control_node build --build-base /home/pi/KSARMecanum/build/motor_control_node/build install --record /home/pi/KSARMecanum/build/motor_control_node/install.log --single-version-externally-managed
[10.978s] DEBUG:colcon.colcon_core.event_handler.log_command:Invoked command in '/home/pi/KSARMecanum/src/aruco_publisher' returned '0': PYTHONPATH=/home/pi/KSARMecanum/build/aruco_publisher/prefix_override:/home/pi/KSARMecanum/install/aruco_publisher/lib/python3.10/site-packages:${PYTHONPATH} /usr/bin/python3 setup.py egg_info --egg-base ../../build/aruco_publisher build --build-base /home/pi/KSARMecanum/build/aruco_publisher/build install --record /home/pi/KSARMecanum/build/aruco_publisher/install.log --single-version-externally-managed
[11.039s] Level 1:colcon.colcon_core.environment:checking '/home/pi/KSARMecanum/install/aruco_publisher' for CMake module files
[11.044s] Level 1:colcon.colcon_core.environment:checking '/home/pi/KSARMecanum/install/aruco_publisher' for CMake config files
[11.056s] Level 1:colcon.colcon_core.environment:checking '/home/pi/KSARMecanum/install/aruco_publisher/lib'
[11.061s] Level 1:colcon.colcon_core.environment:checking '/home/pi/KSARMecanum/install/aruco_publisher/bin'
[11.062s] Level 1:colcon.colcon_core.environment:checking '/home/pi/KSARMecanum/install/aruco_publisher/lib/pkgconfig/aruco_publisher.pc'
[11.065s] Level 1:colcon.colcon_core.environment:checking '/home/pi/KSARMecanum/install/aruco_publisher/lib/python3.10/site-packages'
[11.067s] Level 1:colcon.colcon_core.shell:create_environment_hook('aruco_publisher', 'pythonpath')
[11.079s] INFO:colcon.colcon_core.shell:Creating environment hook '/home/pi/KSARMecanum/install/aruco_publisher/share/aruco_publisher/hook/pythonpath.ps1'
[11.085s] INFO:colcon.colcon_core.shell:Creating environment descriptor '/home/pi/KSARMecanum/install/aruco_publisher/share/aruco_publisher/hook/pythonpath.dsv'
[11.090s] INFO:colcon.colcon_core.shell:Creating environment hook '/home/pi/KSARMecanum/install/aruco_publisher/share/aruco_publisher/hook/pythonpath.sh'
[11.097s] Level 1:colcon.colcon_core.environment:checking '/home/pi/KSARMecanum/install/aruco_publisher/bin'
[11.098s] Level 1:colcon.colcon_core.environment:create_environment_scripts_only(aruco_publisher)
[11.108s] INFO:colcon.colcon_core.shell:Creating package script '/home/pi/KSARMecanum/install/aruco_publisher/share/aruco_publisher/package.ps1'
[11.115s] INFO:colcon.colcon_core.shell:Creating package descriptor '/home/pi/KSARMecanum/install/aruco_publisher/share/aruco_publisher/package.dsv'
[11.119s] INFO:colcon.colcon_core.shell:Creating package script '/home/pi/KSARMecanum/install/aruco_publisher/share/aruco_publisher/package.sh'
[11.123s] INFO:colcon.colcon_core.shell:Creating package script '/home/pi/KSARMecanum/install/aruco_publisher/share/aruco_publisher/package.bash'
[11.127s] INFO:colcon.colcon_core.shell:Creating package script '/home/pi/KSARMecanum/install/aruco_publisher/share/aruco_publisher/package.zsh'
[11.130s] Level 1:colcon.colcon_core.environment:create_file_with_runtime_dependencies(/home/pi/KSARMecanum/install/aruco_publisher/share/colcon-core/packages/aruco_publisher)
[11.133s] INFO:colcon.colcon_ros.task.ament_python.build:Building ROS package in '/home/pi/KSARMecanum/src/opencv_pub' with build type 'ament_python'
[11.134s] Level 1:colcon.colcon_core.shell:create_environment_hook('opencv_pub', 'ament_prefix_path')
[11.140s] INFO:colcon.colcon_core.shell:Creating environment hook '/home/pi/KSARMecanum/install/opencv_pub/share/opencv_pub/hook/ament_prefix_path.ps1'
[11.143s] INFO:colcon.colcon_core.shell:Creating environment descriptor '/home/pi/KSARMecanum/install/opencv_pub/share/opencv_pub/hook/ament_prefix_path.dsv'
[11.144s] INFO:colcon.colcon_core.shell:Creating environment hook '/home/pi/KSARMecanum/install/opencv_pub/share/opencv_pub/hook/ament_prefix_path.sh'
[11.151s] INFO:colcon.colcon_core.shell:Skip shell extension 'powershell' for command environment: Not usable outside of PowerShell
[11.151s] DEBUG:colcon.colcon_core.shell:Skip shell extension 'dsv' for command environment
[11.183s] Level 1:colcon.colcon_core.environment:checking '/home/pi/KSARMecanum/install/motor_control_node' for CMake module files
[11.185s] DEBUG:colcon.colcon_core.event_handler.log_command:Invoked command in '/home/pi/KSARMecanum/src/motor_control_node' returned '0': PYTHONPATH=/home/pi/KSARMecanum/build/motor_control_node/prefix_override:/home/pi/KSARMecanum/install/motor_control_node/lib/python3.10/site-packages:${PYTHONPATH} /usr/bin/python3 setup.py egg_info --egg-base ../../build/motor_control_node build --build-base /home/pi/KSARMecanum/build/motor_control_node/build install --record /home/pi/KSARMecanum/build/motor_control_node/install.log --single-version-externally-managed
[11.187s] Level 1:colcon.colcon_core.environment:checking '/home/pi/KSARMecanum/install/motor_control_node' for CMake config files
[11.190s] Level 1:colcon.colcon_core.environment:checking '/home/pi/KSARMecanum/install/motor_control_node/lib'
[11.190s] Level 1:colcon.colcon_core.environment:checking '/home/pi/KSARMecanum/install/motor_control_node/bin'
[11.190s] Level 1:colcon.colcon_core.environment:checking '/home/pi/KSARMecanum/install/motor_control_node/lib/pkgconfig/motor_control_node.pc'
[11.191s] Level 1:colcon.colcon_core.environment:checking '/home/pi/KSARMecanum/install/motor_control_node/lib/python3.10/site-packages'
[11.192s] Level 1:colcon.colcon_core.shell:create_environment_hook('motor_control_node', 'pythonpath')
[11.196s] INFO:colcon.colcon_core.shell:Creating environment hook '/home/pi/KSARMecanum/install/motor_control_node/share/motor_control_node/hook/pythonpath.ps1'
[11.198s] INFO:colcon.colcon_core.shell:Creating environment descriptor '/home/pi/KSARMecanum/install/motor_control_node/share/motor_control_node/hook/pythonpath.dsv'
[11.200s] INFO:colcon.colcon_core.shell:Creating environment hook '/home/pi/KSARMecanum/install/motor_control_node/share/motor_control_node/hook/pythonpath.sh'
[11.202s] Level 1:colcon.colcon_core.environment:checking '/home/pi/KSARMecanum/install/motor_control_node/bin'
[11.203s] Level 1:colcon.colcon_core.environment:create_environment_scripts_only(motor_control_node)
[11.208s] INFO:colcon.colcon_core.shell:Creating package script '/home/pi/KSARMecanum/install/motor_control_node/share/motor_control_node/package.ps1'
[11.210s] INFO:colcon.colcon_core.shell:Creating package descriptor '/home/pi/KSARMecanum/install/motor_control_node/share/motor_control_node/package.dsv'
[11.212s] INFO:colcon.colcon_core.shell:Creating package script '/home/pi/KSARMecanum/install/motor_control_node/share/motor_control_node/package.sh'
[11.214s] INFO:colcon.colcon_core.shell:Creating package script '/home/pi/KSARMecanum/install/motor_control_node/share/motor_control_node/package.bash'
[11.216s] INFO:colcon.colcon_core.shell:Creating package script '/home/pi/KSARMecanum/install/motor_control_node/share/motor_control_node/package.zsh'
[11.218s] Level 1:colcon.colcon_core.environment:create_file_with_runtime_dependencies(/home/pi/KSARMecanum/install/motor_control_node/share/colcon-core/packages/motor_control_node)
[11.226s] Level 1:colcon.colcon_core.environment:checking '/home/pi/KSARMecanum/install/distance_node' for CMake module files
[11.230s] DEBUG:colcon.colcon_core.event_handler.log_command:Invoked command in '/home/pi/KSARMecanum/src/distance_node' returned '0': PYTHONPATH=/home/pi/KSARMecanum/build/distance_node/prefix_override:/home/pi/KSARMecanum/install/distance_node/lib/python3.10/site-packages:${PYTHONPATH} /usr/bin/python3 setup.py egg_info --egg-base ../../build/distance_node build --build-base /home/pi/KSARMecanum/build/distance_node/build install --record /home/pi/KSARMecanum/build/distance_node/install.log --single-version-externally-managed
[11.231s] Level 1:colcon.colcon_core.environment:checking '/home/pi/KSARMecanum/install/distance_node' for CMake config files
[11.234s] Level 1:colcon.colcon_core.environment:checking '/home/pi/KSARMecanum/install/distance_node/lib'
[11.235s] Level 1:colcon.colcon_core.environment:checking '/home/pi/KSARMecanum/install/distance_node/bin'
[11.235s] Level 1:colcon.colcon_core.environment:checking '/home/pi/KSARMecanum/install/distance_node/lib/pkgconfig/distance_node.pc'
[11.236s] Level 1:colcon.colcon_core.environment:checking '/home/pi/KSARMecanum/install/distance_node/lib/python3.10/site-packages'
[11.236s] Level 1:colcon.colcon_core.shell:create_environment_hook('distance_node', 'pythonpath')
[11.241s] INFO:colcon.colcon_core.shell:Creating environment hook '/home/pi/KSARMecanum/install/distance_node/share/distance_node/hook/pythonpath.ps1'
[11.243s] INFO:colcon.colcon_core.shell:Creating environment descriptor '/home/pi/KSARMecanum/install/distance_node/share/distance_node/hook/pythonpath.dsv'
[11.244s] INFO:colcon.colcon_core.shell:Creating environment hook '/home/pi/KSARMecanum/install/distance_node/share/distance_node/hook/pythonpath.sh'
[11.247s] Level 1:colcon.colcon_core.environment:checking '/home/pi/KSARMecanum/install/distance_node/bin'
[11.247s] Level 1:colcon.colcon_core.environment:create_environment_scripts_only(distance_node)
[11.253s] INFO:colcon.colcon_core.shell:Creating package script '/home/pi/KSARMecanum/install/distance_node/share/distance_node/package.ps1'
[11.255s] INFO:colcon.colcon_core.shell:Creating package descriptor '/home/pi/KSARMecanum/install/distance_node/share/distance_node/package.dsv'
[11.257s] INFO:colcon.colcon_core.shell:Creating package script '/home/pi/KSARMecanum/install/distance_node/share/distance_node/package.sh'
[11.259s] INFO:colcon.colcon_core.shell:Creating package script '/home/pi/KSARMecanum/install/distance_node/share/distance_node/package.bash'
[11.261s] INFO:colcon.colcon_core.shell:Creating package script '/home/pi/KSARMecanum/install/distance_node/share/distance_node/package.zsh'
[11.263s] Level 1:colcon.colcon_core.environment:create_file_with_runtime_dependencies(/home/pi/KSARMecanum/install/distance_node/share/colcon-core/packages/distance_node)
[11.271s] Level 1:colcon.colcon_core.environment:checking '/home/pi/KSARMecanum/install/main_package_robot' for CMake module files
[11.275s] DEBUG:colcon.colcon_core.event_handler.log_command:Invoked command in '/home/pi/KSARMecanum/src/main_package_robot' returned '0': PYTHONPATH=/home/pi/KSARMecanum/build/main_package_robot/prefix_override:/home/pi/KSARMecanum/install/main_package_robot/lib/python3.10/site-packages:${PYTHONPATH} /usr/bin/python3 setup.py egg_info --egg-base ../../build/main_package_robot build --build-base /home/pi/KSARMecanum/build/main_package_robot/build install --record /home/pi/KSARMecanum/build/main_package_robot/install.log --single-version-externally-managed
[11.276s] Level 1:colcon.colcon_core.environment:checking '/home/pi/KSARMecanum/install/main_package_robot' for CMake config files
[11.279s] Level 1:colcon.colcon_core.environment:checking '/home/pi/KSARMecanum/install/main_package_robot/lib'
[11.280s] Level 1:colcon.colcon_core.environment:checking '/home/pi/KSARMecanum/install/main_package_robot/bin'
[11.280s] Level 1:colcon.colcon_core.environment:checking '/home/pi/KSARMecanum/install/main_package_robot/lib/pkgconfig/main_package_robot.pc'
[11.281s] Level 1:colcon.colcon_core.environment:checking '/home/pi/KSARMecanum/install/main_package_robot/lib/python3.10/site-packages'
[11.281s] Level 1:colcon.colcon_core.shell:create_environment_hook('main_package_robot', 'pythonpath')
[11.286s] INFO:colcon.colcon_core.shell:Creating environment hook '/home/pi/KSARMecanum/install/main_package_robot/share/main_package_robot/hook/pythonpath.ps1'
[11.288s] INFO:colcon.colcon_core.shell:Creating environment descriptor '/home/pi/KSARMecanum/install/main_package_robot/share/main_package_robot/hook/pythonpath.dsv'
[11.289s] INFO:colcon.colcon_core.shell:Creating environment hook '/home/pi/KSARMecanum/install/main_package_robot/share/main_package_robot/hook/pythonpath.sh'
[11.292s] Level 1:colcon.colcon_core.environment:checking '/home/pi/KSARMecanum/install/main_package_robot/bin'
[11.292s] Level 1:colcon.colcon_core.environment:create_environment_scripts_only(main_package_robot)
[11.298s] INFO:colcon.colcon_core.shell:Creating package script '/home/pi/KSARMecanum/install/main_package_robot/share/main_package_robot/package.ps1'
[11.300s] INFO:colcon.colcon_core.shell:Creating package descriptor '/home/pi/KSARMecanum/install/main_package_robot/share/main_package_robot/package.dsv'
[11.302s] INFO:colcon.colcon_core.shell:Creating package script '/home/pi/KSARMecanum/install/main_package_robot/share/main_package_robot/package.sh'
[11.305s] INFO:colcon.colcon_core.shell:Creating package script '/home/pi/KSARMecanum/install/main_package_robot/share/main_package_robot/package.bash'
[11.307s] INFO:colcon.colcon_core.shell:Creating package script '/home/pi/KSARMecanum/install/main_package_robot/share/main_package_robot/package.zsh'
[11.309s] Level 1:colcon.colcon_core.environment:create_file_with_runtime_dependencies(/home/pi/KSARMecanum/install/main_package_robot/share/colcon-core/packages/main_package_robot)
[12.411s] INFO:colcon.colcon_core.task.python.build:Building Python package in '/home/pi/KSARMecanum/src/opencv_pub'
[12.416s] INFO:colcon.colcon_core.shell:Skip shell extension 'powershell' for command environment: Not usable outside of PowerShell
[12.417s] DEBUG:colcon.colcon_core.shell:Skip shell extension 'dsv' for command environment
[13.825s] DEBUG:colcon.colcon_core.event_handler.log_command:Invoking command in '/home/pi/KSARMecanum/src/opencv_pub': PYTHONPATH=/home/pi/KSARMecanum/build/opencv_pub/prefix_override:/home/pi/KSARMecanum/install/opencv_pub/lib/python3.10/site-packages:${PYTHONPATH} /usr/bin/python3 setup.py egg_info --egg-base ../../build/opencv_pub build --build-base /home/pi/KSARMecanum/build/opencv_pub/build install --record /home/pi/KSARMecanum/build/opencv_pub/install.log --single-version-externally-managed
[15.083s] Level 1:colcon.colcon_core.environment:checking '/home/pi/KSARMecanum/install/opencv_pub' for CMake module files
[15.085s] DEBUG:colcon.colcon_core.event_handler.log_command:Invoked command in '/home/pi/KSARMecanum/src/opencv_pub' returned '0': PYTHONPATH=/home/pi/KSARMecanum/build/opencv_pub/prefix_override:/home/pi/KSARMecanum/install/opencv_pub/lib/python3.10/site-packages:${PYTHONPATH} /usr/bin/python3 setup.py egg_info --egg-base ../../build/opencv_pub build --build-base /home/pi/KSARMecanum/build/opencv_pub/build install --record /home/pi/KSARMecanum/build/opencv_pub/install.log --single-version-externally-managed
[15.086s] Level 1:colcon.colcon_core.environment:checking '/home/pi/KSARMecanum/install/opencv_pub' for CMake config files
[15.090s] Level 1:colcon.colcon_core.environment:checking '/home/pi/KSARMecanum/install/opencv_pub/lib'
[15.090s] Level 1:colcon.colcon_core.environment:checking '/home/pi/KSARMecanum/install/opencv_pub/bin'
[15.090s] Level 1:colcon.colcon_core.environment:checking '/home/pi/KSARMecanum/install/opencv_pub/lib/pkgconfig/opencv_pub.pc'
[15.091s] Level 1:colcon.colcon_core.environment:checking '/home/pi/KSARMecanum/install/opencv_pub/lib/python3.10/site-packages'
[15.092s] Level 1:colcon.colcon_core.shell:create_environment_hook('opencv_pub', 'pythonpath')
[15.096s] INFO:colcon.colcon_core.shell:Creating environment hook '/home/pi/KSARMecanum/install/opencv_pub/share/opencv_pub/hook/pythonpath.ps1'
[15.098s] INFO:colcon.colcon_core.shell:Creating environment descriptor '/home/pi/KSARMecanum/install/opencv_pub/share/opencv_pub/hook/pythonpath.dsv'
[15.100s] INFO:colcon.colcon_core.shell:Creating environment hook '/home/pi/KSARMecanum/install/opencv_pub/share/opencv_pub/hook/pythonpath.sh'
[15.102s] Level 1:colcon.colcon_core.environment:checking '/home/pi/KSARMecanum/install/opencv_pub/bin'
[15.102s] Level 1:colcon.colcon_core.environment:create_environment_scripts_only(opencv_pub)
[15.108s] INFO:colcon.colcon_core.shell:Creating package script '/home/pi/KSARMecanum/install/opencv_pub/share/opencv_pub/package.ps1'
[15.110s] INFO:colcon.colcon_core.shell:Creating package descriptor '/home/pi/KSARMecanum/install/opencv_pub/share/opencv_pub/package.dsv'
[15.112s] INFO:colcon.colcon_core.shell:Creating package script '/home/pi/KSARMecanum/install/opencv_pub/share/opencv_pub/package.sh'
[15.114s] INFO:colcon.colcon_core.shell:Creating package script '/home/pi/KSARMecanum/install/opencv_pub/share/opencv_pub/package.bash'
[15.115s] INFO:colcon.colcon_core.shell:Creating package script '/home/pi/KSARMecanum/install/opencv_pub/share/opencv_pub/package.zsh'
[15.117s] Level 1:colcon.colcon_core.environment:create_file_with_runtime_dependencies(/home/pi/KSARMecanum/install/opencv_pub/share/colcon-core/packages/opencv_pub)
[15.118s] DEBUG:colcon.colcon_parallel_executor.executor.parallel:closing loop
[15.119s] DEBUG:colcon.colcon_parallel_executor.executor.parallel:loop closed
[15.120s] DEBUG:colcon.colcon_parallel_executor.executor.parallel:run_until_complete finished with '0'
[15.120s] DEBUG:colcon.colcon_core.event_reactor:joining thread
[15.141s] INFO:colcon.colcon_core.plugin_system:Skipping extension 'colcon_notification.desktop_notification.terminal_notifier': Not used on non-Darwin systems
[15.141s] INFO:colcon.colcon_core.plugin_system:Skipping extension 'colcon_notification.desktop_notification.win32': Not used on non-Windows systems
[15.141s] INFO:colcon.colcon_notification.desktop_notification:Sending desktop notification using 'notify2'
[15.146s] DEBUG:colcon.colcon_notification.desktop_notification.notify2:Failed to initialize notify2: org.freedesktop.DBus.Error.ServiceUnknown: The name org.freedesktop.Notifications was not provided by any .service files
[15.147s] DEBUG:colcon.colcon_core.event_reactor:joined thread
[15.152s] INFO:colcon.colcon_core.shell:Creating prefix script '/home/pi/KSARMecanum/install/local_setup.ps1'
[15.155s] INFO:colcon.colcon_core.shell:Creating prefix util module '/home/pi/KSARMecanum/install/_local_setup_util_ps1.py'
[15.160s] INFO:colcon.colcon_core.shell:Creating prefix chain script '/home/pi/KSARMecanum/install/setup.ps1'
[15.167s] INFO:colcon.colcon_core.shell:Creating prefix script '/home/pi/KSARMecanum/install/local_setup.sh'
[15.169s] INFO:colcon.colcon_core.shell:Creating prefix util module '/home/pi/KSARMecanum/install/_local_setup_util_sh.py'
[15.171s] INFO:colcon.colcon_core.shell:Creating prefix chain script '/home/pi/KSARMecanum/install/setup.sh'
[15.178s] INFO:colcon.colcon_core.shell:Creating prefix script '/home/pi/KSARMecanum/install/local_setup.bash'
[15.180s] INFO:colcon.colcon_core.shell:Creating prefix chain script '/home/pi/KSARMecanum/install/setup.bash'
[15.186s] INFO:colcon.colcon_core.shell:Creating prefix script '/home/pi/KSARMecanum/install/local_setup.zsh'
[15.188s] INFO:colcon.colcon_core.shell:Creating prefix chain script '/home/pi/KSARMecanum/install/setup.zsh'
