[6.980s] Invoking command in '/home/pi/KSARMecanum/src/distance_node': PYTHONPATH=/home/pi/KSARMecanum/build/distance_node/prefix_override:/home/pi/KSARMecanum/install/distance_node/lib/python3.10/site-packages:${PYTHONPATH} /usr/bin/python3 setup.py egg_info --egg-base ../../build/distance_node build --build-base /home/pi/KSARMecanum/build/distance_node/build install --record /home/pi/KSARMecanum/build/distance_node/install.log --single-version-externally-managed
[8.529s] running egg_info
[8.533s] writing ../../build/distance_node/distance_node.egg-info/PKG-INFO
[8.535s] writing dependency_links to ../../build/distance_node/distance_node.egg-info/dependency_links.txt
[8.537s] writing entry points to ../../build/distance_node/distance_node.egg-info/entry_points.txt
[8.539s] writing requirements to ../../build/distance_node/distance_node.egg-info/requires.txt
[8.539s] writing top-level names to ../../build/distance_node/distance_node.egg-info/top_level.txt
[8.549s] reading manifest file '../../build/distance_node/distance_node.egg-info/SOURCES.txt'
[8.553s] writing manifest file '../../build/distance_node/distance_node.egg-info/SOURCES.txt'
[8.554s] running build
[8.555s] running build_py
[8.558s] running install
[8.559s] /usr/lib/python3/dist-packages/setuptools/command/install.py:34: SetuptoolsDeprecationWarning: setup.py install is deprecated. Use build and pip and other standards-based tools.
[8.560s]   warnings.warn(
[8.561s] running install_lib
[8.571s] running install_data
[8.574s] running install_egg_info
[8.586s] removing '/home/pi/KSARMecanum/install/distance_node/lib/python3.10/site-packages/distance_node-0.0.0-py3.10.egg-info' (and everything under it)
[8.587s] Copying ../../build/distance_node/distance_node.egg-info to /home/pi/KSARMecanum/install/distance_node/lib/python3.10/site-packages/distance_node-0.0.0-py3.10.egg-info
[8.588s] running install_scripts
[8.713s] Installing distance_publisher script to /home/pi/KSARMecanum/install/distance_node/lib/distance_node
[8.717s] writing list of installed files to '/home/pi/KSARMecanum/build/distance_node/install.log'
[9.195s] Invoked command in '/home/pi/KSARMecanum/src/distance_node' returned '0': PYTHONPATH=/home/pi/KSARMecanum/build/distance_node/prefix_override:/home/pi/KSARMecanum/install/distance_node/lib/python3.10/site-packages:${PYTHONPATH} /usr/bin/python3 setup.py egg_info --egg-base ../../build/distance_node build --build-base /home/pi/KSARMecanum/build/distance_node/build install --record /home/pi/KSARMecanum/build/distance_node/install.log --single-version-externally-managed
