[8.773s] Invoking command in '/home/pi/KSARMecanum/src/distance_node': PYTHONPATH=/home/pi/KSARMecanum/build/distance_node/prefix_override:/home/pi/KSARMecanum/install/distance_node/lib/python3.10/site-packages:${PYTHONPATH} /usr/bin/python3 setup.py egg_info --egg-base ../../build/distance_node build --build-base /home/pi/KSARMecanum/build/distance_node/build install --record /home/pi/KSARMecanum/build/distance_node/install.log --single-version-externally-managed
[10.496s] running egg_info
[10.499s] writing ../../build/distance_node/distance_node.egg-info/PKG-INFO
[10.501s] writing dependency_links to ../../build/distance_node/distance_node.egg-info/dependency_links.txt
[10.503s] writing entry points to ../../build/distance_node/distance_node.egg-info/entry_points.txt
[10.504s] writing requirements to ../../build/distance_node/distance_node.egg-info/requires.txt
[10.505s] writing top-level names to ../../build/distance_node/distance_node.egg-info/top_level.txt
[10.519s] reading manifest file '../../build/distance_node/distance_node.egg-info/SOURCES.txt'
[10.525s] writing manifest file '../../build/distance_node/distance_node.egg-info/SOURCES.txt'
[10.526s] running build
[10.526s] running build_py
[10.527s] running install
[10.528s] /usr/lib/python3/dist-packages/setuptools/command/install.py:34: SetuptoolsDeprecationWarning: setup.py install is deprecated. Use build and pip and other standards-based tools.
[10.529s]   warnings.warn(
[10.530s] running install_lib
[10.535s] running install_data
[10.543s] running install_egg_info
[10.553s] removing '/home/pi/KSARMecanum/install/distance_node/lib/python3.10/site-packages/distance_node-0.0.0-py3.10.egg-info' (and everything under it)
[10.561s] Copying ../../build/distance_node/distance_node.egg-info to /home/pi/KSARMecanum/install/distance_node/lib/python3.10/site-packages/distance_node-0.0.0-py3.10.egg-info
[10.562s] running install_scripts
[10.747s] Installing distance_publisher script to /home/pi/KSARMecanum/install/distance_node/lib/distance_node
[10.752s] writing list of installed files to '/home/pi/KSARMecanum/build/distance_node/install.log'
[12.689s] Invoked command in '/home/pi/KSARMecanum/src/distance_node' returned '0': PYTHONPATH=/home/pi/KSARMecanum/build/distance_node/prefix_override:/home/pi/KSARMecanum/install/distance_node/lib/python3.10/site-packages:${PYTHONPATH} /usr/bin/python3 setup.py egg_info --egg-base ../../build/distance_node build --build-base /home/pi/KSARMecanum/build/distance_node/build install --record /home/pi/KSARMecanum/build/distance_node/install.log --single-version-externally-managed
