[1.356s] DEBUG:colcon:Command line arguments: ['/usr/bin/colcon', 'build']
[1.356s] DEBUG:colcon:Parsed command line arguments: Namespace(log_base=None, log_level=None, verb_name='build', build_base='build', install_base='install', merge_install=False, symlink_install=False, test_result_base=None, continue_on_error=False, executor='parallel', parallel_workers=4, event_handlers=None, ignore_user_meta=False, metas=['./colcon.meta'], base_paths=['.'], packages_ignore=None, packages_ignore_regex=None, paths=None, packages_up_to=None, packages_up_to_regex=None, packages_above=None, packages_above_and_dependencies=None, packages_above_depth=None, packages_select_by_dep=None, packages_skip_by_dep=None, packages_skip_up_to=None, packages_select_build_failed=False, packages_skip_build_finished=False, packages_select_test_failures=False, packages_skip_test_passed=False, packages_select=None, packages_skip=None, packages_select_regex=None, packages_skip_regex=None, packages_start=None, packages_end=None, allow_overriding=[], cmake_args=None, cmake_target=None, cmake_target_skip_unavailable=False, cmake_clean_cache=False, cmake_clean_first=False, cmake_force_configure=False, ament_cmake_args=None, catkin_cmake_args=None, catkin_skip_building_tests=False, verb_parser=<colcon_defaults.argument_parser.defaults.DefaultArgumentsDecorator object at 0xffff95d5a110>, verb_extension=<colcon_core.verb.build.BuildVerb object at 0xffff9661bcd0>, main=<bound method BuildVerb.main of <colcon_core.verb.build.BuildVerb object at 0xffff9661bcd0>>)
[1.489s] Level 1:colcon.colcon_core.package_discovery:discover_packages(colcon_meta) check parameters
[1.490s] Level 1:colcon.colcon_core.package_discovery:discover_packages(recursive) check parameters
[1.490s] Level 1:colcon.colcon_core.package_discovery:discover_packages(ignore) check parameters
[1.490s] Level 1:colcon.colcon_core.package_discovery:discover_packages(path) check parameters
[1.490s] Level 1:colcon.colcon_core.package_discovery:discover_packages(colcon_meta) discover
[1.490s] Level 1:colcon.colcon_core.package_discovery:discover_packages(recursive) discover
[1.490s] INFO:colcon.colcon_core.package_discovery:Crawling recursively for packages in '/home/pi/KSARMecanum'
[1.491s] Level 1:colcon.colcon_core.package_identification:_identify(.) by extensions ['ignore', 'ignore_ament_install']
[1.491s] Level 1:colcon.colcon_core.package_identification:_identify(.) by extension 'ignore'
[1.491s] Level 1:colcon.colcon_core.package_identification:_identify(.) by extension 'ignore_ament_install'
[1.491s] Level 1:colcon.colcon_core.package_identification:_identify(.) by extensions ['colcon_pkg']
[1.492s] Level 1:colcon.colcon_core.package_identification:_identify(.) by extension 'colcon_pkg'
[1.492s] Level 1:colcon.colcon_core.package_identification:_identify(.) by extensions ['colcon_meta']
[1.492s] Level 1:colcon.colcon_core.package_identification:_identify(.) by extension 'colcon_meta'
[1.492s] Level 1:colcon.colcon_core.package_identification:_identify(.) by extensions ['ros']
[1.492s] Level 1:colcon.colcon_core.package_identification:_identify(.) by extension 'ros'
[1.538s] Level 1:colcon.colcon_core.package_identification:_identify(.) by extensions ['cmake', 'python']
[1.539s] Level 1:colcon.colcon_core.package_identification:_identify(.) by extension 'cmake'
[1.539s] Level 1:colcon.colcon_core.package_identification:_identify(.) by extension 'python'
[1.539s] Level 1:colcon.colcon_core.package_identification:_identify(.) by extensions ['python_setup_py']
[1.539s] Level 1:colcon.colcon_core.package_identification:_identify(.) by extension 'python_setup_py'
[1.540s] Level 1:colcon.colcon_core.package_identification:_identify(build) by extensions ['ignore', 'ignore_ament_install']
[1.540s] Level 1:colcon.colcon_core.package_identification:_identify(build) by extension 'ignore'
[1.540s] Level 1:colcon.colcon_core.package_identification:_identify(build) ignored
[1.541s] Level 1:colcon.colcon_core.package_identification:_identify(install) by extensions ['ignore', 'ignore_ament_install']
[1.541s] Level 1:colcon.colcon_core.package_identification:_identify(install) by extension 'ignore'
[1.541s] Level 1:colcon.colcon_core.package_identification:_identify(install) ignored
[1.542s] Level 1:colcon.colcon_core.package_identification:_identify(log) by extensions ['ignore', 'ignore_ament_install']
[1.542s] Level 1:colcon.colcon_core.package_identification:_identify(log) by extension 'ignore'
[1.542s] Level 1:colcon.colcon_core.package_identification:_identify(log) ignored
[1.543s] Level 1:colcon.colcon_core.package_identification:_identify(src) by extensions ['ignore', 'ignore_ament_install']
[1.543s] Level 1:colcon.colcon_core.package_identification:_identify(src) by extension 'ignore'
[1.543s] Level 1:colcon.colcon_core.package_identification:_identify(src) by extension 'ignore_ament_install'
[1.543s] Level 1:colcon.colcon_core.package_identification:_identify(src) by extensions ['colcon_pkg']
[1.543s] Level 1:colcon.colcon_core.package_identification:_identify(src) by extension 'colcon_pkg'
[1.543s] Level 1:colcon.colcon_core.package_identification:_identify(src) by extensions ['colcon_meta']
[1.544s] Level 1:colcon.colcon_core.package_identification:_identify(src) by extension 'colcon_meta'
[1.544s] Level 1:colcon.colcon_core.package_identification:_identify(src) by extensions ['ros']
[1.544s] Level 1:colcon.colcon_core.package_identification:_identify(src) by extension 'ros'
[1.544s] Level 1:colcon.colcon_core.package_identification:_identify(src) by extensions ['cmake', 'python']
[1.544s] Level 1:colcon.colcon_core.package_identification:_identify(src) by extension 'cmake'
[1.544s] Level 1:colcon.colcon_core.package_identification:_identify(src) by extension 'python'
[1.545s] Level 1:colcon.colcon_core.package_identification:_identify(src) by extensions ['python_setup_py']
[1.545s] Level 1:colcon.colcon_core.package_identification:_identify(src) by extension 'python_setup_py'
[1.545s] Level 1:colcon.colcon_core.package_identification:_identify(src/aruco_publisher) by extensions ['ignore', 'ignore_ament_install']
[1.545s] Level 1:colcon.colcon_core.package_identification:_identify(src/aruco_publisher) by extension 'ignore'
[1.545s] Level 1:colcon.colcon_core.package_identification:_identify(src/aruco_publisher) by extension 'ignore_ament_install'
[1.546s] Level 1:colcon.colcon_core.package_identification:_identify(src/aruco_publisher) by extensions ['colcon_pkg']
[1.546s] Level 1:colcon.colcon_core.package_identification:_identify(src/aruco_publisher) by extension 'colcon_pkg'
[1.546s] Level 1:colcon.colcon_core.package_identification:_identify(src/aruco_publisher) by extensions ['colcon_meta']
[1.546s] Level 1:colcon.colcon_core.package_identification:_identify(src/aruco_publisher) by extension 'colcon_meta'
[1.546s] Level 1:colcon.colcon_core.package_identification:_identify(src/aruco_publisher) by extensions ['ros']
[1.546s] Level 1:colcon.colcon_core.package_identification:_identify(src/aruco_publisher) by extension 'ros'
[1.555s] DEBUG:colcon.colcon_core.package_identification:Package 'src/aruco_publisher' with type 'ros.ament_python' and name 'aruco_publisher'
[1.556s] Level 1:colcon.colcon_core.package_identification:_identify(src/distance_node) by extensions ['ignore', 'ignore_ament_install']
[1.556s] Level 1:colcon.colcon_core.package_identification:_identify(src/distance_node) by extension 'ignore'
[1.557s] Level 1:colcon.colcon_core.package_identification:_identify(src/distance_node) by extension 'ignore_ament_install'
[1.557s] Level 1:colcon.colcon_core.package_identification:_identify(src/distance_node) by extensions ['colcon_pkg']
[1.557s] Level 1:colcon.colcon_core.package_identification:_identify(src/distance_node) by extension 'colcon_pkg'
[1.557s] Level 1:colcon.colcon_core.package_identification:_identify(src/distance_node) by extensions ['colcon_meta']
[1.557s] Level 1:colcon.colcon_core.package_identification:_identify(src/distance_node) by extension 'colcon_meta'
[1.557s] Level 1:colcon.colcon_core.package_identification:_identify(src/distance_node) by extensions ['ros']
[1.557s] Level 1:colcon.colcon_core.package_identification:_identify(src/distance_node) by extension 'ros'
[1.560s] DEBUG:colcon.colcon_core.package_identification:Package 'src/distance_node' with type 'ros.ament_python' and name 'distance_node'
[1.560s] Level 1:colcon.colcon_core.package_identification:_identify(src/main_package_robot) by extensions ['ignore', 'ignore_ament_install']
[1.560s] Level 1:colcon.colcon_core.package_identification:_identify(src/main_package_robot) by extension 'ignore'
[1.561s] Level 1:colcon.colcon_core.package_identification:_identify(src/main_package_robot) by extension 'ignore_ament_install'
[1.561s] Level 1:colcon.colcon_core.package_identification:_identify(src/main_package_robot) by extensions ['colcon_pkg']
[1.561s] Level 1:colcon.colcon_core.package_identification:_identify(src/main_package_robot) by extension 'colcon_pkg'
[1.561s] Level 1:colcon.colcon_core.package_identification:_identify(src/main_package_robot) by extensions ['colcon_meta']
[1.561s] Level 1:colcon.colcon_core.package_identification:_identify(src/main_package_robot) by extension 'colcon_meta'
[1.561s] Level 1:colcon.colcon_core.package_identification:_identify(src/main_package_robot) by extensions ['ros']
[1.561s] Level 1:colcon.colcon_core.package_identification:_identify(src/main_package_robot) by extension 'ros'
[1.564s] DEBUG:colcon.colcon_core.package_identification:Package 'src/main_package_robot' with type 'ros.ament_python' and name 'main_package_robot'
[1.565s] Level 1:colcon.colcon_core.package_identification:_identify(src/motor_control_node) by extensions ['ignore', 'ignore_ament_install']
[1.565s] Level 1:colcon.colcon_core.package_identification:_identify(src/motor_control_node) by extension 'ignore'
[1.565s] Level 1:colcon.colcon_core.package_identification:_identify(src/motor_control_node) by extension 'ignore_ament_install'
[1.565s] Level 1:colcon.colcon_core.package_identification:_identify(src/motor_control_node) by extensions ['colcon_pkg']
[1.565s] Level 1:colcon.colcon_core.package_identification:_identify(src/motor_control_node) by extension 'colcon_pkg'
[1.566s] Level 1:colcon.colcon_core.package_identification:_identify(src/motor_control_node) by extensions ['colcon_meta']
[1.566s] Level 1:colcon.colcon_core.package_identification:_identify(src/motor_control_node) by extension 'colcon_meta'
[1.566s] Level 1:colcon.colcon_core.package_identification:_identify(src/motor_control_node) by extensions ['ros']
[1.566s] Level 1:colcon.colcon_core.package_identification:_identify(src/motor_control_node) by extension 'ros'
[1.568s] DEBUG:colcon.colcon_core.package_identification:Package 'src/motor_control_node' with type 'ros.ament_python' and name 'motor_control_node'
[1.569s] Level 1:colcon.colcon_core.package_identification:_identify(src/opencv_pub) by extensions ['ignore', 'ignore_ament_install']
[1.569s] Level 1:colcon.colcon_core.package_identification:_identify(src/opencv_pub) by extension 'ignore'
[1.569s] Level 1:colcon.colcon_core.package_identification:_identify(src/opencv_pub) by extension 'ignore_ament_install'
[1.570s] Level 1:colcon.colcon_core.package_identification:_identify(src/opencv_pub) by extensions ['colcon_pkg']
[1.570s] Level 1:colcon.colcon_core.package_identification:_identify(src/opencv_pub) by extension 'colcon_pkg'
[1.570s] Level 1:colcon.colcon_core.package_identification:_identify(src/opencv_pub) by extensions ['colcon_meta']
[1.570s] Level 1:colcon.colcon_core.package_identification:_identify(src/opencv_pub) by extension 'colcon_meta'
[1.570s] Level 1:colcon.colcon_core.package_identification:_identify(src/opencv_pub) by extensions ['ros']
[1.570s] Level 1:colcon.colcon_core.package_identification:_identify(src/opencv_pub) by extension 'ros'
[1.573s] DEBUG:colcon.colcon_core.package_identification:Package 'src/opencv_pub' with type 'ros.ament_python' and name 'opencv_pub'
[1.573s] Level 1:colcon.colcon_core.package_discovery:discover_packages(recursive) using defaults
[1.573s] Level 1:colcon.colcon_core.package_discovery:discover_packages(ignore) discover
[1.573s] Level 1:colcon.colcon_core.package_discovery:discover_packages(ignore) using defaults
[1.574s] Level 1:colcon.colcon_core.package_discovery:discover_packages(path) discover
[1.574s] Level 1:colcon.colcon_core.package_discovery:discover_packages(path) using defaults
[1.665s] Level 1:colcon.colcon_core.package_discovery:discover_packages(prefix_path) check parameters
[1.665s] Level 1:colcon.colcon_core.package_discovery:discover_packages(prefix_path) discover
[1.677s] DEBUG:colcon.colcon_installed_package_information.package_discovery:Found 5 installed packages in /home/pi/KSARMecanum/install
[1.688s] DEBUG:colcon.colcon_installed_package_information.package_discovery:Found 270 installed packages in /opt/ros/humble
[1.698s] Level 1:colcon.colcon_core.package_discovery:discover_packages(prefix_path) using defaults
[1.945s] Level 5:colcon.colcon_core.verb:set package 'aruco_publisher' build argument 'cmake_args' from command line to 'None'
[1.945s] Level 5:colcon.colcon_core.verb:set package 'aruco_publisher' build argument 'cmake_target' from command line to 'None'
[1.945s] Level 5:colcon.colcon_core.verb:set package 'aruco_publisher' build argument 'cmake_target_skip_unavailable' from command line to 'False'
[1.945s] Level 5:colcon.colcon_core.verb:set package 'aruco_publisher' build argument 'cmake_clean_cache' from command line to 'False'
[1.945s] Level 5:colcon.colcon_core.verb:set package 'aruco_publisher' build argument 'cmake_clean_first' from command line to 'False'
[1.945s] Level 5:colcon.colcon_core.verb:set package 'aruco_publisher' build argument 'cmake_force_configure' from command line to 'False'
[1.946s] Level 5:colcon.colcon_core.verb:set package 'aruco_publisher' build argument 'ament_cmake_args' from command line to 'None'
[1.946s] Level 5:colcon.colcon_core.verb:set package 'aruco_publisher' build argument 'catkin_cmake_args' from command line to 'None'
[1.946s] Level 5:colcon.colcon_core.verb:set package 'aruco_publisher' build argument 'catkin_skip_building_tests' from command line to 'False'
[1.946s] DEBUG:colcon.colcon_core.verb:Building package 'aruco_publisher' with the following arguments: {'ament_cmake_args': None, 'build_base': '/home/pi/KSARMecanum/build/aruco_publisher', 'catkin_cmake_args': None, 'catkin_skip_building_tests': False, 'cmake_args': None, 'cmake_clean_cache': False, 'cmake_clean_first': False, 'cmake_force_configure': False, 'cmake_target': None, 'cmake_target_skip_unavailable': False, 'install_base': '/home/pi/KSARMecanum/install/aruco_publisher', 'merge_install': False, 'path': '/home/pi/KSARMecanum/src/aruco_publisher', 'symlink_install': False, 'test_result_base': None}
[1.950s] Level 5:colcon.colcon_core.verb:set package 'distance_node' build argument 'cmake_args' from command line to 'None'
[1.950s] Level 5:colcon.colcon_core.verb:set package 'distance_node' build argument 'cmake_target' from command line to 'None'
[1.950s] Level 5:colcon.colcon_core.verb:set package 'distance_node' build argument 'cmake_target_skip_unavailable' from command line to 'False'
[1.950s] Level 5:colcon.colcon_core.verb:set package 'distance_node' build argument 'cmake_clean_cache' from command line to 'False'
[1.950s] Level 5:colcon.colcon_core.verb:set package 'distance_node' build argument 'cmake_clean_first' from command line to 'False'
[1.950s] Level 5:colcon.colcon_core.verb:set package 'distance_node' build argument 'cmake_force_configure' from command line to 'False'
[1.951s] Level 5:colcon.colcon_core.verb:set package 'distance_node' build argument 'ament_cmake_args' from command line to 'None'
[1.951s] Level 5:colcon.colcon_core.verb:set package 'distance_node' build argument 'catkin_cmake_args' from command line to 'None'
[1.951s] Level 5:colcon.colcon_core.verb:set package 'distance_node' build argument 'catkin_skip_building_tests' from command line to 'False'
[1.951s] DEBUG:colcon.colcon_core.verb:Building package 'distance_node' with the following arguments: {'ament_cmake_args': None, 'build_base': '/home/pi/KSARMecanum/build/distance_node', 'catkin_cmake_args': None, 'catkin_skip_building_tests': False, 'cmake_args': None, 'cmake_clean_cache': False, 'cmake_clean_first': False, 'cmake_force_configure': False, 'cmake_target': None, 'cmake_target_skip_unavailable': False, 'install_base': '/home/pi/KSARMecanum/install/distance_node', 'merge_install': False, 'path': '/home/pi/KSARMecanum/src/distance_node', 'symlink_install': False, 'test_result_base': None}
[1.955s] Level 5:colcon.colcon_core.verb:set package 'main_package_robot' build argument 'cmake_args' from command line to 'None'
[1.955s] Level 5:colcon.colcon_core.verb:set package 'main_package_robot' build argument 'cmake_target' from command line to 'None'
[1.955s] Level 5:colcon.colcon_core.verb:set package 'main_package_robot' build argument 'cmake_target_skip_unavailable' from command line to 'False'
[1.955s] Level 5:colcon.colcon_core.verb:set package 'main_package_robot' build argument 'cmake_clean_cache' from command line to 'False'
[1.955s] Level 5:colcon.colcon_core.verb:set package 'main_package_robot' build argument 'cmake_clean_first' from command line to 'False'
[1.955s] Level 5:colcon.colcon_core.verb:set package 'main_package_robot' build argument 'cmake_force_configure' from command line to 'False'
[1.956s] Level 5:colcon.colcon_core.verb:set package 'main_package_robot' build argument 'ament_cmake_args' from command line to 'None'
[1.956s] Level 5:colcon.colcon_core.verb:set package 'main_package_robot' build argument 'catkin_cmake_args' from command line to 'None'
[1.956s] Level 5:colcon.colcon_core.verb:set package 'main_package_robot' build argument 'catkin_skip_building_tests' from command line to 'False'
[1.956s] DEBUG:colcon.colcon_core.verb:Building package 'main_package_robot' with the following arguments: {'ament_cmake_args': None, 'build_base': '/home/pi/KSARMecanum/build/main_package_robot', 'catkin_cmake_args': None, 'catkin_skip_building_tests': False, 'cmake_args': None, 'cmake_clean_cache': False, 'cmake_clean_first': False, 'cmake_force_configure': False, 'cmake_target': None, 'cmake_target_skip_unavailable': False, 'install_base': '/home/pi/KSARMecanum/install/main_package_robot', 'merge_install': False, 'path': '/home/pi/KSARMecanum/src/main_package_robot', 'symlink_install': False, 'test_result_base': None}
[1.960s] Level 5:colcon.colcon_core.verb:set package 'motor_control_node' build argument 'cmake_args' from command line to 'None'
[1.960s] Level 5:colcon.colcon_core.verb:set package 'motor_control_node' build argument 'cmake_target' from command line to 'None'
[1.960s] Level 5:colcon.colcon_core.verb:set package 'motor_control_node' build argument 'cmake_target_skip_unavailable' from command line to 'False'
[1.960s] Level 5:colcon.colcon_core.verb:set package 'motor_control_node' build argument 'cmake_clean_cache' from command line to 'False'
[1.960s] Level 5:colcon.colcon_core.verb:set package 'motor_control_node' build argument 'cmake_clean_first' from command line to 'False'
[1.960s] Level 5:colcon.colcon_core.verb:set package 'motor_control_node' build argument 'cmake_force_configure' from command line to 'False'
[1.960s] Level 5:colcon.colcon_core.verb:set package 'motor_control_node' build argument 'ament_cmake_args' from command line to 'None'
[1.960s] Level 5:colcon.colcon_core.verb:set package 'motor_control_node' build argument 'catkin_cmake_args' from command line to 'None'
[1.961s] Level 5:colcon.colcon_core.verb:set package 'motor_control_node' build argument 'catkin_skip_building_tests' from command line to 'False'
[1.961s] DEBUG:colcon.colcon_core.verb:Building package 'motor_control_node' with the following arguments: {'ament_cmake_args': None, 'build_base': '/home/pi/KSARMecanum/build/motor_control_node', 'catkin_cmake_args': None, 'catkin_skip_building_tests': False, 'cmake_args': None, 'cmake_clean_cache': False, 'cmake_clean_first': False, 'cmake_force_configure': False, 'cmake_target': None, 'cmake_target_skip_unavailable': False, 'install_base': '/home/pi/KSARMecanum/install/motor_control_node', 'merge_install': False, 'path': '/home/pi/KSARMecanum/src/motor_control_node', 'symlink_install': False, 'test_result_base': None}
[1.965s] Level 5:colcon.colcon_core.verb:set package 'opencv_pub' build argument 'cmake_args' from command line to 'None'
[1.965s] Level 5:colcon.colcon_core.verb:set package 'opencv_pub' build argument 'cmake_target' from command line to 'None'
[1.965s] Level 5:colcon.colcon_core.verb:set package 'opencv_pub' build argument 'cmake_target_skip_unavailable' from command line to 'False'
[1.965s] Level 5:colcon.colcon_core.verb:set package 'opencv_pub' build argument 'cmake_clean_cache' from command line to 'False'
[1.965s] Level 5:colcon.colcon_core.verb:set package 'opencv_pub' build argument 'cmake_clean_first' from command line to 'False'
[1.965s] Level 5:colcon.colcon_core.verb:set package 'opencv_pub' build argument 'cmake_force_configure' from command line to 'False'
[1.965s] Level 5:colcon.colcon_core.verb:set package 'opencv_pub' build argument 'ament_cmake_args' from command line to 'None'
[1.965s] Level 5:colcon.colcon_core.verb:set package 'opencv_pub' build argument 'catkin_cmake_args' from command line to 'None'
[1.965s] Level 5:colcon.colcon_core.verb:set package 'opencv_pub' build argument 'catkin_skip_building_tests' from command line to 'False'
[1.966s] DEBUG:colcon.colcon_core.verb:Building package 'opencv_pub' with the following arguments: {'ament_cmake_args': None, 'build_base': '/home/pi/KSARMecanum/build/opencv_pub', 'catkin_cmake_args': None, 'catkin_skip_building_tests': False, 'cmake_args': None, 'cmake_clean_cache': False, 'cmake_clean_first': False, 'cmake_force_configure': False, 'cmake_target': None, 'cmake_target_skip_unavailable': False, 'install_base': '/home/pi/KSARMecanum/install/opencv_pub', 'merge_install': False, 'path': '/home/pi/KSARMecanum/src/opencv_pub', 'symlink_install': False, 'test_result_base': None}
[1.968s] INFO:colcon.colcon_core.executor:Executing jobs using 'parallel' executor
[1.980s] DEBUG:colcon.colcon_parallel_executor.executor.parallel:run_until_complete
[1.981s] INFO:colcon.colcon_ros.task.ament_python.build:Building ROS package in '/home/pi/KSARMecanum/src/aruco_publisher' with build type 'ament_python'
[1.982s] Level 1:colcon.colcon_core.shell:create_environment_hook('aruco_publisher', 'ament_prefix_path')
[2.000s] INFO:colcon.colcon_core.plugin_system:Skipping extension 'colcon_core.shell.bat': Not used on non-Windows systems
[2.001s] INFO:colcon.colcon_core.shell:Creating environment hook '/home/pi/KSARMecanum/install/aruco_publisher/share/aruco_publisher/hook/ament_prefix_path.ps1'
[2.003s] INFO:colcon.colcon_core.shell:Creating environment descriptor '/home/pi/KSARMecanum/install/aruco_publisher/share/aruco_publisher/hook/ament_prefix_path.dsv'
[2.005s] INFO:colcon.colcon_core.shell:Creating environment hook '/home/pi/KSARMecanum/install/aruco_publisher/share/aruco_publisher/hook/ament_prefix_path.sh'
[2.013s] INFO:colcon.colcon_core.shell:Skip shell extension 'powershell' for command environment: Not usable outside of PowerShell
[2.013s] DEBUG:colcon.colcon_core.shell:Skip shell extension 'dsv' for command environment
[2.036s] INFO:colcon.colcon_ros.task.ament_python.build:Building ROS package in '/home/pi/KSARMecanum/src/distance_node' with build type 'ament_python'
[2.037s] Level 1:colcon.colcon_core.shell:create_environment_hook('distance_node', 'ament_prefix_path')
[2.043s] INFO:colcon.colcon_core.shell:Creating environment hook '/home/pi/KSARMecanum/install/distance_node/share/distance_node/hook/ament_prefix_path.ps1'
[2.044s] INFO:colcon.colcon_core.shell:Creating environment descriptor '/home/pi/KSARMecanum/install/distance_node/share/distance_node/hook/ament_prefix_path.dsv'
[2.046s] INFO:colcon.colcon_core.shell:Creating environment hook '/home/pi/KSARMecanum/install/distance_node/share/distance_node/hook/ament_prefix_path.sh'
[2.052s] INFO:colcon.colcon_core.shell:Skip shell extension 'powershell' for command environment: Not usable outside of PowerShell
[2.053s] DEBUG:colcon.colcon_core.shell:Skip shell extension 'dsv' for command environment
[2.075s] INFO:colcon.colcon_ros.task.ament_python.build:Building ROS package in '/home/pi/KSARMecanum/src/main_package_robot' with build type 'ament_python'
[2.075s] Level 1:colcon.colcon_core.shell:create_environment_hook('main_package_robot', 'ament_prefix_path')
[2.081s] INFO:colcon.colcon_core.shell:Creating environment hook '/home/pi/KSARMecanum/install/main_package_robot/share/main_package_robot/hook/ament_prefix_path.ps1'
[2.084s] INFO:colcon.colcon_core.shell:Creating environment descriptor '/home/pi/KSARMecanum/install/main_package_robot/share/main_package_robot/hook/ament_prefix_path.dsv'
[2.086s] INFO:colcon.colcon_core.shell:Creating environment hook '/home/pi/KSARMecanum/install/main_package_robot/share/main_package_robot/hook/ament_prefix_path.sh'
[2.093s] INFO:colcon.colcon_core.shell:Skip shell extension 'powershell' for command environment: Not usable outside of PowerShell
[2.093s] DEBUG:colcon.colcon_core.shell:Skip shell extension 'dsv' for command environment
[2.115s] INFO:colcon.colcon_ros.task.ament_python.build:Building ROS package in '/home/pi/KSARMecanum/src/motor_control_node' with build type 'ament_python'
[2.116s] Level 1:colcon.colcon_core.shell:create_environment_hook('motor_control_node', 'ament_prefix_path')
[2.122s] INFO:colcon.colcon_core.shell:Creating environment hook '/home/pi/KSARMecanum/install/motor_control_node/share/motor_control_node/hook/ament_prefix_path.ps1'
[2.124s] INFO:colcon.colcon_core.shell:Creating environment descriptor '/home/pi/KSARMecanum/install/motor_control_node/share/motor_control_node/hook/ament_prefix_path.dsv'
[2.126s] INFO:colcon.colcon_core.shell:Creating environment hook '/home/pi/KSARMecanum/install/motor_control_node/share/motor_control_node/hook/ament_prefix_path.sh'
[2.132s] INFO:colcon.colcon_core.shell:Skip shell extension 'powershell' for command environment: Not usable outside of PowerShell
[2.133s] DEBUG:colcon.colcon_core.shell:Skip shell extension 'dsv' for command environment
[3.257s] INFO:colcon.colcon_core.task.python.build:Building Python package in '/home/pi/KSARMecanum/src/aruco_publisher'
[3.262s] INFO:colcon.colcon_core.shell:Skip shell extension 'powershell' for command environment: Not usable outside of PowerShell
[3.262s] DEBUG:colcon.colcon_core.shell:Skip shell extension 'dsv' for command environment
[4.374s] INFO:colcon.colcon_core.task.python.build:Building Python package in '/home/pi/KSARMecanum/src/distance_node'
[4.380s] INFO:colcon.colcon_core.shell:Skip shell extension 'powershell' for command environment: Not usable outside of PowerShell
[4.380s] DEBUG:colcon.colcon_core.shell:Skip shell extension 'dsv' for command environment
[5.497s] INFO:colcon.colcon_core.task.python.build:Building Python package in '/home/pi/KSARMecanum/src/main_package_robot'
[5.502s] INFO:colcon.colcon_core.shell:Skip shell extension 'powershell' for command environment: Not usable outside of PowerShell
[5.502s] DEBUG:colcon.colcon_core.shell:Skip shell extension 'dsv' for command environment
[6.624s] INFO:colcon.colcon_core.task.python.build:Building Python package in '/home/pi/KSARMecanum/src/motor_control_node'
[6.629s] INFO:colcon.colcon_core.shell:Skip shell extension 'powershell' for command environment: Not usable outside of PowerShell
[6.630s] DEBUG:colcon.colcon_core.shell:Skip shell extension 'dsv' for command environment
[8.934s] DEBUG:colcon.colcon_core.event_handler.log_command:Invoking command in '/home/pi/KSARMecanum/src/distance_node': PYTHONPATH=/home/pi/KSARMecanum/build/distance_node/prefix_override:/home/pi/KSARMecanum/install/distance_node/lib/python3.10/site-packages:${PYTHONPATH} /usr/bin/python3 setup.py egg_info --egg-base ../../build/distance_node build --build-base /home/pi/KSARMecanum/build/distance_node/build install --record /home/pi/KSARMecanum/build/distance_node/install.log --single-version-externally-managed
[8.979s] DEBUG:colcon.colcon_core.event_handler.log_command:Invoking command in '/home/pi/KSARMecanum/src/main_package_robot': PYTHONPATH=/home/pi/KSARMecanum/build/main_package_robot/prefix_override:/home/pi/KSARMecanum/install/main_package_robot/lib/python3.10/site-packages:${PYTHONPATH} /usr/bin/python3 setup.py egg_info --egg-base ../../build/main_package_robot build --build-base /home/pi/KSARMecanum/build/main_package_robot/build install --record /home/pi/KSARMecanum/build/main_package_robot/install.log --single-version-externally-managed
[9.002s] DEBUG:colcon.colcon_core.event_handler.log_command:Invoking command in '/home/pi/KSARMecanum/src/aruco_publisher': PYTHONPATH=/home/pi/KSARMecanum/build/aruco_publisher/prefix_override:/home/pi/KSARMecanum/install/aruco_publisher/lib/python3.10/site-packages:${PYTHONPATH} /usr/bin/python3 setup.py egg_info --egg-base ../../build/aruco_publisher build --build-base /home/pi/KSARMecanum/build/aruco_publisher/build install --record /home/pi/KSARMecanum/build/aruco_publisher/install.log --single-version-externally-managed
[9.017s] DEBUG:colcon.colcon_core.event_handler.log_command:Invoking command in '/home/pi/KSARMecanum/src/motor_control_node': PYTHONPATH=/home/pi/KSARMecanum/build/motor_control_node/prefix_override:/home/pi/KSARMecanum/install/motor_control_node/lib/python3.10/site-packages:${PYTHONPATH} /usr/bin/python3 setup.py egg_info --egg-base ../../build/motor_control_node build --build-base /home/pi/KSARMecanum/build/motor_control_node/build install --record /home/pi/KSARMecanum/build/motor_control_node/install.log --single-version-externally-managed
[10.992s] DEBUG:colcon.colcon_core.event_handler.log_command:Invoked command in '/home/pi/KSARMecanum/src/distance_node' returned '0': PYTHONPATH=/home/pi/KSARMecanum/build/distance_node/prefix_override:/home/pi/KSARMecanum/install/distance_node/lib/python3.10/site-packages:${PYTHONPATH} /usr/bin/python3 setup.py egg_info --egg-base ../../build/distance_node build --build-base /home/pi/KSARMecanum/build/distance_node/build install --record /home/pi/KSARMecanum/build/distance_node/install.log --single-version-externally-managed
[11.044s] Level 1:colcon.colcon_core.environment:checking '/home/pi/KSARMecanum/install/distance_node' for CMake module files
[11.048s] Level 1:colcon.colcon_core.environment:checking '/home/pi/KSARMecanum/install/distance_node' for CMake config files
[11.055s] Level 1:colcon.colcon_core.environment:checking '/home/pi/KSARMecanum/install/distance_node/lib'
[11.056s] Level 1:colcon.colcon_core.environment:checking '/home/pi/KSARMecanum/install/distance_node/bin'
[11.057s] Level 1:colcon.colcon_core.environment:checking '/home/pi/KSARMecanum/install/distance_node/lib/pkgconfig/distance_node.pc'
[11.058s] Level 1:colcon.colcon_core.environment:checking '/home/pi/KSARMecanum/install/distance_node/lib/python3.10/site-packages'
[11.059s] Level 1:colcon.colcon_core.shell:create_environment_hook('distance_node', 'pythonpath')
[11.067s] INFO:colcon.colcon_core.shell:Creating environment hook '/home/pi/KSARMecanum/install/distance_node/share/distance_node/hook/pythonpath.ps1'
[11.071s] INFO:colcon.colcon_core.shell:Creating environment descriptor '/home/pi/KSARMecanum/install/distance_node/share/distance_node/hook/pythonpath.dsv'
[11.074s] INFO:colcon.colcon_core.shell:Creating environment hook '/home/pi/KSARMecanum/install/distance_node/share/distance_node/hook/pythonpath.sh'
[11.078s] Level 1:colcon.colcon_core.environment:checking '/home/pi/KSARMecanum/install/distance_node/bin'
[11.079s] Level 1:colcon.colcon_core.environment:create_environment_scripts_only(distance_node)
[11.088s] INFO:colcon.colcon_core.shell:Creating package script '/home/pi/KSARMecanum/install/distance_node/share/distance_node/package.ps1'
[11.094s] INFO:colcon.colcon_core.shell:Creating package descriptor '/home/pi/KSARMecanum/install/distance_node/share/distance_node/package.dsv'
[11.099s] INFO:colcon.colcon_core.shell:Creating package script '/home/pi/KSARMecanum/install/distance_node/share/distance_node/package.sh'
[11.104s] INFO:colcon.colcon_core.shell:Creating package script '/home/pi/KSARMecanum/install/distance_node/share/distance_node/package.bash'
[11.108s] INFO:colcon.colcon_core.shell:Creating package script '/home/pi/KSARMecanum/install/distance_node/share/distance_node/package.zsh'
[11.112s] Level 1:colcon.colcon_core.environment:create_file_with_runtime_dependencies(/home/pi/KSARMecanum/install/distance_node/share/colcon-core/packages/distance_node)
[11.118s] INFO:colcon.colcon_ros.task.ament_python.build:Building ROS package in '/home/pi/KSARMecanum/src/opencv_pub' with build type 'ament_python'
[11.120s] Level 1:colcon.colcon_core.shell:create_environment_hook('opencv_pub', 'ament_prefix_path')
[11.129s] INFO:colcon.colcon_core.shell:Creating environment hook '/home/pi/KSARMecanum/install/opencv_pub/share/opencv_pub/hook/ament_prefix_path.ps1'
[11.133s] INFO:colcon.colcon_core.shell:Creating environment descriptor '/home/pi/KSARMecanum/install/opencv_pub/share/opencv_pub/hook/ament_prefix_path.dsv'
[11.135s] INFO:colcon.colcon_core.shell:Creating environment hook '/home/pi/KSARMecanum/install/opencv_pub/share/opencv_pub/hook/ament_prefix_path.sh'
[11.141s] INFO:colcon.colcon_core.shell:Skip shell extension 'powershell' for command environment: Not usable outside of PowerShell
[11.142s] DEBUG:colcon.colcon_core.shell:Skip shell extension 'dsv' for command environment
[11.173s] Level 1:colcon.colcon_core.environment:checking '/home/pi/KSARMecanum/install/main_package_robot' for CMake module files
[11.175s] DEBUG:colcon.colcon_core.event_handler.log_command:Invoked command in '/home/pi/KSARMecanum/src/main_package_robot' returned '0': PYTHONPATH=/home/pi/KSARMecanum/build/main_package_robot/prefix_override:/home/pi/KSARMecanum/install/main_package_robot/lib/python3.10/site-packages:${PYTHONPATH} /usr/bin/python3 setup.py egg_info --egg-base ../../build/main_package_robot build --build-base /home/pi/KSARMecanum/build/main_package_robot/build install --record /home/pi/KSARMecanum/build/main_package_robot/install.log --single-version-externally-managed
[11.178s] Level 1:colcon.colcon_core.environment:checking '/home/pi/KSARMecanum/install/main_package_robot' for CMake config files
[11.181s] Level 1:colcon.colcon_core.environment:checking '/home/pi/KSARMecanum/install/main_package_robot/lib'
[11.181s] Level 1:colcon.colcon_core.environment:checking '/home/pi/KSARMecanum/install/main_package_robot/bin'
[11.182s] Level 1:colcon.colcon_core.environment:checking '/home/pi/KSARMecanum/install/main_package_robot/lib/pkgconfig/main_package_robot.pc'
[11.182s] Level 1:colcon.colcon_core.environment:checking '/home/pi/KSARMecanum/install/main_package_robot/lib/python3.10/site-packages'
[11.183s] Level 1:colcon.colcon_core.shell:create_environment_hook('main_package_robot', 'pythonpath')
[11.188s] INFO:colcon.colcon_core.shell:Creating environment hook '/home/pi/KSARMecanum/install/main_package_robot/share/main_package_robot/hook/pythonpath.ps1'
[11.189s] INFO:colcon.colcon_core.shell:Creating environment descriptor '/home/pi/KSARMecanum/install/main_package_robot/share/main_package_robot/hook/pythonpath.dsv'
[11.191s] INFO:colcon.colcon_core.shell:Creating environment hook '/home/pi/KSARMecanum/install/main_package_robot/share/main_package_robot/hook/pythonpath.sh'
[11.194s] Level 1:colcon.colcon_core.environment:checking '/home/pi/KSARMecanum/install/main_package_robot/bin'
[11.194s] Level 1:colcon.colcon_core.environment:create_environment_scripts_only(main_package_robot)
[11.199s] INFO:colcon.colcon_core.shell:Creating package script '/home/pi/KSARMecanum/install/main_package_robot/share/main_package_robot/package.ps1'
[11.201s] INFO:colcon.colcon_core.shell:Creating package descriptor '/home/pi/KSARMecanum/install/main_package_robot/share/main_package_robot/package.dsv'
[11.204s] INFO:colcon.colcon_core.shell:Creating package script '/home/pi/KSARMecanum/install/main_package_robot/share/main_package_robot/package.sh'
[11.206s] INFO:colcon.colcon_core.shell:Creating package script '/home/pi/KSARMecanum/install/main_package_robot/share/main_package_robot/package.bash'
[11.207s] INFO:colcon.colcon_core.shell:Creating package script '/home/pi/KSARMecanum/install/main_package_robot/share/main_package_robot/package.zsh'
[11.209s] Level 1:colcon.colcon_core.environment:create_file_with_runtime_dependencies(/home/pi/KSARMecanum/install/main_package_robot/share/colcon-core/packages/main_package_robot)
[11.217s] Level 1:colcon.colcon_core.environment:checking '/home/pi/KSARMecanum/install/aruco_publisher' for CMake module files
[11.221s] DEBUG:colcon.colcon_core.event_handler.log_command:Invoked command in '/home/pi/KSARMecanum/src/aruco_publisher' returned '0': PYTHONPATH=/home/pi/KSARMecanum/build/aruco_publisher/prefix_override:/home/pi/KSARMecanum/install/aruco_publisher/lib/python3.10/site-packages:${PYTHONPATH} /usr/bin/python3 setup.py egg_info --egg-base ../../build/aruco_publisher build --build-base /home/pi/KSARMecanum/build/aruco_publisher/build install --record /home/pi/KSARMecanum/build/aruco_publisher/install.log --single-version-externally-managed
[11.222s] Level 1:colcon.colcon_core.environment:checking '/home/pi/KSARMecanum/install/aruco_publisher' for CMake config files
[11.225s] Level 1:colcon.colcon_core.environment:checking '/home/pi/KSARMecanum/install/aruco_publisher/lib'
[11.226s] Level 1:colcon.colcon_core.environment:checking '/home/pi/KSARMecanum/install/aruco_publisher/bin'
[11.226s] Level 1:colcon.colcon_core.environment:checking '/home/pi/KSARMecanum/install/aruco_publisher/lib/pkgconfig/aruco_publisher.pc'
[11.227s] Level 1:colcon.colcon_core.environment:checking '/home/pi/KSARMecanum/install/aruco_publisher/lib/python3.10/site-packages'
[11.227s] Level 1:colcon.colcon_core.shell:create_environment_hook('aruco_publisher', 'pythonpath')
[11.232s] INFO:colcon.colcon_core.shell:Creating environment hook '/home/pi/KSARMecanum/install/aruco_publisher/share/aruco_publisher/hook/pythonpath.ps1'
[11.234s] INFO:colcon.colcon_core.shell:Creating environment descriptor '/home/pi/KSARMecanum/install/aruco_publisher/share/aruco_publisher/hook/pythonpath.dsv'
[11.235s] INFO:colcon.colcon_core.shell:Creating environment hook '/home/pi/KSARMecanum/install/aruco_publisher/share/aruco_publisher/hook/pythonpath.sh'
[11.237s] Level 1:colcon.colcon_core.environment:checking '/home/pi/KSARMecanum/install/aruco_publisher/bin'
[11.238s] Level 1:colcon.colcon_core.environment:create_environment_scripts_only(aruco_publisher)
[11.243s] INFO:colcon.colcon_core.shell:Creating package script '/home/pi/KSARMecanum/install/aruco_publisher/share/aruco_publisher/package.ps1'
[11.245s] INFO:colcon.colcon_core.shell:Creating package descriptor '/home/pi/KSARMecanum/install/aruco_publisher/share/aruco_publisher/package.dsv'
[11.247s] INFO:colcon.colcon_core.shell:Creating package script '/home/pi/KSARMecanum/install/aruco_publisher/share/aruco_publisher/package.sh'
[11.250s] INFO:colcon.colcon_core.shell:Creating package script '/home/pi/KSARMecanum/install/aruco_publisher/share/aruco_publisher/package.bash'
[11.252s] INFO:colcon.colcon_core.shell:Creating package script '/home/pi/KSARMecanum/install/aruco_publisher/share/aruco_publisher/package.zsh'
[11.253s] Level 1:colcon.colcon_core.environment:create_file_with_runtime_dependencies(/home/pi/KSARMecanum/install/aruco_publisher/share/colcon-core/packages/aruco_publisher)
[11.264s] Level 1:colcon.colcon_core.environment:checking '/home/pi/KSARMecanum/install/motor_control_node' for CMake module files
[11.266s] DEBUG:colcon.colcon_core.event_handler.log_command:Invoked command in '/home/pi/KSARMecanum/src/motor_control_node' returned '0': PYTHONPATH=/home/pi/KSARMecanum/build/motor_control_node/prefix_override:/home/pi/KSARMecanum/install/motor_control_node/lib/python3.10/site-packages:${PYTHONPATH} /usr/bin/python3 setup.py egg_info --egg-base ../../build/motor_control_node build --build-base /home/pi/KSARMecanum/build/motor_control_node/build install --record /home/pi/KSARMecanum/build/motor_control_node/install.log --single-version-externally-managed
[11.268s] Level 1:colcon.colcon_core.environment:checking '/home/pi/KSARMecanum/install/motor_control_node' for CMake config files
[11.271s] Level 1:colcon.colcon_core.environment:checking '/home/pi/KSARMecanum/install/motor_control_node/lib'
[11.271s] Level 1:colcon.colcon_core.environment:checking '/home/pi/KSARMecanum/install/motor_control_node/bin'
[11.272s] Level 1:colcon.colcon_core.environment:checking '/home/pi/KSARMecanum/install/motor_control_node/lib/pkgconfig/motor_control_node.pc'
[11.272s] Level 1:colcon.colcon_core.environment:checking '/home/pi/KSARMecanum/install/motor_control_node/lib/python3.10/site-packages'
[11.273s] Level 1:colcon.colcon_core.shell:create_environment_hook('motor_control_node', 'pythonpath')
[11.277s] INFO:colcon.colcon_core.shell:Creating environment hook '/home/pi/KSARMecanum/install/motor_control_node/share/motor_control_node/hook/pythonpath.ps1'
[11.280s] INFO:colcon.colcon_core.shell:Creating environment descriptor '/home/pi/KSARMecanum/install/motor_control_node/share/motor_control_node/hook/pythonpath.dsv'
[11.281s] INFO:colcon.colcon_core.shell:Creating environment hook '/home/pi/KSARMecanum/install/motor_control_node/share/motor_control_node/hook/pythonpath.sh'
[11.284s] Level 1:colcon.colcon_core.environment:checking '/home/pi/KSARMecanum/install/motor_control_node/bin'
[11.284s] Level 1:colcon.colcon_core.environment:create_environment_scripts_only(motor_control_node)
[11.289s] INFO:colcon.colcon_core.shell:Creating package script '/home/pi/KSARMecanum/install/motor_control_node/share/motor_control_node/package.ps1'
[11.291s] INFO:colcon.colcon_core.shell:Creating package descriptor '/home/pi/KSARMecanum/install/motor_control_node/share/motor_control_node/package.dsv'
[11.293s] INFO:colcon.colcon_core.shell:Creating package script '/home/pi/KSARMecanum/install/motor_control_node/share/motor_control_node/package.sh'
[11.295s] INFO:colcon.colcon_core.shell:Creating package script '/home/pi/KSARMecanum/install/motor_control_node/share/motor_control_node/package.bash'
[11.297s] INFO:colcon.colcon_core.shell:Creating package script '/home/pi/KSARMecanum/install/motor_control_node/share/motor_control_node/package.zsh'
[11.298s] Level 1:colcon.colcon_core.environment:create_file_with_runtime_dependencies(/home/pi/KSARMecanum/install/motor_control_node/share/colcon-core/packages/motor_control_node)
[12.399s] INFO:colcon.colcon_core.task.python.build:Building Python package in '/home/pi/KSARMecanum/src/opencv_pub'
[12.404s] INFO:colcon.colcon_core.shell:Skip shell extension 'powershell' for command environment: Not usable outside of PowerShell
[12.404s] DEBUG:colcon.colcon_core.shell:Skip shell extension 'dsv' for command environment
[13.810s] DEBUG:colcon.colcon_core.event_handler.log_command:Invoking command in '/home/pi/KSARMecanum/src/opencv_pub': PYTHONPATH=/home/pi/KSARMecanum/build/opencv_pub/prefix_override:/home/pi/KSARMecanum/install/opencv_pub/lib/python3.10/site-packages:${PYTHONPATH} /usr/bin/python3 setup.py egg_info --egg-base ../../build/opencv_pub build --build-base /home/pi/KSARMecanum/build/opencv_pub/build install --record /home/pi/KSARMecanum/build/opencv_pub/install.log --single-version-externally-managed
[15.056s] Level 1:colcon.colcon_core.environment:checking '/home/pi/KSARMecanum/install/opencv_pub' for CMake module files
[15.058s] DEBUG:colcon.colcon_core.event_handler.log_command:Invoked command in '/home/pi/KSARMecanum/src/opencv_pub' returned '0': PYTHONPATH=/home/pi/KSARMecanum/build/opencv_pub/prefix_override:/home/pi/KSARMecanum/install/opencv_pub/lib/python3.10/site-packages:${PYTHONPATH} /usr/bin/python3 setup.py egg_info --egg-base ../../build/opencv_pub build --build-base /home/pi/KSARMecanum/build/opencv_pub/build install --record /home/pi/KSARMecanum/build/opencv_pub/install.log --single-version-externally-managed
[15.059s] Level 1:colcon.colcon_core.environment:checking '/home/pi/KSARMecanum/install/opencv_pub' for CMake config files
[15.062s] Level 1:colcon.colcon_core.environment:checking '/home/pi/KSARMecanum/install/opencv_pub/lib'
[15.063s] Level 1:colcon.colcon_core.environment:checking '/home/pi/KSARMecanum/install/opencv_pub/bin'
[15.063s] Level 1:colcon.colcon_core.environment:checking '/home/pi/KSARMecanum/install/opencv_pub/lib/pkgconfig/opencv_pub.pc'
[15.064s] Level 1:colcon.colcon_core.environment:checking '/home/pi/KSARMecanum/install/opencv_pub/lib/python3.10/site-packages'
[15.064s] Level 1:colcon.colcon_core.shell:create_environment_hook('opencv_pub', 'pythonpath')
[15.069s] INFO:colcon.colcon_core.shell:Creating environment hook '/home/pi/KSARMecanum/install/opencv_pub/share/opencv_pub/hook/pythonpath.ps1'
[15.071s] INFO:colcon.colcon_core.shell:Creating environment descriptor '/home/pi/KSARMecanum/install/opencv_pub/share/opencv_pub/hook/pythonpath.dsv'
[15.072s] INFO:colcon.colcon_core.shell:Creating environment hook '/home/pi/KSARMecanum/install/opencv_pub/share/opencv_pub/hook/pythonpath.sh'
[15.074s] Level 1:colcon.colcon_core.environment:checking '/home/pi/KSARMecanum/install/opencv_pub/bin'
[15.075s] Level 1:colcon.colcon_core.environment:create_environment_scripts_only(opencv_pub)
[15.080s] INFO:colcon.colcon_core.shell:Creating package script '/home/pi/KSARMecanum/install/opencv_pub/share/opencv_pub/package.ps1'
[15.082s] INFO:colcon.colcon_core.shell:Creating package descriptor '/home/pi/KSARMecanum/install/opencv_pub/share/opencv_pub/package.dsv'
[15.084s] INFO:colcon.colcon_core.shell:Creating package script '/home/pi/KSARMecanum/install/opencv_pub/share/opencv_pub/package.sh'
[15.086s] INFO:colcon.colcon_core.shell:Creating package script '/home/pi/KSARMecanum/install/opencv_pub/share/opencv_pub/package.bash'
[15.087s] INFO:colcon.colcon_core.shell:Creating package script '/home/pi/KSARMecanum/install/opencv_pub/share/opencv_pub/package.zsh'
[15.089s] Level 1:colcon.colcon_core.environment:create_file_with_runtime_dependencies(/home/pi/KSARMecanum/install/opencv_pub/share/colcon-core/packages/opencv_pub)
[15.090s] DEBUG:colcon.colcon_parallel_executor.executor.parallel:closing loop
[15.091s] DEBUG:colcon.colcon_parallel_executor.executor.parallel:loop closed
[15.092s] DEBUG:colcon.colcon_parallel_executor.executor.parallel:run_until_complete finished with '0'
[15.092s] DEBUG:colcon.colcon_core.event_reactor:joining thread
[15.114s] INFO:colcon.colcon_core.plugin_system:Skipping extension 'colcon_notification.desktop_notification.terminal_notifier': Not used on non-Darwin systems
[15.114s] INFO:colcon.colcon_core.plugin_system:Skipping extension 'colcon_notification.desktop_notification.win32': Not used on non-Windows systems
[15.114s] INFO:colcon.colcon_notification.desktop_notification:Sending desktop notification using 'notify2'
[15.119s] DEBUG:colcon.colcon_notification.desktop_notification.notify2:Failed to initialize notify2: org.freedesktop.DBus.Error.ServiceUnknown: The name org.freedesktop.Notifications was not provided by any .service files
[15.119s] DEBUG:colcon.colcon_core.event_reactor:joined thread
[15.125s] INFO:colcon.colcon_core.shell:Creating prefix script '/home/pi/KSARMecanum/install/local_setup.ps1'
[15.128s] INFO:colcon.colcon_core.shell:Creating prefix util module '/home/pi/KSARMecanum/install/_local_setup_util_ps1.py'
[15.133s] INFO:colcon.colcon_core.shell:Creating prefix chain script '/home/pi/KSARMecanum/install/setup.ps1'
[15.140s] INFO:colcon.colcon_core.shell:Creating prefix script '/home/pi/KSARMecanum/install/local_setup.sh'
[15.142s] INFO:colcon.colcon_core.shell:Creating prefix util module '/home/pi/KSARMecanum/install/_local_setup_util_sh.py'
[15.144s] INFO:colcon.colcon_core.shell:Creating prefix chain script '/home/pi/KSARMecanum/install/setup.sh'
[15.151s] INFO:colcon.colcon_core.shell:Creating prefix script '/home/pi/KSARMecanum/install/local_setup.bash'
[15.153s] INFO:colcon.colcon_core.shell:Creating prefix chain script '/home/pi/KSARMecanum/install/setup.bash'
[15.159s] INFO:colcon.colcon_core.shell:Creating prefix script '/home/pi/KSARMecanum/install/local_setup.zsh'
[15.161s] INFO:colcon.colcon_core.shell:Creating prefix chain script '/home/pi/KSARMecanum/install/setup.zsh'
