[7.793s] Invoking command in '/home/pi/KSARMecanum/src/main_package_robot': PYTHONPATH=/home/pi/KSARMecanum/build/main_package_robot/prefix_override:/home/pi/KSARMecanum/install/main_package_robot/lib/python3.10/site-packages:${PYTHONPATH} /usr/bin/python3 setup.py egg_info --egg-base ../../build/main_package_robot build --build-base /home/pi/KSARMecanum/build/main_package_robot/build install --record /home/pi/KSARMecanum/build/main_package_robot/install.log --single-version-externally-managed
[9.348s] running egg_info
[9.350s] writing ../../build/main_package_robot/main_package_robot.egg-info/PKG-INFO
[9.353s] writing dependency_links to ../../build/main_package_robot/main_package_robot.egg-info/dependency_links.txt
[9.353s] writing entry points to ../../build/main_package_robot/main_package_robot.egg-info/entry_points.txt
[9.354s] writing requirements to ../../build/main_package_robot/main_package_robot.egg-info/requires.txt
[9.354s] writing top-level names to ../../build/main_package_robot/main_package_robot.egg-info/top_level.txt
[9.374s] reading manifest file '../../build/main_package_robot/main_package_robot.egg-info/SOURCES.txt'
[9.379s] writing manifest file '../../build/main_package_robot/main_package_robot.egg-info/SOURCES.txt'
[9.380s] running build
[9.381s] running build_py
[9.388s] running install
[9.391s] /usr/lib/python3/dist-packages/setuptools/command/install.py:34: SetuptoolsDeprecationWarning: setup.py install is deprecated. Use build and pip and other standards-based tools.
[9.393s]   warnings.warn(
[9.396s] running install_lib
[9.407s] running install_data
[9.412s] running install_egg_info
[9.422s] removing '/home/pi/KSARMecanum/install/main_package_robot/lib/python3.10/site-packages/main_package_robot-0.0.0-py3.10.egg-info' (and everything under it)
[9.426s] Copying ../../build/main_package_robot/main_package_robot.egg-info to /home/pi/KSARMecanum/install/main_package_robot/lib/python3.10/site-packages/main_package_robot-0.0.0-py3.10.egg-info
[9.436s] running install_scripts
[9.611s] Installing main_node script to /home/pi/KSARMecanum/install/main_package_robot/lib/main_package_robot
[9.619s] writing list of installed files to '/home/pi/KSARMecanum/build/main_package_robot/install.log'
[10.092s] Invoked command in '/home/pi/KSARMecanum/src/main_package_robot' returned '0': PYTHONPATH=/home/pi/KSARMecanum/build/main_package_robot/prefix_override:/home/pi/KSARMecanum/install/main_package_robot/lib/python3.10/site-packages:${PYTHONPATH} /usr/bin/python3 setup.py egg_info --egg-base ../../build/main_package_robot build --build-base /home/pi/KSARMecanum/build/main_package_robot/build install --record /home/pi/KSARMecanum/build/main_package_robot/install.log --single-version-externally-managed
