[8.217s] Invoking command in '/home/pi/KSARMecanum/src/motor_control_node': PYTHONPATH=/home/pi/KSARMecanum/build/motor_control_node/prefix_override:/home/pi/KSARMecanum/install/motor_control_node/lib/python3.10/site-packages:${PYTHONPATH} /usr/bin/python3 setup.py egg_info --egg-base ../../build/motor_control_node build --build-base /home/pi/KSARMecanum/build/motor_control_node/build install --record /home/pi/KSARMecanum/build/motor_control_node/install.log --single-version-externally-managed
[10.726s] running egg_info
[10.731s] writing ../../build/motor_control_node/motor_control_node.egg-info/PKG-INFO
[10.733s] writing dependency_links to ../../build/motor_control_node/motor_control_node.egg-info/dependency_links.txt
[10.735s] writing entry points to ../../build/motor_control_node/motor_control_node.egg-info/entry_points.txt
[10.736s] writing requirements to ../../build/motor_control_node/motor_control_node.egg-info/requires.txt
[10.737s] writing top-level names to ../../build/motor_control_node/motor_control_node.egg-info/top_level.txt
[10.767s] reading manifest file '../../build/motor_control_node/motor_control_node.egg-info/SOURCES.txt'
[10.777s] writing manifest file '../../build/motor_control_node/motor_control_node.egg-info/SOURCES.txt'
[10.778s] running build
[10.788s] running build_py
[10.789s] running install
[10.789s] /usr/lib/python3/dist-packages/setuptools/command/install.py:34: SetuptoolsDeprecationWarning: setup.py install is deprecated. Use build and pip and other standards-based tools.
[10.790s]   warnings.warn(
[10.790s] running install_lib
[10.795s] running install_data
[10.797s] running install_egg_info
[10.811s] removing '/home/pi/KSARMecanum/install/motor_control_node/lib/python3.10/site-packages/motor_control_node-0.0.0-py3.10.egg-info' (and everything under it)
[10.815s] Copying ../../build/motor_control_node/motor_control_node.egg-info to /home/pi/KSARMecanum/install/motor_control_node/lib/python3.10/site-packages/motor_control_node-0.0.0-py3.10.egg-info
[10.834s] running install_scripts
[11.017s] Installing motor_control script to /home/pi/KSARMecanum/install/motor_control_node/lib/motor_control_node
[11.021s] writing list of installed files to '/home/pi/KSARMecanum/build/motor_control_node/install.log'
[12.650s] Invoked command in '/home/pi/KSARMecanum/src/motor_control_node' returned '0': PYTHONPATH=/home/pi/KSARMecanum/build/motor_control_node/prefix_override:/home/pi/KSARMecanum/install/motor_control_node/lib/python3.10/site-packages:${PYTHONPATH} /usr/bin/python3 setup.py egg_info --egg-base ../../build/motor_control_node build --build-base /home/pi/KSARMecanum/build/motor_control_node/build install --record /home/pi/KSARMecanum/build/motor_control_node/install.log --single-version-externally-managed
