[1.639s] DEBUG:colcon:Command line arguments: ['/usr/bin/colcon', 'build']
[1.640s] DEBUG:colcon:Parsed command line arguments: Namespace(log_base=None, log_level=None, verb_name='build', build_base='build', install_base='install', merge_install=False, symlink_install=False, test_result_base=None, continue_on_error=False, executor='parallel', parallel_workers=4, event_handlers=None, ignore_user_meta=False, metas=['./colcon.meta'], base_paths=['.'], packages_ignore=None, packages_ignore_regex=None, paths=None, packages_up_to=None, packages_up_to_regex=None, packages_above=None, packages_above_and_dependencies=None, packages_above_depth=None, packages_select_by_dep=None, packages_skip_by_dep=None, packages_skip_up_to=None, packages_select_build_failed=False, packages_skip_build_finished=False, packages_select_test_failures=False, packages_skip_test_passed=False, packages_select=None, packages_skip=None, packages_select_regex=None, packages_skip_regex=None, packages_start=None, packages_end=None, allow_overriding=[], cmake_args=None, cmake_target=None, cmake_target_skip_unavailable=False, cmake_clean_cache=False, cmake_clean_first=False, cmake_force_configure=False, ament_cmake_args=None, catkin_cmake_args=None, catkin_skip_building_tests=False, verb_parser=<colcon_defaults.argument_parser.defaults.DefaultArgumentsDecorator object at 0xffffa923a170>, verb_extension=<colcon_core.verb.build.BuildVerb object at 0xffffa9afbd90>, main=<bound method BuildVerb.main of <colcon_core.verb.build.BuildVerb object at 0xffffa9afbd90>>)
[1.804s] Level 1:colcon.colcon_core.package_discovery:discover_packages(colcon_meta) check parameters
[1.805s] Level 1:colcon.colcon_core.package_discovery:discover_packages(recursive) check parameters
[1.805s] Level 1:colcon.colcon_core.package_discovery:discover_packages(ignore) check parameters
[1.805s] Level 1:colcon.colcon_core.package_discovery:discover_packages(path) check parameters
[1.805s] Level 1:colcon.colcon_core.package_discovery:discover_packages(colcon_meta) discover
[1.805s] Level 1:colcon.colcon_core.package_discovery:discover_packages(recursive) discover
[1.805s] INFO:colcon.colcon_core.package_discovery:Crawling recursively for packages in '/home/pi/KSARMecanum'
[1.806s] Level 1:colcon.colcon_core.package_identification:_identify(.) by extensions ['ignore', 'ignore_ament_install']
[1.806s] Level 1:colcon.colcon_core.package_identification:_identify(.) by extension 'ignore'
[1.806s] Level 1:colcon.colcon_core.package_identification:_identify(.) by extension 'ignore_ament_install'
[1.807s] Level 1:colcon.colcon_core.package_identification:_identify(.) by extensions ['colcon_pkg']
[1.807s] Level 1:colcon.colcon_core.package_identification:_identify(.) by extension 'colcon_pkg'
[1.807s] Level 1:colcon.colcon_core.package_identification:_identify(.) by extensions ['colcon_meta']
[1.807s] Level 1:colcon.colcon_core.package_identification:_identify(.) by extension 'colcon_meta'
[1.807s] Level 1:colcon.colcon_core.package_identification:_identify(.) by extensions ['ros']
[1.807s] Level 1:colcon.colcon_core.package_identification:_identify(.) by extension 'ros'
[1.863s] Level 1:colcon.colcon_core.package_identification:_identify(.) by extensions ['cmake', 'python']
[1.863s] Level 1:colcon.colcon_core.package_identification:_identify(.) by extension 'cmake'
[1.864s] Level 1:colcon.colcon_core.package_identification:_identify(.) by extension 'python'
[1.864s] Level 1:colcon.colcon_core.package_identification:_identify(.) by extensions ['python_setup_py']
[1.864s] Level 1:colcon.colcon_core.package_identification:_identify(.) by extension 'python_setup_py'
[1.864s] Level 1:colcon.colcon_core.package_identification:_identify(build) by extensions ['ignore', 'ignore_ament_install']
[1.865s] Level 1:colcon.colcon_core.package_identification:_identify(build) by extension 'ignore'
[1.865s] Level 1:colcon.colcon_core.package_identification:_identify(build) ignored
[1.866s] Level 1:colcon.colcon_core.package_identification:_identify(install) by extensions ['ignore', 'ignore_ament_install']
[1.866s] Level 1:colcon.colcon_core.package_identification:_identify(install) by extension 'ignore'
[1.866s] Level 1:colcon.colcon_core.package_identification:_identify(install) ignored
[1.867s] Level 1:colcon.colcon_core.package_identification:_identify(log) by extensions ['ignore', 'ignore_ament_install']
[1.867s] Level 1:colcon.colcon_core.package_identification:_identify(log) by extension 'ignore'
[1.867s] Level 1:colcon.colcon_core.package_identification:_identify(log) ignored
[1.868s] Level 1:colcon.colcon_core.package_identification:_identify(src) by extensions ['ignore', 'ignore_ament_install']
[1.868s] Level 1:colcon.colcon_core.package_identification:_identify(src) by extension 'ignore'
[1.868s] Level 1:colcon.colcon_core.package_identification:_identify(src) by extension 'ignore_ament_install'
[1.868s] Level 1:colcon.colcon_core.package_identification:_identify(src) by extensions ['colcon_pkg']
[1.868s] Level 1:colcon.colcon_core.package_identification:_identify(src) by extension 'colcon_pkg'
[1.869s] Level 1:colcon.colcon_core.package_identification:_identify(src) by extensions ['colcon_meta']
[1.869s] Level 1:colcon.colcon_core.package_identification:_identify(src) by extension 'colcon_meta'
[1.869s] Level 1:colcon.colcon_core.package_identification:_identify(src) by extensions ['ros']
[1.869s] Level 1:colcon.colcon_core.package_identification:_identify(src) by extension 'ros'
[1.869s] Level 1:colcon.colcon_core.package_identification:_identify(src) by extensions ['cmake', 'python']
[1.869s] Level 1:colcon.colcon_core.package_identification:_identify(src) by extension 'cmake'
[1.870s] Level 1:colcon.colcon_core.package_identification:_identify(src) by extension 'python'
[1.870s] Level 1:colcon.colcon_core.package_identification:_identify(src) by extensions ['python_setup_py']
[1.870s] Level 1:colcon.colcon_core.package_identification:_identify(src) by extension 'python_setup_py'
[1.870s] Level 1:colcon.colcon_core.package_identification:_identify(src/aruco_publisher) by extensions ['ignore', 'ignore_ament_install']
[1.871s] Level 1:colcon.colcon_core.package_identification:_identify(src/aruco_publisher) by extension 'ignore'
[1.871s] Level 1:colcon.colcon_core.package_identification:_identify(src/aruco_publisher) by extension 'ignore_ament_install'
[1.871s] Level 1:colcon.colcon_core.package_identification:_identify(src/aruco_publisher) by extensions ['colcon_pkg']
[1.871s] Level 1:colcon.colcon_core.package_identification:_identify(src/aruco_publisher) by extension 'colcon_pkg'
[1.871s] Level 1:colcon.colcon_core.package_identification:_identify(src/aruco_publisher) by extensions ['colcon_meta']
[1.872s] Level 1:colcon.colcon_core.package_identification:_identify(src/aruco_publisher) by extension 'colcon_meta'
[1.872s] Level 1:colcon.colcon_core.package_identification:_identify(src/aruco_publisher) by extensions ['ros']
[1.872s] Level 1:colcon.colcon_core.package_identification:_identify(src/aruco_publisher) by extension 'ros'
[1.881s] DEBUG:colcon.colcon_core.package_identification:Package 'src/aruco_publisher' with type 'ros.ament_python' and name 'aruco_publisher'
[1.882s] Level 1:colcon.colcon_core.package_identification:_identify(src/distance_node) by extensions ['ignore', 'ignore_ament_install']
[1.883s] Level 1:colcon.colcon_core.package_identification:_identify(src/distance_node) by extension 'ignore'
[1.883s] Level 1:colcon.colcon_core.package_identification:_identify(src/distance_node) by extension 'ignore_ament_install'
[1.883s] Level 1:colcon.colcon_core.package_identification:_identify(src/distance_node) by extensions ['colcon_pkg']
[1.883s] Level 1:colcon.colcon_core.package_identification:_identify(src/distance_node) by extension 'colcon_pkg'
[1.884s] Level 1:colcon.colcon_core.package_identification:_identify(src/distance_node) by extensions ['colcon_meta']
[1.884s] Level 1:colcon.colcon_core.package_identification:_identify(src/distance_node) by extension 'colcon_meta'
[1.884s] Level 1:colcon.colcon_core.package_identification:_identify(src/distance_node) by extensions ['ros']
[1.884s] Level 1:colcon.colcon_core.package_identification:_identify(src/distance_node) by extension 'ros'
[1.886s] DEBUG:colcon.colcon_core.package_identification:Package 'src/distance_node' with type 'ros.ament_python' and name 'distance_node'
[1.887s] Level 1:colcon.colcon_core.package_identification:_identify(src/main_package_robot) by extensions ['ignore', 'ignore_ament_install']
[1.887s] Level 1:colcon.colcon_core.package_identification:_identify(src/main_package_robot) by extension 'ignore'
[1.888s] Level 1:colcon.colcon_core.package_identification:_identify(src/main_package_robot) by extension 'ignore_ament_install'
[1.888s] Level 1:colcon.colcon_core.package_identification:_identify(src/main_package_robot) by extensions ['colcon_pkg']
[1.888s] Level 1:colcon.colcon_core.package_identification:_identify(src/main_package_robot) by extension 'colcon_pkg'
[1.888s] Level 1:colcon.colcon_core.package_identification:_identify(src/main_package_robot) by extensions ['colcon_meta']
[1.888s] Level 1:colcon.colcon_core.package_identification:_identify(src/main_package_robot) by extension 'colcon_meta'
[1.888s] Level 1:colcon.colcon_core.package_identification:_identify(src/main_package_robot) by extensions ['ros']
[1.888s] Level 1:colcon.colcon_core.package_identification:_identify(src/main_package_robot) by extension 'ros'
[1.892s] DEBUG:colcon.colcon_core.package_identification:Package 'src/main_package_robot' with type 'ros.ament_python' and name 'main_package_robot'
[1.894s] Level 1:colcon.colcon_core.package_identification:_identify(src/motor_control_node) by extensions ['ignore', 'ignore_ament_install']
[1.897s] Level 1:colcon.colcon_core.package_identification:_identify(src/motor_control_node) by extension 'ignore'
[1.898s] Level 1:colcon.colcon_core.package_identification:_identify(src/motor_control_node) by extension 'ignore_ament_install'
[1.899s] Level 1:colcon.colcon_core.package_identification:_identify(src/motor_control_node) by extensions ['colcon_pkg']
[1.900s] Level 1:colcon.colcon_core.package_identification:_identify(src/motor_control_node) by extension 'colcon_pkg'
[1.900s] Level 1:colcon.colcon_core.package_identification:_identify(src/motor_control_node) by extensions ['colcon_meta']
[1.900s] Level 1:colcon.colcon_core.package_identification:_identify(src/motor_control_node) by extension 'colcon_meta'
[1.901s] Level 1:colcon.colcon_core.package_identification:_identify(src/motor_control_node) by extensions ['ros']
[1.901s] Level 1:colcon.colcon_core.package_identification:_identify(src/motor_control_node) by extension 'ros'
[1.904s] DEBUG:colcon.colcon_core.package_identification:Package 'src/motor_control_node' with type 'ros.ament_python' and name 'motor_control_node'
[1.904s] Level 1:colcon.colcon_core.package_identification:_identify(src/opencv_pub) by extensions ['ignore', 'ignore_ament_install']
[1.905s] Level 1:colcon.colcon_core.package_identification:_identify(src/opencv_pub) by extension 'ignore'
[1.905s] Level 1:colcon.colcon_core.package_identification:_identify(src/opencv_pub) by extension 'ignore_ament_install'
[1.905s] Level 1:colcon.colcon_core.package_identification:_identify(src/opencv_pub) by extensions ['colcon_pkg']
[1.905s] Level 1:colcon.colcon_core.package_identification:_identify(src/opencv_pub) by extension 'colcon_pkg'
[1.905s] Level 1:colcon.colcon_core.package_identification:_identify(src/opencv_pub) by extensions ['colcon_meta']
[1.906s] Level 1:colcon.colcon_core.package_identification:_identify(src/opencv_pub) by extension 'colcon_meta'
[1.906s] Level 1:colcon.colcon_core.package_identification:_identify(src/opencv_pub) by extensions ['ros']
[1.906s] Level 1:colcon.colcon_core.package_identification:_identify(src/opencv_pub) by extension 'ros'
[1.909s] DEBUG:colcon.colcon_core.package_identification:Package 'src/opencv_pub' with type 'ros.ament_python' and name 'opencv_pub'
[1.909s] Level 1:colcon.colcon_core.package_discovery:discover_packages(recursive) using defaults
[1.909s] Level 1:colcon.colcon_core.package_discovery:discover_packages(ignore) discover
[1.909s] Level 1:colcon.colcon_core.package_discovery:discover_packages(ignore) using defaults
[1.909s] Level 1:colcon.colcon_core.package_discovery:discover_packages(path) discover
[1.909s] Level 1:colcon.colcon_core.package_discovery:discover_packages(path) using defaults
[2.017s] Level 1:colcon.colcon_core.package_discovery:discover_packages(prefix_path) check parameters
[2.018s] Level 1:colcon.colcon_core.package_discovery:discover_packages(prefix_path) discover
[2.033s] DEBUG:colcon.colcon_installed_package_information.package_discovery:Found 5 installed packages in /home/pi/KSARMecanum/install
[2.044s] DEBUG:colcon.colcon_installed_package_information.package_discovery:Found 270 installed packages in /opt/ros/humble
[2.054s] Level 1:colcon.colcon_core.package_discovery:discover_packages(prefix_path) using defaults
[2.362s] Level 5:colcon.colcon_core.verb:set package 'aruco_publisher' build argument 'cmake_args' from command line to 'None'
[2.362s] Level 5:colcon.colcon_core.verb:set package 'aruco_publisher' build argument 'cmake_target' from command line to 'None'
[2.362s] Level 5:colcon.colcon_core.verb:set package 'aruco_publisher' build argument 'cmake_target_skip_unavailable' from command line to 'False'
[2.362s] Level 5:colcon.colcon_core.verb:set package 'aruco_publisher' build argument 'cmake_clean_cache' from command line to 'False'
[2.362s] Level 5:colcon.colcon_core.verb:set package 'aruco_publisher' build argument 'cmake_clean_first' from command line to 'False'
[2.362s] Level 5:colcon.colcon_core.verb:set package 'aruco_publisher' build argument 'cmake_force_configure' from command line to 'False'
[2.362s] Level 5:colcon.colcon_core.verb:set package 'aruco_publisher' build argument 'ament_cmake_args' from command line to 'None'
[2.362s] Level 5:colcon.colcon_core.verb:set package 'aruco_publisher' build argument 'catkin_cmake_args' from command line to 'None'
[2.363s] Level 5:colcon.colcon_core.verb:set package 'aruco_publisher' build argument 'catkin_skip_building_tests' from command line to 'False'
[2.363s] DEBUG:colcon.colcon_core.verb:Building package 'aruco_publisher' with the following arguments: {'ament_cmake_args': None, 'build_base': '/home/pi/KSARMecanum/build/aruco_publisher', 'catkin_cmake_args': None, 'catkin_skip_building_tests': False, 'cmake_args': None, 'cmake_clean_cache': False, 'cmake_clean_first': False, 'cmake_force_configure': False, 'cmake_target': None, 'cmake_target_skip_unavailable': False, 'install_base': '/home/pi/KSARMecanum/install/aruco_publisher', 'merge_install': False, 'path': '/home/pi/KSARMecanum/src/aruco_publisher', 'symlink_install': False, 'test_result_base': None}
[2.367s] Level 5:colcon.colcon_core.verb:set package 'distance_node' build argument 'cmake_args' from command line to 'None'
[2.367s] Level 5:colcon.colcon_core.verb:set package 'distance_node' build argument 'cmake_target' from command line to 'None'
[2.367s] Level 5:colcon.colcon_core.verb:set package 'distance_node' build argument 'cmake_target_skip_unavailable' from command line to 'False'
[2.368s] Level 5:colcon.colcon_core.verb:set package 'distance_node' build argument 'cmake_clean_cache' from command line to 'False'
[2.368s] Level 5:colcon.colcon_core.verb:set package 'distance_node' build argument 'cmake_clean_first' from command line to 'False'
[2.368s] Level 5:colcon.colcon_core.verb:set package 'distance_node' build argument 'cmake_force_configure' from command line to 'False'
[2.368s] Level 5:colcon.colcon_core.verb:set package 'distance_node' build argument 'ament_cmake_args' from command line to 'None'
[2.368s] Level 5:colcon.colcon_core.verb:set package 'distance_node' build argument 'catkin_cmake_args' from command line to 'None'
[2.368s] Level 5:colcon.colcon_core.verb:set package 'distance_node' build argument 'catkin_skip_building_tests' from command line to 'False'
[2.368s] DEBUG:colcon.colcon_core.verb:Building package 'distance_node' with the following arguments: {'ament_cmake_args': None, 'build_base': '/home/pi/KSARMecanum/build/distance_node', 'catkin_cmake_args': None, 'catkin_skip_building_tests': False, 'cmake_args': None, 'cmake_clean_cache': False, 'cmake_clean_first': False, 'cmake_force_configure': False, 'cmake_target': None, 'cmake_target_skip_unavailable': False, 'install_base': '/home/pi/KSARMecanum/install/distance_node', 'merge_install': False, 'path': '/home/pi/KSARMecanum/src/distance_node', 'symlink_install': False, 'test_result_base': None}
[2.377s] Level 5:colcon.colcon_core.verb:set package 'main_package_robot' build argument 'cmake_args' from command line to 'None'
[2.377s] Level 5:colcon.colcon_core.verb:set package 'main_package_robot' build argument 'cmake_target' from command line to 'None'
[2.378s] Level 5:colcon.colcon_core.verb:set package 'main_package_robot' build argument 'cmake_target_skip_unavailable' from command line to 'False'
[2.378s] Level 5:colcon.colcon_core.verb:set package 'main_package_robot' build argument 'cmake_clean_cache' from command line to 'False'
[2.379s] Level 5:colcon.colcon_core.verb:set package 'main_package_robot' build argument 'cmake_clean_first' from command line to 'False'
[2.380s] Level 5:colcon.colcon_core.verb:set package 'main_package_robot' build argument 'cmake_force_configure' from command line to 'False'
[2.380s] Level 5:colcon.colcon_core.verb:set package 'main_package_robot' build argument 'ament_cmake_args' from command line to 'None'
[2.380s] Level 5:colcon.colcon_core.verb:set package 'main_package_robot' build argument 'catkin_cmake_args' from command line to 'None'
[2.380s] Level 5:colcon.colcon_core.verb:set package 'main_package_robot' build argument 'catkin_skip_building_tests' from command line to 'False'
[2.380s] DEBUG:colcon.colcon_core.verb:Building package 'main_package_robot' with the following arguments: {'ament_cmake_args': None, 'build_base': '/home/pi/KSARMecanum/build/main_package_robot', 'catkin_cmake_args': None, 'catkin_skip_building_tests': False, 'cmake_args': None, 'cmake_clean_cache': False, 'cmake_clean_first': False, 'cmake_force_configure': False, 'cmake_target': None, 'cmake_target_skip_unavailable': False, 'install_base': '/home/pi/KSARMecanum/install/main_package_robot', 'merge_install': False, 'path': '/home/pi/KSARMecanum/src/main_package_robot', 'symlink_install': False, 'test_result_base': None}
[2.385s] Level 5:colcon.colcon_core.verb:set package 'motor_control_node' build argument 'cmake_args' from command line to 'None'
[2.385s] Level 5:colcon.colcon_core.verb:set package 'motor_control_node' build argument 'cmake_target' from command line to 'None'
[2.385s] Level 5:colcon.colcon_core.verb:set package 'motor_control_node' build argument 'cmake_target_skip_unavailable' from command line to 'False'
[2.385s] Level 5:colcon.colcon_core.verb:set package 'motor_control_node' build argument 'cmake_clean_cache' from command line to 'False'
[2.385s] Level 5:colcon.colcon_core.verb:set package 'motor_control_node' build argument 'cmake_clean_first' from command line to 'False'
[2.385s] Level 5:colcon.colcon_core.verb:set package 'motor_control_node' build argument 'cmake_force_configure' from command line to 'False'
[2.386s] Level 5:colcon.colcon_core.verb:set package 'motor_control_node' build argument 'ament_cmake_args' from command line to 'None'
[2.386s] Level 5:colcon.colcon_core.verb:set package 'motor_control_node' build argument 'catkin_cmake_args' from command line to 'None'
[2.386s] Level 5:colcon.colcon_core.verb:set package 'motor_control_node' build argument 'catkin_skip_building_tests' from command line to 'False'
[2.386s] DEBUG:colcon.colcon_core.verb:Building package 'motor_control_node' with the following arguments: {'ament_cmake_args': None, 'build_base': '/home/pi/KSARMecanum/build/motor_control_node', 'catkin_cmake_args': None, 'catkin_skip_building_tests': False, 'cmake_args': None, 'cmake_clean_cache': False, 'cmake_clean_first': False, 'cmake_force_configure': False, 'cmake_target': None, 'cmake_target_skip_unavailable': False, 'install_base': '/home/pi/KSARMecanum/install/motor_control_node', 'merge_install': False, 'path': '/home/pi/KSARMecanum/src/motor_control_node', 'symlink_install': False, 'test_result_base': None}
[2.390s] Level 5:colcon.colcon_core.verb:set package 'opencv_pub' build argument 'cmake_args' from command line to 'None'
[2.390s] Level 5:colcon.colcon_core.verb:set package 'opencv_pub' build argument 'cmake_target' from command line to 'None'
[2.390s] Level 5:colcon.colcon_core.verb:set package 'opencv_pub' build argument 'cmake_target_skip_unavailable' from command line to 'False'
[2.390s] Level 5:colcon.colcon_core.verb:set package 'opencv_pub' build argument 'cmake_clean_cache' from command line to 'False'
[2.391s] Level 5:colcon.colcon_core.verb:set package 'opencv_pub' build argument 'cmake_clean_first' from command line to 'False'
[2.391s] Level 5:colcon.colcon_core.verb:set package 'opencv_pub' build argument 'cmake_force_configure' from command line to 'False'
[2.391s] Level 5:colcon.colcon_core.verb:set package 'opencv_pub' build argument 'ament_cmake_args' from command line to 'None'
[2.391s] Level 5:colcon.colcon_core.verb:set package 'opencv_pub' build argument 'catkin_cmake_args' from command line to 'None'
[2.391s] Level 5:colcon.colcon_core.verb:set package 'opencv_pub' build argument 'catkin_skip_building_tests' from command line to 'False'
[2.391s] DEBUG:colcon.colcon_core.verb:Building package 'opencv_pub' with the following arguments: {'ament_cmake_args': None, 'build_base': '/home/pi/KSARMecanum/build/opencv_pub', 'catkin_cmake_args': None, 'catkin_skip_building_tests': False, 'cmake_args': None, 'cmake_clean_cache': False, 'cmake_clean_first': False, 'cmake_force_configure': False, 'cmake_target': None, 'cmake_target_skip_unavailable': False, 'install_base': '/home/pi/KSARMecanum/install/opencv_pub', 'merge_install': False, 'path': '/home/pi/KSARMecanum/src/opencv_pub', 'symlink_install': False, 'test_result_base': None}
[2.394s] INFO:colcon.colcon_core.executor:Executing jobs using 'parallel' executor
[2.406s] DEBUG:colcon.colcon_parallel_executor.executor.parallel:run_until_complete
[2.408s] INFO:colcon.colcon_ros.task.ament_python.build:Building ROS package in '/home/pi/KSARMecanum/src/aruco_publisher' with build type 'ament_python'
[2.409s] Level 1:colcon.colcon_core.shell:create_environment_hook('aruco_publisher', 'ament_prefix_path')
[2.428s] INFO:colcon.colcon_core.plugin_system:Skipping extension 'colcon_core.shell.bat': Not used on non-Windows systems
[2.429s] INFO:colcon.colcon_core.shell:Creating environment hook '/home/pi/KSARMecanum/install/aruco_publisher/share/aruco_publisher/hook/ament_prefix_path.ps1'
[2.433s] INFO:colcon.colcon_core.shell:Creating environment descriptor '/home/pi/KSARMecanum/install/aruco_publisher/share/aruco_publisher/hook/ament_prefix_path.dsv'
[2.440s] INFO:colcon.colcon_core.shell:Creating environment hook '/home/pi/KSARMecanum/install/aruco_publisher/share/aruco_publisher/hook/ament_prefix_path.sh'
[2.449s] INFO:colcon.colcon_core.shell:Skip shell extension 'powershell' for command environment: Not usable outside of PowerShell
[2.449s] DEBUG:colcon.colcon_core.shell:Skip shell extension 'dsv' for command environment
[2.474s] INFO:colcon.colcon_ros.task.ament_python.build:Building ROS package in '/home/pi/KSARMecanum/src/distance_node' with build type 'ament_python'
[2.475s] Level 1:colcon.colcon_core.shell:create_environment_hook('distance_node', 'ament_prefix_path')
[2.481s] INFO:colcon.colcon_core.shell:Creating environment hook '/home/pi/KSARMecanum/install/distance_node/share/distance_node/hook/ament_prefix_path.ps1'
[2.484s] INFO:colcon.colcon_core.shell:Creating environment descriptor '/home/pi/KSARMecanum/install/distance_node/share/distance_node/hook/ament_prefix_path.dsv'
[2.485s] INFO:colcon.colcon_core.shell:Creating environment hook '/home/pi/KSARMecanum/install/distance_node/share/distance_node/hook/ament_prefix_path.sh'
[2.497s] INFO:colcon.colcon_core.shell:Skip shell extension 'powershell' for command environment: Not usable outside of PowerShell
[2.498s] DEBUG:colcon.colcon_core.shell:Skip shell extension 'dsv' for command environment
[2.524s] INFO:colcon.colcon_ros.task.ament_python.build:Building ROS package in '/home/pi/KSARMecanum/src/main_package_robot' with build type 'ament_python'
[2.525s] Level 1:colcon.colcon_core.shell:create_environment_hook('main_package_robot', 'ament_prefix_path')
[2.531s] INFO:colcon.colcon_core.shell:Creating environment hook '/home/pi/KSARMecanum/install/main_package_robot/share/main_package_robot/hook/ament_prefix_path.ps1'
[2.533s] INFO:colcon.colcon_core.shell:Creating environment descriptor '/home/pi/KSARMecanum/install/main_package_robot/share/main_package_robot/hook/ament_prefix_path.dsv'
[2.534s] INFO:colcon.colcon_core.shell:Creating environment hook '/home/pi/KSARMecanum/install/main_package_robot/share/main_package_robot/hook/ament_prefix_path.sh'
[2.541s] INFO:colcon.colcon_core.shell:Skip shell extension 'powershell' for command environment: Not usable outside of PowerShell
[2.542s] DEBUG:colcon.colcon_core.shell:Skip shell extension 'dsv' for command environment
[2.568s] INFO:colcon.colcon_ros.task.ament_python.build:Building ROS package in '/home/pi/KSARMecanum/src/motor_control_node' with build type 'ament_python'
[2.569s] Level 1:colcon.colcon_core.shell:create_environment_hook('motor_control_node', 'ament_prefix_path')
[2.575s] INFO:colcon.colcon_core.shell:Creating environment hook '/home/pi/KSARMecanum/install/motor_control_node/share/motor_control_node/hook/ament_prefix_path.ps1'
[2.577s] INFO:colcon.colcon_core.shell:Creating environment descriptor '/home/pi/KSARMecanum/install/motor_control_node/share/motor_control_node/hook/ament_prefix_path.dsv'
[2.578s] INFO:colcon.colcon_core.shell:Creating environment hook '/home/pi/KSARMecanum/install/motor_control_node/share/motor_control_node/hook/ament_prefix_path.sh'
[2.585s] INFO:colcon.colcon_core.shell:Skip shell extension 'powershell' for command environment: Not usable outside of PowerShell
[2.586s] DEBUG:colcon.colcon_core.shell:Skip shell extension 'dsv' for command environment
[3.902s] INFO:colcon.colcon_core.task.python.build:Building Python package in '/home/pi/KSARMecanum/src/aruco_publisher'
[3.907s] INFO:colcon.colcon_core.shell:Skip shell extension 'powershell' for command environment: Not usable outside of PowerShell
[3.907s] DEBUG:colcon.colcon_core.shell:Skip shell extension 'dsv' for command environment
[5.224s] INFO:colcon.colcon_core.task.python.build:Building Python package in '/home/pi/KSARMecanum/src/distance_node'
[5.229s] INFO:colcon.colcon_core.shell:Skip shell extension 'powershell' for command environment: Not usable outside of PowerShell
[5.230s] DEBUG:colcon.colcon_core.shell:Skip shell extension 'dsv' for command environment
[6.591s] INFO:colcon.colcon_core.task.python.build:Building Python package in '/home/pi/KSARMecanum/src/main_package_robot'
[6.596s] INFO:colcon.colcon_core.shell:Skip shell extension 'powershell' for command environment: Not usable outside of PowerShell
[6.596s] DEBUG:colcon.colcon_core.shell:Skip shell extension 'dsv' for command environment
[7.922s] INFO:colcon.colcon_core.task.python.build:Building Python package in '/home/pi/KSARMecanum/src/motor_control_node'
[7.927s] INFO:colcon.colcon_core.shell:Skip shell extension 'powershell' for command environment: Not usable outside of PowerShell
[7.927s] DEBUG:colcon.colcon_core.shell:Skip shell extension 'dsv' for command environment
[10.434s] DEBUG:colcon.colcon_core.event_handler.log_command:Invoking command in '/home/pi/KSARMecanum/src/main_package_robot': PYTHONPATH=/home/pi/KSARMecanum/build/main_package_robot/prefix_override:/home/pi/KSARMecanum/install/main_package_robot/lib/python3.10/site-packages:${PYTHONPATH} /usr/bin/python3 setup.py egg_info --egg-base ../../build/main_package_robot build --build-base /home/pi/KSARMecanum/build/main_package_robot/build install --record /home/pi/KSARMecanum/build/main_package_robot/install.log --single-version-externally-managed
[10.787s] DEBUG:colcon.colcon_core.event_handler.log_command:Invoking command in '/home/pi/KSARMecanum/src/motor_control_node': PYTHONPATH=/home/pi/KSARMecanum/build/motor_control_node/prefix_override:/home/pi/KSARMecanum/install/motor_control_node/lib/python3.10/site-packages:${PYTHONPATH} /usr/bin/python3 setup.py egg_info --egg-base ../../build/motor_control_node build --build-base /home/pi/KSARMecanum/build/motor_control_node/build install --record /home/pi/KSARMecanum/build/motor_control_node/install.log --single-version-externally-managed
[10.940s] DEBUG:colcon.colcon_core.event_handler.log_command:Invoking command in '/home/pi/KSARMecanum/src/aruco_publisher': PYTHONPATH=/home/pi/KSARMecanum/build/aruco_publisher/prefix_override:/home/pi/KSARMecanum/install/aruco_publisher/lib/python3.10/site-packages:${PYTHONPATH} /usr/bin/python3 setup.py egg_info --egg-base ../../build/aruco_publisher build --build-base /home/pi/KSARMecanum/build/aruco_publisher/build install --record /home/pi/KSARMecanum/build/aruco_publisher/install.log --single-version-externally-managed
[11.248s] DEBUG:colcon.colcon_core.event_handler.log_command:Invoking command in '/home/pi/KSARMecanum/src/distance_node': PYTHONPATH=/home/pi/KSARMecanum/build/distance_node/prefix_override:/home/pi/KSARMecanum/install/distance_node/lib/python3.10/site-packages:${PYTHONPATH} /usr/bin/python3 setup.py egg_info --egg-base ../../build/distance_node build --build-base /home/pi/KSARMecanum/build/distance_node/build install --record /home/pi/KSARMecanum/build/distance_node/install.log --single-version-externally-managed
[13.332s] DEBUG:colcon.colcon_core.event_handler.log_command:Invoked command in '/home/pi/KSARMecanum/src/main_package_robot' returned '0': PYTHONPATH=/home/pi/KSARMecanum/build/main_package_robot/prefix_override:/home/pi/KSARMecanum/install/main_package_robot/lib/python3.10/site-packages:${PYTHONPATH} /usr/bin/python3 setup.py egg_info --egg-base ../../build/main_package_robot build --build-base /home/pi/KSARMecanum/build/main_package_robot/build install --record /home/pi/KSARMecanum/build/main_package_robot/install.log --single-version-externally-managed
[13.389s] Level 1:colcon.colcon_core.environment:checking '/home/pi/KSARMecanum/install/main_package_robot' for CMake module files
[13.394s] Level 1:colcon.colcon_core.environment:checking '/home/pi/KSARMecanum/install/main_package_robot' for CMake config files
[13.400s] Level 1:colcon.colcon_core.environment:checking '/home/pi/KSARMecanum/install/main_package_robot/lib'
[13.405s] Level 1:colcon.colcon_core.environment:checking '/home/pi/KSARMecanum/install/main_package_robot/bin'
[13.406s] Level 1:colcon.colcon_core.environment:checking '/home/pi/KSARMecanum/install/main_package_robot/lib/pkgconfig/main_package_robot.pc'
[13.409s] Level 1:colcon.colcon_core.environment:checking '/home/pi/KSARMecanum/install/main_package_robot/lib/python3.10/site-packages'
[13.410s] Level 1:colcon.colcon_core.shell:create_environment_hook('main_package_robot', 'pythonpath')
[13.419s] INFO:colcon.colcon_core.shell:Creating environment hook '/home/pi/KSARMecanum/install/main_package_robot/share/main_package_robot/hook/pythonpath.ps1'
[13.421s] INFO:colcon.colcon_core.shell:Creating environment descriptor '/home/pi/KSARMecanum/install/main_package_robot/share/main_package_robot/hook/pythonpath.dsv'
[13.423s] INFO:colcon.colcon_core.shell:Creating environment hook '/home/pi/KSARMecanum/install/main_package_robot/share/main_package_robot/hook/pythonpath.sh'
[13.427s] Level 1:colcon.colcon_core.environment:checking '/home/pi/KSARMecanum/install/main_package_robot/bin'
[13.428s] Level 1:colcon.colcon_core.environment:create_environment_scripts_only(main_package_robot)
[13.441s] INFO:colcon.colcon_core.shell:Creating package script '/home/pi/KSARMecanum/install/main_package_robot/share/main_package_robot/package.ps1'
[13.445s] INFO:colcon.colcon_core.shell:Creating package descriptor '/home/pi/KSARMecanum/install/main_package_robot/share/main_package_robot/package.dsv'
[13.450s] INFO:colcon.colcon_core.shell:Creating package script '/home/pi/KSARMecanum/install/main_package_robot/share/main_package_robot/package.sh'
[13.456s] INFO:colcon.colcon_core.shell:Creating package script '/home/pi/KSARMecanum/install/main_package_robot/share/main_package_robot/package.bash'
[13.465s] INFO:colcon.colcon_core.shell:Creating package script '/home/pi/KSARMecanum/install/main_package_robot/share/main_package_robot/package.zsh'
[13.473s] Level 1:colcon.colcon_core.environment:create_file_with_runtime_dependencies(/home/pi/KSARMecanum/install/main_package_robot/share/colcon-core/packages/main_package_robot)
[13.485s] INFO:colcon.colcon_ros.task.ament_python.build:Building ROS package in '/home/pi/KSARMecanum/src/opencv_pub' with build type 'ament_python'
[13.489s] Level 1:colcon.colcon_core.shell:create_environment_hook('opencv_pub', 'ament_prefix_path')
[13.502s] INFO:colcon.colcon_core.shell:Creating environment hook '/home/pi/KSARMecanum/install/opencv_pub/share/opencv_pub/hook/ament_prefix_path.ps1'
[13.509s] INFO:colcon.colcon_core.shell:Creating environment descriptor '/home/pi/KSARMecanum/install/opencv_pub/share/opencv_pub/hook/ament_prefix_path.dsv'
[13.515s] INFO:colcon.colcon_core.shell:Creating environment hook '/home/pi/KSARMecanum/install/opencv_pub/share/opencv_pub/hook/ament_prefix_path.sh'
[13.536s] INFO:colcon.colcon_core.shell:Skip shell extension 'powershell' for command environment: Not usable outside of PowerShell
[13.537s] DEBUG:colcon.colcon_core.shell:Skip shell extension 'dsv' for command environment
[15.065s] INFO:colcon.colcon_core.task.python.build:Building Python package in '/home/pi/KSARMecanum/src/opencv_pub'
[15.071s] INFO:colcon.colcon_core.shell:Skip shell extension 'powershell' for command environment: Not usable outside of PowerShell
[15.071s] DEBUG:colcon.colcon_core.shell:Skip shell extension 'dsv' for command environment
[15.108s] Level 1:colcon.colcon_core.environment:checking '/home/pi/KSARMecanum/install/aruco_publisher' for CMake module files
[15.109s] DEBUG:colcon.colcon_core.event_handler.log_command:Invoked command in '/home/pi/KSARMecanum/src/aruco_publisher' returned '0': PYTHONPATH=/home/pi/KSARMecanum/build/aruco_publisher/prefix_override:/home/pi/KSARMecanum/install/aruco_publisher/lib/python3.10/site-packages:${PYTHONPATH} /usr/bin/python3 setup.py egg_info --egg-base ../../build/aruco_publisher build --build-base /home/pi/KSARMecanum/build/aruco_publisher/build install --record /home/pi/KSARMecanum/build/aruco_publisher/install.log --single-version-externally-managed
[15.110s] Level 1:colcon.colcon_core.environment:checking '/home/pi/KSARMecanum/install/aruco_publisher' for CMake config files
[15.117s] Level 1:colcon.colcon_core.environment:checking '/home/pi/KSARMecanum/install/aruco_publisher/lib'
[15.119s] Level 1:colcon.colcon_core.environment:checking '/home/pi/KSARMecanum/install/aruco_publisher/bin'
[15.121s] Level 1:colcon.colcon_core.environment:checking '/home/pi/KSARMecanum/install/aruco_publisher/lib/pkgconfig/aruco_publisher.pc'
[15.122s] Level 1:colcon.colcon_core.environment:checking '/home/pi/KSARMecanum/install/aruco_publisher/lib/python3.10/site-packages'
[15.123s] Level 1:colcon.colcon_core.shell:create_environment_hook('aruco_publisher', 'pythonpath')
[15.128s] INFO:colcon.colcon_core.shell:Creating environment hook '/home/pi/KSARMecanum/install/aruco_publisher/share/aruco_publisher/hook/pythonpath.ps1'
[15.130s] INFO:colcon.colcon_core.shell:Creating environment descriptor '/home/pi/KSARMecanum/install/aruco_publisher/share/aruco_publisher/hook/pythonpath.dsv'
[15.132s] INFO:colcon.colcon_core.shell:Creating environment hook '/home/pi/KSARMecanum/install/aruco_publisher/share/aruco_publisher/hook/pythonpath.sh'
[15.134s] Level 1:colcon.colcon_core.environment:checking '/home/pi/KSARMecanum/install/aruco_publisher/bin'
[15.135s] Level 1:colcon.colcon_core.environment:create_environment_scripts_only(aruco_publisher)
[15.140s] INFO:colcon.colcon_core.shell:Creating package script '/home/pi/KSARMecanum/install/aruco_publisher/share/aruco_publisher/package.ps1'
[15.143s] INFO:colcon.colcon_core.shell:Creating package descriptor '/home/pi/KSARMecanum/install/aruco_publisher/share/aruco_publisher/package.dsv'
[15.144s] INFO:colcon.colcon_core.shell:Creating package script '/home/pi/KSARMecanum/install/aruco_publisher/share/aruco_publisher/package.sh'
[15.147s] INFO:colcon.colcon_core.shell:Creating package script '/home/pi/KSARMecanum/install/aruco_publisher/share/aruco_publisher/package.bash'
[15.149s] INFO:colcon.colcon_core.shell:Creating package script '/home/pi/KSARMecanum/install/aruco_publisher/share/aruco_publisher/package.zsh'
[15.150s] Level 1:colcon.colcon_core.environment:create_file_with_runtime_dependencies(/home/pi/KSARMecanum/install/aruco_publisher/share/colcon-core/packages/aruco_publisher)
[15.159s] Level 1:colcon.colcon_core.environment:checking '/home/pi/KSARMecanum/install/distance_node' for CMake module files
[15.164s] DEBUG:colcon.colcon_core.event_handler.log_command:Invoked command in '/home/pi/KSARMecanum/src/distance_node' returned '0': PYTHONPATH=/home/pi/KSARMecanum/build/distance_node/prefix_override:/home/pi/KSARMecanum/install/distance_node/lib/python3.10/site-packages:${PYTHONPATH} /usr/bin/python3 setup.py egg_info --egg-base ../../build/distance_node build --build-base /home/pi/KSARMecanum/build/distance_node/build install --record /home/pi/KSARMecanum/build/distance_node/install.log --single-version-externally-managed
[15.165s] Level 1:colcon.colcon_core.environment:checking '/home/pi/KSARMecanum/install/distance_node' for CMake config files
[15.169s] Level 1:colcon.colcon_core.environment:checking '/home/pi/KSARMecanum/install/distance_node/lib'
[15.169s] Level 1:colcon.colcon_core.environment:checking '/home/pi/KSARMecanum/install/distance_node/bin'
[15.170s] Level 1:colcon.colcon_core.environment:checking '/home/pi/KSARMecanum/install/distance_node/lib/pkgconfig/distance_node.pc'
[15.170s] Level 1:colcon.colcon_core.environment:checking '/home/pi/KSARMecanum/install/distance_node/lib/python3.10/site-packages'
[15.171s] Level 1:colcon.colcon_core.shell:create_environment_hook('distance_node', 'pythonpath')
[15.183s] INFO:colcon.colcon_core.shell:Creating environment hook '/home/pi/KSARMecanum/install/distance_node/share/distance_node/hook/pythonpath.ps1'
[15.185s] INFO:colcon.colcon_core.shell:Creating environment descriptor '/home/pi/KSARMecanum/install/distance_node/share/distance_node/hook/pythonpath.dsv'
[15.186s] INFO:colcon.colcon_core.shell:Creating environment hook '/home/pi/KSARMecanum/install/distance_node/share/distance_node/hook/pythonpath.sh'
[15.189s] Level 1:colcon.colcon_core.environment:checking '/home/pi/KSARMecanum/install/distance_node/bin'
[15.189s] Level 1:colcon.colcon_core.environment:create_environment_scripts_only(distance_node)
[15.195s] INFO:colcon.colcon_core.shell:Creating package script '/home/pi/KSARMecanum/install/distance_node/share/distance_node/package.ps1'
[15.197s] INFO:colcon.colcon_core.shell:Creating package descriptor '/home/pi/KSARMecanum/install/distance_node/share/distance_node/package.dsv'
[15.199s] INFO:colcon.colcon_core.shell:Creating package script '/home/pi/KSARMecanum/install/distance_node/share/distance_node/package.sh'
[15.202s] INFO:colcon.colcon_core.shell:Creating package script '/home/pi/KSARMecanum/install/distance_node/share/distance_node/package.bash'
[15.203s] INFO:colcon.colcon_core.shell:Creating package script '/home/pi/KSARMecanum/install/distance_node/share/distance_node/package.zsh'
[15.205s] Level 1:colcon.colcon_core.environment:create_file_with_runtime_dependencies(/home/pi/KSARMecanum/install/distance_node/share/colcon-core/packages/distance_node)
[15.217s] Level 1:colcon.colcon_core.environment:checking '/home/pi/KSARMecanum/install/motor_control_node' for CMake module files
[15.219s] DEBUG:colcon.colcon_core.event_handler.log_command:Invoked command in '/home/pi/KSARMecanum/src/motor_control_node' returned '0': PYTHONPATH=/home/pi/KSARMecanum/build/motor_control_node/prefix_override:/home/pi/KSARMecanum/install/motor_control_node/lib/python3.10/site-packages:${PYTHONPATH} /usr/bin/python3 setup.py egg_info --egg-base ../../build/motor_control_node build --build-base /home/pi/KSARMecanum/build/motor_control_node/build install --record /home/pi/KSARMecanum/build/motor_control_node/install.log --single-version-externally-managed
[15.221s] Level 1:colcon.colcon_core.environment:checking '/home/pi/KSARMecanum/install/motor_control_node' for CMake config files
[15.224s] Level 1:colcon.colcon_core.environment:checking '/home/pi/KSARMecanum/install/motor_control_node/lib'
[15.225s] Level 1:colcon.colcon_core.environment:checking '/home/pi/KSARMecanum/install/motor_control_node/bin'
[15.225s] Level 1:colcon.colcon_core.environment:checking '/home/pi/KSARMecanum/install/motor_control_node/lib/pkgconfig/motor_control_node.pc'
[15.226s] Level 1:colcon.colcon_core.environment:checking '/home/pi/KSARMecanum/install/motor_control_node/lib/python3.10/site-packages'
[15.226s] Level 1:colcon.colcon_core.shell:create_environment_hook('motor_control_node', 'pythonpath')
[15.232s] INFO:colcon.colcon_core.shell:Creating environment hook '/home/pi/KSARMecanum/install/motor_control_node/share/motor_control_node/hook/pythonpath.ps1'
[15.237s] INFO:colcon.colcon_core.shell:Creating environment descriptor '/home/pi/KSARMecanum/install/motor_control_node/share/motor_control_node/hook/pythonpath.dsv'
[15.242s] INFO:colcon.colcon_core.shell:Creating environment hook '/home/pi/KSARMecanum/install/motor_control_node/share/motor_control_node/hook/pythonpath.sh'
[15.245s] Level 1:colcon.colcon_core.environment:checking '/home/pi/KSARMecanum/install/motor_control_node/bin'
[15.246s] Level 1:colcon.colcon_core.environment:create_environment_scripts_only(motor_control_node)
[15.251s] INFO:colcon.colcon_core.shell:Creating package script '/home/pi/KSARMecanum/install/motor_control_node/share/motor_control_node/package.ps1'
[15.253s] INFO:colcon.colcon_core.shell:Creating package descriptor '/home/pi/KSARMecanum/install/motor_control_node/share/motor_control_node/package.dsv'
[15.255s] INFO:colcon.colcon_core.shell:Creating package script '/home/pi/KSARMecanum/install/motor_control_node/share/motor_control_node/package.sh'
[15.258s] INFO:colcon.colcon_core.shell:Creating package script '/home/pi/KSARMecanum/install/motor_control_node/share/motor_control_node/package.bash'
[15.259s] INFO:colcon.colcon_core.shell:Creating package script '/home/pi/KSARMecanum/install/motor_control_node/share/motor_control_node/package.zsh'
[15.261s] Level 1:colcon.colcon_core.environment:create_file_with_runtime_dependencies(/home/pi/KSARMecanum/install/motor_control_node/share/colcon-core/packages/motor_control_node)
[16.891s] DEBUG:colcon.colcon_core.event_handler.log_command:Invoking command in '/home/pi/KSARMecanum/src/opencv_pub': PYTHONPATH=/home/pi/KSARMecanum/build/opencv_pub/prefix_override:/home/pi/KSARMecanum/install/opencv_pub/lib/python3.10/site-packages:${PYTHONPATH} /usr/bin/python3 setup.py egg_info --egg-base ../../build/opencv_pub build --build-base /home/pi/KSARMecanum/build/opencv_pub/build install --record /home/pi/KSARMecanum/build/opencv_pub/install.log --single-version-externally-managed
[18.363s] Level 1:colcon.colcon_core.environment:checking '/home/pi/KSARMecanum/install/opencv_pub' for CMake module files
[18.364s] DEBUG:colcon.colcon_core.event_handler.log_command:Invoked command in '/home/pi/KSARMecanum/src/opencv_pub' returned '0': PYTHONPATH=/home/pi/KSARMecanum/build/opencv_pub/prefix_override:/home/pi/KSARMecanum/install/opencv_pub/lib/python3.10/site-packages:${PYTHONPATH} /usr/bin/python3 setup.py egg_info --egg-base ../../build/opencv_pub build --build-base /home/pi/KSARMecanum/build/opencv_pub/build install --record /home/pi/KSARMecanum/build/opencv_pub/install.log --single-version-externally-managed
[18.368s] Level 1:colcon.colcon_core.environment:checking '/home/pi/KSARMecanum/install/opencv_pub' for CMake config files
[18.371s] Level 1:colcon.colcon_core.environment:checking '/home/pi/KSARMecanum/install/opencv_pub/lib'
[18.372s] Level 1:colcon.colcon_core.environment:checking '/home/pi/KSARMecanum/install/opencv_pub/bin'
[18.372s] Level 1:colcon.colcon_core.environment:checking '/home/pi/KSARMecanum/install/opencv_pub/lib/pkgconfig/opencv_pub.pc'
[18.373s] Level 1:colcon.colcon_core.environment:checking '/home/pi/KSARMecanum/install/opencv_pub/lib/python3.10/site-packages'
[18.373s] Level 1:colcon.colcon_core.shell:create_environment_hook('opencv_pub', 'pythonpath')
[18.378s] INFO:colcon.colcon_core.shell:Creating environment hook '/home/pi/KSARMecanum/install/opencv_pub/share/opencv_pub/hook/pythonpath.ps1'
[18.380s] INFO:colcon.colcon_core.shell:Creating environment descriptor '/home/pi/KSARMecanum/install/opencv_pub/share/opencv_pub/hook/pythonpath.dsv'
[18.381s] INFO:colcon.colcon_core.shell:Creating environment hook '/home/pi/KSARMecanum/install/opencv_pub/share/opencv_pub/hook/pythonpath.sh'
[18.384s] Level 1:colcon.colcon_core.environment:checking '/home/pi/KSARMecanum/install/opencv_pub/bin'
[18.384s] Level 1:colcon.colcon_core.environment:create_environment_scripts_only(opencv_pub)
[18.390s] INFO:colcon.colcon_core.shell:Creating package script '/home/pi/KSARMecanum/install/opencv_pub/share/opencv_pub/package.ps1'
[18.392s] INFO:colcon.colcon_core.shell:Creating package descriptor '/home/pi/KSARMecanum/install/opencv_pub/share/opencv_pub/package.dsv'
[18.394s] INFO:colcon.colcon_core.shell:Creating package script '/home/pi/KSARMecanum/install/opencv_pub/share/opencv_pub/package.sh'
[18.396s] INFO:colcon.colcon_core.shell:Creating package script '/home/pi/KSARMecanum/install/opencv_pub/share/opencv_pub/package.bash'
[18.398s] INFO:colcon.colcon_core.shell:Creating package script '/home/pi/KSARMecanum/install/opencv_pub/share/opencv_pub/package.zsh'
[18.400s] Level 1:colcon.colcon_core.environment:create_file_with_runtime_dependencies(/home/pi/KSARMecanum/install/opencv_pub/share/colcon-core/packages/opencv_pub)
[18.401s] DEBUG:colcon.colcon_parallel_executor.executor.parallel:closing loop
[18.402s] DEBUG:colcon.colcon_parallel_executor.executor.parallel:loop closed
[18.403s] DEBUG:colcon.colcon_parallel_executor.executor.parallel:run_until_complete finished with '0'
[18.403s] DEBUG:colcon.colcon_core.event_reactor:joining thread
[18.434s] INFO:colcon.colcon_core.plugin_system:Skipping extension 'colcon_notification.desktop_notification.terminal_notifier': Not used on non-Darwin systems
[18.434s] INFO:colcon.colcon_core.plugin_system:Skipping extension 'colcon_notification.desktop_notification.win32': Not used on non-Windows systems
[18.434s] INFO:colcon.colcon_notification.desktop_notification:Sending desktop notification using 'notify2'
[18.439s] DEBUG:colcon.colcon_notification.desktop_notification.notify2:Failed to initialize notify2: org.freedesktop.DBus.Error.ServiceUnknown: The name org.freedesktop.Notifications was not provided by any .service files
[18.440s] DEBUG:colcon.colcon_core.event_reactor:joined thread
[18.445s] INFO:colcon.colcon_core.shell:Creating prefix script '/home/pi/KSARMecanum/install/local_setup.ps1'
[18.448s] INFO:colcon.colcon_core.shell:Creating prefix util module '/home/pi/KSARMecanum/install/_local_setup_util_ps1.py'
[18.454s] INFO:colcon.colcon_core.shell:Creating prefix chain script '/home/pi/KSARMecanum/install/setup.ps1'
[18.460s] INFO:colcon.colcon_core.shell:Creating prefix script '/home/pi/KSARMecanum/install/local_setup.sh'
[18.463s] INFO:colcon.colcon_core.shell:Creating prefix util module '/home/pi/KSARMecanum/install/_local_setup_util_sh.py'
[18.465s] INFO:colcon.colcon_core.shell:Creating prefix chain script '/home/pi/KSARMecanum/install/setup.sh'
[18.472s] INFO:colcon.colcon_core.shell:Creating prefix script '/home/pi/KSARMecanum/install/local_setup.bash'
[18.474s] INFO:colcon.colcon_core.shell:Creating prefix chain script '/home/pi/KSARMecanum/install/setup.bash'
[18.487s] INFO:colcon.colcon_core.shell:Creating prefix script '/home/pi/KSARMecanum/install/local_setup.zsh'
[18.489s] INFO:colcon.colcon_core.shell:Creating prefix chain script '/home/pi/KSARMecanum/install/setup.zsh'
