[0.439s] DEBUG:colcon:Command line arguments: ['/usr/bin/colcon', 'build']
[0.439s] DEBUG:colcon:Parsed command line arguments: Namespace(log_base=None, log_level=None, verb_name='build', build_base='build', install_base='install', merge_install=False, symlink_install=False, test_result_base=None, continue_on_error=False, executor='parallel', parallel_workers=36, event_handlers=None, ignore_user_meta=False, metas=['./colcon.meta'], base_paths=['.'], packages_ignore=None, packages_ignore_regex=None, paths=None, packages_up_to=None, packages_up_to_regex=None, packages_above=None, packages_above_and_dependencies=None, packages_above_depth=None, packages_select_by_dep=None, packages_skip_by_dep=None, packages_skip_up_to=None, packages_select_build_failed=False, packages_skip_build_finished=False, packages_select_test_failures=False, packages_skip_test_passed=False, packages_select=None, packages_skip=None, packages_select_regex=None, packages_skip_regex=None, packages_start=None, packages_end=None, allow_overriding=[], cmake_args=None, cmake_target=None, cmake_target_skip_unavailable=False, cmake_clean_cache=False, cmake_clean_first=False, cmake_force_configure=False, ament_cmake_args=None, catkin_cmake_args=None, catkin_skip_building_tests=False, verb_parser=<colcon_defaults.argument_parser.defaults.DefaultArgumentsDecorator object at 0x7f1691d4ef50>, verb_extension=<colcon_core.verb.build.BuildVerb object at 0x7f169257a2f0>, main=<bound method BuildVerb.main of <colcon_core.verb.build.BuildVerb object at 0x7f169257a2f0>>)
[0.470s] Level 1:colcon.colcon_core.package_discovery:discover_packages(colcon_meta) check parameters
[0.470s] Level 1:colcon.colcon_core.package_discovery:discover_packages(recursive) check parameters
[0.470s] Level 1:colcon.colcon_core.package_discovery:discover_packages(ignore) check parameters
[0.470s] Level 1:colcon.colcon_core.package_discovery:discover_packages(path) check parameters
[0.470s] Level 1:colcon.colcon_core.package_discovery:discover_packages(colcon_meta) discover
[0.470s] Level 1:colcon.colcon_core.package_discovery:discover_packages(recursive) discover
[0.470s] INFO:colcon.colcon_core.package_discovery:Crawling recursively for packages in '/home/anton/KSARMecanum'
[0.470s] Level 1:colcon.colcon_core.package_identification:_identify(.) by extensions ['ignore', 'ignore_ament_install']
[0.470s] Level 1:colcon.colcon_core.package_identification:_identify(.) by extension 'ignore'
[0.470s] Level 1:colcon.colcon_core.package_identification:_identify(.) by extension 'ignore_ament_install'
[0.470s] Level 1:colcon.colcon_core.package_identification:_identify(.) by extensions ['colcon_pkg']
[0.470s] Level 1:colcon.colcon_core.package_identification:_identify(.) by extension 'colcon_pkg'
[0.470s] Level 1:colcon.colcon_core.package_identification:_identify(.) by extensions ['colcon_meta']
[0.471s] Level 1:colcon.colcon_core.package_identification:_identify(.) by extension 'colcon_meta'
[0.471s] Level 1:colcon.colcon_core.package_identification:_identify(.) by extensions ['ros']
[0.471s] Level 1:colcon.colcon_core.package_identification:_identify(.) by extension 'ros'
[0.482s] Level 1:colcon.colcon_core.package_identification:_identify(.) by extensions ['cmake', 'python']
[0.482s] Level 1:colcon.colcon_core.package_identification:_identify(.) by extension 'cmake'
[0.482s] Level 1:colcon.colcon_core.package_identification:_identify(.) by extension 'python'
[0.482s] Level 1:colcon.colcon_core.package_identification:_identify(.) by extensions ['python_setup_py']
[0.482s] Level 1:colcon.colcon_core.package_identification:_identify(.) by extension 'python_setup_py'
[0.483s] Level 1:colcon.colcon_core.package_identification:_identify(build) by extensions ['ignore', 'ignore_ament_install']
[0.483s] Level 1:colcon.colcon_core.package_identification:_identify(build) by extension 'ignore'
[0.483s] Level 1:colcon.colcon_core.package_identification:_identify(build) ignored
[0.483s] Level 1:colcon.colcon_core.package_identification:_identify(install) by extensions ['ignore', 'ignore_ament_install']
[0.483s] Level 1:colcon.colcon_core.package_identification:_identify(install) by extension 'ignore'
[0.483s] Level 1:colcon.colcon_core.package_identification:_identify(install) ignored
[0.483s] Level 1:colcon.colcon_core.package_identification:_identify(log) by extensions ['ignore', 'ignore_ament_install']
[0.483s] Level 1:colcon.colcon_core.package_identification:_identify(log) by extension 'ignore'
[0.483s] Level 1:colcon.colcon_core.package_identification:_identify(log) ignored
[0.483s] Level 1:colcon.colcon_core.package_identification:_identify(src) by extensions ['ignore', 'ignore_ament_install']
[0.484s] Level 1:colcon.colcon_core.package_identification:_identify(src) by extension 'ignore'
[0.484s] Level 1:colcon.colcon_core.package_identification:_identify(src) by extension 'ignore_ament_install'
[0.484s] Level 1:colcon.colcon_core.package_identification:_identify(src) by extensions ['colcon_pkg']
[0.484s] Level 1:colcon.colcon_core.package_identification:_identify(src) by extension 'colcon_pkg'
[0.484s] Level 1:colcon.colcon_core.package_identification:_identify(src) by extensions ['colcon_meta']
[0.484s] Level 1:colcon.colcon_core.package_identification:_identify(src) by extension 'colcon_meta'
[0.484s] Level 1:colcon.colcon_core.package_identification:_identify(src) by extensions ['ros']
[0.484s] Level 1:colcon.colcon_core.package_identification:_identify(src) by extension 'ros'
[0.484s] Level 1:colcon.colcon_core.package_identification:_identify(src) by extensions ['cmake', 'python']
[0.484s] Level 1:colcon.colcon_core.package_identification:_identify(src) by extension 'cmake'
[0.484s] Level 1:colcon.colcon_core.package_identification:_identify(src) by extension 'python'
[0.484s] Level 1:colcon.colcon_core.package_identification:_identify(src) by extensions ['python_setup_py']
[0.484s] Level 1:colcon.colcon_core.package_identification:_identify(src) by extension 'python_setup_py'
[0.484s] Level 1:colcon.colcon_core.package_identification:_identify(src/LED_control_pub) by extensions ['ignore', 'ignore_ament_install']
[0.484s] Level 1:colcon.colcon_core.package_identification:_identify(src/LED_control_pub) by extension 'ignore'
[0.484s] Level 1:colcon.colcon_core.package_identification:_identify(src/LED_control_pub) by extension 'ignore_ament_install'
[0.485s] Level 1:colcon.colcon_core.package_identification:_identify(src/LED_control_pub) by extensions ['colcon_pkg']
[0.485s] Level 1:colcon.colcon_core.package_identification:_identify(src/LED_control_pub) by extension 'colcon_pkg'
[0.485s] Level 1:colcon.colcon_core.package_identification:_identify(src/LED_control_pub) by extensions ['colcon_meta']
[0.485s] Level 1:colcon.colcon_core.package_identification:_identify(src/LED_control_pub) by extension 'colcon_meta'
[0.485s] Level 1:colcon.colcon_core.package_identification:_identify(src/LED_control_pub) by extensions ['ros']
[0.485s] Level 1:colcon.colcon_core.package_identification:_identify(src/LED_control_pub) by extension 'ros'
[0.487s] DEBUG:colcon.colcon_core.package_identification:Package 'src/LED_control_pub' with type 'ros.ament_cmake' and name 'LED_control_pub'
[0.487s] Level 1:colcon.colcon_core.package_identification:_identify(src/aruco_publisher) by extensions ['ignore', 'ignore_ament_install']
[0.487s] Level 1:colcon.colcon_core.package_identification:_identify(src/aruco_publisher) by extension 'ignore'
[0.488s] Level 1:colcon.colcon_core.package_identification:_identify(src/aruco_publisher) by extension 'ignore_ament_install'
[0.488s] Level 1:colcon.colcon_core.package_identification:_identify(src/aruco_publisher) by extensions ['colcon_pkg']
[0.488s] Level 1:colcon.colcon_core.package_identification:_identify(src/aruco_publisher) by extension 'colcon_pkg'
[0.488s] Level 1:colcon.colcon_core.package_identification:_identify(src/aruco_publisher) by extensions ['colcon_meta']
[0.488s] Level 1:colcon.colcon_core.package_identification:_identify(src/aruco_publisher) by extension 'colcon_meta'
[0.488s] Level 1:colcon.colcon_core.package_identification:_identify(src/aruco_publisher) by extensions ['ros']
[0.488s] Level 1:colcon.colcon_core.package_identification:_identify(src/aruco_publisher) by extension 'ros'
[0.489s] DEBUG:colcon.colcon_core.package_identification:Package 'src/aruco_publisher' with type 'ros.ament_python' and name 'aruco_publisher'
[0.489s] Level 1:colcon.colcon_core.package_identification:_identify(src/distance_node) by extensions ['ignore', 'ignore_ament_install']
[0.489s] Level 1:colcon.colcon_core.package_identification:_identify(src/distance_node) by extension 'ignore'
[0.489s] Level 1:colcon.colcon_core.package_identification:_identify(src/distance_node) by extension 'ignore_ament_install'
[0.489s] Level 1:colcon.colcon_core.package_identification:_identify(src/distance_node) by extensions ['colcon_pkg']
[0.489s] Level 1:colcon.colcon_core.package_identification:_identify(src/distance_node) by extension 'colcon_pkg'
[0.489s] Level 1:colcon.colcon_core.package_identification:_identify(src/distance_node) by extensions ['colcon_meta']
[0.489s] Level 1:colcon.colcon_core.package_identification:_identify(src/distance_node) by extension 'colcon_meta'
[0.489s] Level 1:colcon.colcon_core.package_identification:_identify(src/distance_node) by extensions ['ros']
[0.489s] Level 1:colcon.colcon_core.package_identification:_identify(src/distance_node) by extension 'ros'
[0.490s] DEBUG:colcon.colcon_core.package_identification:Package 'src/distance_node' with type 'ros.ament_python' and name 'distance_node'
[0.490s] Level 1:colcon.colcon_core.package_identification:_identify(src/led_control_sub) by extensions ['ignore', 'ignore_ament_install']
[0.490s] Level 1:colcon.colcon_core.package_identification:_identify(src/led_control_sub) by extension 'ignore'
[0.490s] Level 1:colcon.colcon_core.package_identification:_identify(src/led_control_sub) by extension 'ignore_ament_install'
[0.491s] Level 1:colcon.colcon_core.package_identification:_identify(src/led_control_sub) by extensions ['colcon_pkg']
[0.491s] Level 1:colcon.colcon_core.package_identification:_identify(src/led_control_sub) by extension 'colcon_pkg'
[0.491s] Level 1:colcon.colcon_core.package_identification:_identify(src/led_control_sub) by extensions ['colcon_meta']
[0.491s] Level 1:colcon.colcon_core.package_identification:_identify(src/led_control_sub) by extension 'colcon_meta'
[0.491s] Level 1:colcon.colcon_core.package_identification:_identify(src/led_control_sub) by extensions ['ros']
[0.491s] Level 1:colcon.colcon_core.package_identification:_identify(src/led_control_sub) by extension 'ros'
[0.491s] DEBUG:colcon.colcon_core.package_identification:Package 'src/led_control_sub' with type 'ros.ament_python' and name 'led_control_sub'
[0.492s] Level 1:colcon.colcon_core.package_identification:_identify(src/motor_control_node) by extensions ['ignore', 'ignore_ament_install']
[0.492s] Level 1:colcon.colcon_core.package_identification:_identify(src/motor_control_node) by extension 'ignore'
[0.492s] Level 1:colcon.colcon_core.package_identification:_identify(src/motor_control_node) by extension 'ignore_ament_install'
[0.492s] Level 1:colcon.colcon_core.package_identification:_identify(src/motor_control_node) by extensions ['colcon_pkg']
[0.492s] Level 1:colcon.colcon_core.package_identification:_identify(src/motor_control_node) by extension 'colcon_pkg'
[0.492s] Level 1:colcon.colcon_core.package_identification:_identify(src/motor_control_node) by extensions ['colcon_meta']
[0.492s] Level 1:colcon.colcon_core.package_identification:_identify(src/motor_control_node) by extension 'colcon_meta'
[0.492s] Level 1:colcon.colcon_core.package_identification:_identify(src/motor_control_node) by extensions ['ros']
[0.492s] Level 1:colcon.colcon_core.package_identification:_identify(src/motor_control_node) by extension 'ros'
[0.493s] DEBUG:colcon.colcon_core.package_identification:Package 'src/motor_control_node' with type 'ros.ament_python' and name 'motor_control_node'
[0.493s] Level 1:colcon.colcon_core.package_identification:_identify(src/opencv_pub) by extensions ['ignore', 'ignore_ament_install']
[0.493s] Level 1:colcon.colcon_core.package_identification:_identify(src/opencv_pub) by extension 'ignore'
[0.493s] Level 1:colcon.colcon_core.package_identification:_identify(src/opencv_pub) by extension 'ignore_ament_install'
[0.493s] Level 1:colcon.colcon_core.package_identification:_identify(src/opencv_pub) by extensions ['colcon_pkg']
[0.493s] Level 1:colcon.colcon_core.package_identification:_identify(src/opencv_pub) by extension 'colcon_pkg'
[0.493s] Level 1:colcon.colcon_core.package_identification:_identify(src/opencv_pub) by extensions ['colcon_meta']
[0.493s] Level 1:colcon.colcon_core.package_identification:_identify(src/opencv_pub) by extension 'colcon_meta'
[0.493s] Level 1:colcon.colcon_core.package_identification:_identify(src/opencv_pub) by extensions ['ros']
[0.493s] Level 1:colcon.colcon_core.package_identification:_identify(src/opencv_pub) by extension 'ros'
[0.494s] DEBUG:colcon.colcon_core.package_identification:Package 'src/opencv_pub' with type 'ros.ament_python' and name 'opencv_pub'
[0.494s] Level 1:colcon.colcon_core.package_identification:_identify(src/test_package) by extensions ['ignore', 'ignore_ament_install']
[0.494s] Level 1:colcon.colcon_core.package_identification:_identify(src/test_package) by extension 'ignore'
[0.495s] Level 1:colcon.colcon_core.package_identification:_identify(src/test_package) by extension 'ignore_ament_install'
[0.495s] Level 1:colcon.colcon_core.package_identification:_identify(src/test_package) by extensions ['colcon_pkg']
[0.495s] Level 1:colcon.colcon_core.package_identification:_identify(src/test_package) by extension 'colcon_pkg'
[0.495s] Level 1:colcon.colcon_core.package_identification:_identify(src/test_package) by extensions ['colcon_meta']
[0.495s] Level 1:colcon.colcon_core.package_identification:_identify(src/test_package) by extension 'colcon_meta'
[0.495s] Level 1:colcon.colcon_core.package_identification:_identify(src/test_package) by extensions ['ros']
[0.495s] Level 1:colcon.colcon_core.package_identification:_identify(src/test_package) by extension 'ros'
[0.496s] DEBUG:colcon.colcon_core.package_identification:Package 'src/test_package' with type 'ros.ament_cmake' and name 'test_package'
[0.496s] Level 1:colcon.colcon_core.package_discovery:discover_packages(recursive) using defaults
[0.496s] Level 1:colcon.colcon_core.package_discovery:discover_packages(ignore) discover
[0.496s] Level 1:colcon.colcon_core.package_discovery:discover_packages(ignore) using defaults
[0.496s] Level 1:colcon.colcon_core.package_discovery:discover_packages(path) discover
[0.496s] Level 1:colcon.colcon_core.package_discovery:discover_packages(path) using defaults
[0.529s] Level 1:colcon.colcon_core.package_discovery:discover_packages(prefix_path) check parameters
[0.529s] Level 1:colcon.colcon_core.package_discovery:discover_packages(prefix_path) discover
[0.535s] DEBUG:colcon.colcon_installed_package_information.package_discovery:Found 270 installed packages in /opt/ros/humble
[0.536s] Level 1:colcon.colcon_core.package_discovery:discover_packages(prefix_path) using defaults
[0.604s] Level 5:colcon.colcon_core.verb:set package 'LED_control_pub' build argument 'cmake_args' from command line to 'None'
[0.604s] Level 5:colcon.colcon_core.verb:set package 'LED_control_pub' build argument 'cmake_target' from command line to 'None'
[0.604s] Level 5:colcon.colcon_core.verb:set package 'LED_control_pub' build argument 'cmake_target_skip_unavailable' from command line to 'False'
[0.604s] Level 5:colcon.colcon_core.verb:set package 'LED_control_pub' build argument 'cmake_clean_cache' from command line to 'False'
[0.604s] Level 5:colcon.colcon_core.verb:set package 'LED_control_pub' build argument 'cmake_clean_first' from command line to 'False'
[0.604s] Level 5:colcon.colcon_core.verb:set package 'LED_control_pub' build argument 'cmake_force_configure' from command line to 'False'
[0.604s] Level 5:colcon.colcon_core.verb:set package 'LED_control_pub' build argument 'ament_cmake_args' from command line to 'None'
[0.604s] Level 5:colcon.colcon_core.verb:set package 'LED_control_pub' build argument 'catkin_cmake_args' from command line to 'None'
[0.604s] Level 5:colcon.colcon_core.verb:set package 'LED_control_pub' build argument 'catkin_skip_building_tests' from command line to 'False'
[0.604s] DEBUG:colcon.colcon_core.verb:Building package 'LED_control_pub' with the following arguments: {'ament_cmake_args': None, 'build_base': '/home/anton/KSARMecanum/build/LED_control_pub', 'catkin_cmake_args': None, 'catkin_skip_building_tests': False, 'cmake_args': None, 'cmake_clean_cache': False, 'cmake_clean_first': False, 'cmake_force_configure': False, 'cmake_target': None, 'cmake_target_skip_unavailable': False, 'install_base': '/home/anton/KSARMecanum/install/LED_control_pub', 'merge_install': False, 'path': '/home/anton/KSARMecanum/src/LED_control_pub', 'symlink_install': False, 'test_result_base': None}
[0.605s] Level 5:colcon.colcon_core.verb:set package 'aruco_publisher' build argument 'cmake_args' from command line to 'None'
[0.605s] Level 5:colcon.colcon_core.verb:set package 'aruco_publisher' build argument 'cmake_target' from command line to 'None'
[0.606s] Level 5:colcon.colcon_core.verb:set package 'aruco_publisher' build argument 'cmake_target_skip_unavailable' from command line to 'False'
[0.606s] Level 5:colcon.colcon_core.verb:set package 'aruco_publisher' build argument 'cmake_clean_cache' from command line to 'False'
[0.606s] Level 5:colcon.colcon_core.verb:set package 'aruco_publisher' build argument 'cmake_clean_first' from command line to 'False'
[0.606s] Level 5:colcon.colcon_core.verb:set package 'aruco_publisher' build argument 'cmake_force_configure' from command line to 'False'
[0.606s] Level 5:colcon.colcon_core.verb:set package 'aruco_publisher' build argument 'ament_cmake_args' from command line to 'None'
[0.606s] Level 5:colcon.colcon_core.verb:set package 'aruco_publisher' build argument 'catkin_cmake_args' from command line to 'None'
[0.606s] Level 5:colcon.colcon_core.verb:set package 'aruco_publisher' build argument 'catkin_skip_building_tests' from command line to 'False'
[0.606s] DEBUG:colcon.colcon_core.verb:Building package 'aruco_publisher' with the following arguments: {'ament_cmake_args': None, 'build_base': '/home/anton/KSARMecanum/build/aruco_publisher', 'catkin_cmake_args': None, 'catkin_skip_building_tests': False, 'cmake_args': None, 'cmake_clean_cache': False, 'cmake_clean_first': False, 'cmake_force_configure': False, 'cmake_target': None, 'cmake_target_skip_unavailable': False, 'install_base': '/home/anton/KSARMecanum/install/aruco_publisher', 'merge_install': False, 'path': '/home/anton/KSARMecanum/src/aruco_publisher', 'symlink_install': False, 'test_result_base': None}
[0.607s] Level 5:colcon.colcon_core.verb:set package 'distance_node' build argument 'cmake_args' from command line to 'None'
[0.607s] Level 5:colcon.colcon_core.verb:set package 'distance_node' build argument 'cmake_target' from command line to 'None'
[0.607s] Level 5:colcon.colcon_core.verb:set package 'distance_node' build argument 'cmake_target_skip_unavailable' from command line to 'False'
[0.607s] Level 5:colcon.colcon_core.verb:set package 'distance_node' build argument 'cmake_clean_cache' from command line to 'False'
[0.607s] Level 5:colcon.colcon_core.verb:set package 'distance_node' build argument 'cmake_clean_first' from command line to 'False'
[0.607s] Level 5:colcon.colcon_core.verb:set package 'distance_node' build argument 'cmake_force_configure' from command line to 'False'
[0.607s] Level 5:colcon.colcon_core.verb:set package 'distance_node' build argument 'ament_cmake_args' from command line to 'None'
[0.607s] Level 5:colcon.colcon_core.verb:set package 'distance_node' build argument 'catkin_cmake_args' from command line to 'None'
[0.607s] Level 5:colcon.colcon_core.verb:set package 'distance_node' build argument 'catkin_skip_building_tests' from command line to 'False'
[0.607s] DEBUG:colcon.colcon_core.verb:Building package 'distance_node' with the following arguments: {'ament_cmake_args': None, 'build_base': '/home/anton/KSARMecanum/build/distance_node', 'catkin_cmake_args': None, 'catkin_skip_building_tests': False, 'cmake_args': None, 'cmake_clean_cache': False, 'cmake_clean_first': False, 'cmake_force_configure': False, 'cmake_target': None, 'cmake_target_skip_unavailable': False, 'install_base': '/home/anton/KSARMecanum/install/distance_node', 'merge_install': False, 'path': '/home/anton/KSARMecanum/src/distance_node', 'symlink_install': False, 'test_result_base': None}
[0.608s] Level 5:colcon.colcon_core.verb:set package 'led_control_sub' build argument 'cmake_args' from command line to 'None'
[0.608s] Level 5:colcon.colcon_core.verb:set package 'led_control_sub' build argument 'cmake_target' from command line to 'None'
[0.608s] Level 5:colcon.colcon_core.verb:set package 'led_control_sub' build argument 'cmake_target_skip_unavailable' from command line to 'False'
[0.608s] Level 5:colcon.colcon_core.verb:set package 'led_control_sub' build argument 'cmake_clean_cache' from command line to 'False'
[0.608s] Level 5:colcon.colcon_core.verb:set package 'led_control_sub' build argument 'cmake_clean_first' from command line to 'False'
[0.608s] Level 5:colcon.colcon_core.verb:set package 'led_control_sub' build argument 'cmake_force_configure' from command line to 'False'
[0.608s] Level 5:colcon.colcon_core.verb:set package 'led_control_sub' build argument 'ament_cmake_args' from command line to 'None'
[0.608s] Level 5:colcon.colcon_core.verb:set package 'led_control_sub' build argument 'catkin_cmake_args' from command line to 'None'
[0.608s] Level 5:colcon.colcon_core.verb:set package 'led_control_sub' build argument 'catkin_skip_building_tests' from command line to 'False'
[0.608s] DEBUG:colcon.colcon_core.verb:Building package 'led_control_sub' with the following arguments: {'ament_cmake_args': None, 'build_base': '/home/anton/KSARMecanum/build/led_control_sub', 'catkin_cmake_args': None, 'catkin_skip_building_tests': False, 'cmake_args': None, 'cmake_clean_cache': False, 'cmake_clean_first': False, 'cmake_force_configure': False, 'cmake_target': None, 'cmake_target_skip_unavailable': False, 'install_base': '/home/anton/KSARMecanum/install/led_control_sub', 'merge_install': False, 'path': '/home/anton/KSARMecanum/src/led_control_sub', 'symlink_install': False, 'test_result_base': None}
[0.609s] Level 5:colcon.colcon_core.verb:set package 'motor_control_node' build argument 'cmake_args' from command line to 'None'
[0.609s] Level 5:colcon.colcon_core.verb:set package 'motor_control_node' build argument 'cmake_target' from command line to 'None'
[0.609s] Level 5:colcon.colcon_core.verb:set package 'motor_control_node' build argument 'cmake_target_skip_unavailable' from command line to 'False'
[0.610s] Level 5:colcon.colcon_core.verb:set package 'motor_control_node' build argument 'cmake_clean_cache' from command line to 'False'
[0.610s] Level 5:colcon.colcon_core.verb:set package 'motor_control_node' build argument 'cmake_clean_first' from command line to 'False'
[0.610s] Level 5:colcon.colcon_core.verb:set package 'motor_control_node' build argument 'cmake_force_configure' from command line to 'False'
[0.610s] Level 5:colcon.colcon_core.verb:set package 'motor_control_node' build argument 'ament_cmake_args' from command line to 'None'
[0.610s] Level 5:colcon.colcon_core.verb:set package 'motor_control_node' build argument 'catkin_cmake_args' from command line to 'None'
[0.610s] Level 5:colcon.colcon_core.verb:set package 'motor_control_node' build argument 'catkin_skip_building_tests' from command line to 'False'
[0.610s] DEBUG:colcon.colcon_core.verb:Building package 'motor_control_node' with the following arguments: {'ament_cmake_args': None, 'build_base': '/home/anton/KSARMecanum/build/motor_control_node', 'catkin_cmake_args': None, 'catkin_skip_building_tests': False, 'cmake_args': None, 'cmake_clean_cache': False, 'cmake_clean_first': False, 'cmake_force_configure': False, 'cmake_target': None, 'cmake_target_skip_unavailable': False, 'install_base': '/home/anton/KSARMecanum/install/motor_control_node', 'merge_install': False, 'path': '/home/anton/KSARMecanum/src/motor_control_node', 'symlink_install': False, 'test_result_base': None}
[0.611s] Level 5:colcon.colcon_core.verb:set package 'opencv_pub' build argument 'cmake_args' from command line to 'None'
[0.611s] Level 5:colcon.colcon_core.verb:set package 'opencv_pub' build argument 'cmake_target' from command line to 'None'
[0.611s] Level 5:colcon.colcon_core.verb:set package 'opencv_pub' build argument 'cmake_target_skip_unavailable' from command line to 'False'
[0.611s] Level 5:colcon.colcon_core.verb:set package 'opencv_pub' build argument 'cmake_clean_cache' from command line to 'False'
[0.611s] Level 5:colcon.colcon_core.verb:set package 'opencv_pub' build argument 'cmake_clean_first' from command line to 'False'
[0.611s] Level 5:colcon.colcon_core.verb:set package 'opencv_pub' build argument 'cmake_force_configure' from command line to 'False'
[0.611s] Level 5:colcon.colcon_core.verb:set package 'opencv_pub' build argument 'ament_cmake_args' from command line to 'None'
[0.611s] Level 5:colcon.colcon_core.verb:set package 'opencv_pub' build argument 'catkin_cmake_args' from command line to 'None'
[0.611s] Level 5:colcon.colcon_core.verb:set package 'opencv_pub' build argument 'catkin_skip_building_tests' from command line to 'False'
[0.611s] DEBUG:colcon.colcon_core.verb:Building package 'opencv_pub' with the following arguments: {'ament_cmake_args': None, 'build_base': '/home/anton/KSARMecanum/build/opencv_pub', 'catkin_cmake_args': None, 'catkin_skip_building_tests': False, 'cmake_args': None, 'cmake_clean_cache': False, 'cmake_clean_first': False, 'cmake_force_configure': False, 'cmake_target': None, 'cmake_target_skip_unavailable': False, 'install_base': '/home/anton/KSARMecanum/install/opencv_pub', 'merge_install': False, 'path': '/home/anton/KSARMecanum/src/opencv_pub', 'symlink_install': False, 'test_result_base': None}
[0.612s] Level 5:colcon.colcon_core.verb:set package 'test_package' build argument 'cmake_args' from command line to 'None'
[0.612s] Level 5:colcon.colcon_core.verb:set package 'test_package' build argument 'cmake_target' from command line to 'None'
[0.612s] Level 5:colcon.colcon_core.verb:set package 'test_package' build argument 'cmake_target_skip_unavailable' from command line to 'False'
[0.612s] Level 5:colcon.colcon_core.verb:set package 'test_package' build argument 'cmake_clean_cache' from command line to 'False'
[0.612s] Level 5:colcon.colcon_core.verb:set package 'test_package' build argument 'cmake_clean_first' from command line to 'False'
[0.612s] Level 5:colcon.colcon_core.verb:set package 'test_package' build argument 'cmake_force_configure' from command line to 'False'
[0.612s] Level 5:colcon.colcon_core.verb:set package 'test_package' build argument 'ament_cmake_args' from command line to 'None'
[0.612s] Level 5:colcon.colcon_core.verb:set package 'test_package' build argument 'catkin_cmake_args' from command line to 'None'
[0.612s] Level 5:colcon.colcon_core.verb:set package 'test_package' build argument 'catkin_skip_building_tests' from command line to 'False'
[0.612s] DEBUG:colcon.colcon_core.verb:Building package 'test_package' with the following arguments: {'ament_cmake_args': None, 'build_base': '/home/anton/KSARMecanum/build/test_package', 'catkin_cmake_args': None, 'catkin_skip_building_tests': False, 'cmake_args': None, 'cmake_clean_cache': False, 'cmake_clean_first': False, 'cmake_force_configure': False, 'cmake_target': None, 'cmake_target_skip_unavailable': False, 'install_base': '/home/anton/KSARMecanum/install/test_package', 'merge_install': False, 'path': '/home/anton/KSARMecanum/src/test_package', 'symlink_install': False, 'test_result_base': None}
[0.613s] INFO:colcon.colcon_core.executor:Executing jobs using 'parallel' executor
[0.617s] DEBUG:colcon.colcon_parallel_executor.executor.parallel:run_until_complete
[0.617s] INFO:colcon.colcon_ros.task.ament_cmake.build:Building ROS package in '/home/anton/KSARMecanum/src/LED_control_pub' with build type 'ament_cmake'
[0.617s] INFO:colcon.colcon_cmake.task.cmake.build:Building CMake package in '/home/anton/KSARMecanum/src/LED_control_pub'
[0.622s] INFO:colcon.colcon_core.plugin_system:Skipping extension 'colcon_core.shell.bat': Not used on non-Windows systems
[0.622s] INFO:colcon.colcon_core.shell:Skip shell extension 'powershell' for command environment: Not usable outside of PowerShell
[0.622s] DEBUG:colcon.colcon_core.shell:Skip shell extension 'dsv' for command environment
[0.626s] INFO:colcon.colcon_ros.task.ament_python.build:Building ROS package in '/home/anton/KSARMecanum/src/aruco_publisher' with build type 'ament_python'
[0.627s] Level 1:colcon.colcon_core.shell:create_environment_hook('aruco_publisher', 'ament_prefix_path')
[0.628s] INFO:colcon.colcon_core.shell:Creating environment hook '/home/anton/KSARMecanum/install/aruco_publisher/share/aruco_publisher/hook/ament_prefix_path.ps1'
[0.629s] INFO:colcon.colcon_core.shell:Creating environment descriptor '/home/anton/KSARMecanum/install/aruco_publisher/share/aruco_publisher/hook/ament_prefix_path.dsv'
[0.629s] INFO:colcon.colcon_core.shell:Creating environment hook '/home/anton/KSARMecanum/install/aruco_publisher/share/aruco_publisher/hook/ament_prefix_path.sh'
[0.633s] INFO:colcon.colcon_core.shell:Skip shell extension 'powershell' for command environment: Not usable outside of PowerShell
[0.633s] DEBUG:colcon.colcon_core.shell:Skip shell extension 'dsv' for command environment
[0.637s] INFO:colcon.colcon_ros.task.ament_python.build:Building ROS package in '/home/anton/KSARMecanum/src/distance_node' with build type 'ament_python'
[0.637s] Level 1:colcon.colcon_core.shell:create_environment_hook('distance_node', 'ament_prefix_path')
[0.639s] INFO:colcon.colcon_core.shell:Creating environment hook '/home/anton/KSARMecanum/install/distance_node/share/distance_node/hook/ament_prefix_path.ps1'
[0.639s] INFO:colcon.colcon_core.shell:Creating environment descriptor '/home/anton/KSARMecanum/install/distance_node/share/distance_node/hook/ament_prefix_path.dsv'
[0.640s] INFO:colcon.colcon_core.shell:Creating environment hook '/home/anton/KSARMecanum/install/distance_node/share/distance_node/hook/ament_prefix_path.sh'
[0.641s] INFO:colcon.colcon_core.shell:Skip shell extension 'powershell' for command environment: Not usable outside of PowerShell
[0.642s] DEBUG:colcon.colcon_core.shell:Skip shell extension 'dsv' for command environment
[0.645s] INFO:colcon.colcon_ros.task.ament_python.build:Building ROS package in '/home/anton/KSARMecanum/src/led_control_sub' with build type 'ament_python'
[0.645s] Level 1:colcon.colcon_core.shell:create_environment_hook('led_control_sub', 'ament_prefix_path')
[0.647s] INFO:colcon.colcon_core.shell:Creating environment hook '/home/anton/KSARMecanum/install/led_control_sub/share/led_control_sub/hook/ament_prefix_path.ps1'
[0.647s] INFO:colcon.colcon_core.shell:Creating environment descriptor '/home/anton/KSARMecanum/install/led_control_sub/share/led_control_sub/hook/ament_prefix_path.dsv'
[0.648s] INFO:colcon.colcon_core.shell:Creating environment hook '/home/anton/KSARMecanum/install/led_control_sub/share/led_control_sub/hook/ament_prefix_path.sh'
[0.652s] INFO:colcon.colcon_core.shell:Skip shell extension 'powershell' for command environment: Not usable outside of PowerShell
[0.652s] DEBUG:colcon.colcon_core.shell:Skip shell extension 'dsv' for command environment
[0.655s] INFO:colcon.colcon_ros.task.ament_python.build:Building ROS package in '/home/anton/KSARMecanum/src/motor_control_node' with build type 'ament_python'
[0.655s] Level 1:colcon.colcon_core.shell:create_environment_hook('motor_control_node', 'ament_prefix_path')
[0.657s] INFO:colcon.colcon_core.shell:Creating environment hook '/home/anton/KSARMecanum/install/motor_control_node/share/motor_control_node/hook/ament_prefix_path.ps1'
[0.657s] INFO:colcon.colcon_core.shell:Creating environment descriptor '/home/anton/KSARMecanum/install/motor_control_node/share/motor_control_node/hook/ament_prefix_path.dsv'
[0.658s] INFO:colcon.colcon_core.shell:Creating environment hook '/home/anton/KSARMecanum/install/motor_control_node/share/motor_control_node/hook/ament_prefix_path.sh'
[0.660s] INFO:colcon.colcon_core.shell:Skip shell extension 'powershell' for command environment: Not usable outside of PowerShell
[0.660s] DEBUG:colcon.colcon_core.shell:Skip shell extension 'dsv' for command environment
[0.663s] INFO:colcon.colcon_ros.task.ament_python.build:Building ROS package in '/home/anton/KSARMecanum/src/opencv_pub' with build type 'ament_python'
[0.663s] Level 1:colcon.colcon_core.shell:create_environment_hook('opencv_pub', 'ament_prefix_path')
[0.665s] INFO:colcon.colcon_core.shell:Creating environment hook '/home/anton/KSARMecanum/install/opencv_pub/share/opencv_pub/hook/ament_prefix_path.ps1'
[0.666s] INFO:colcon.colcon_core.shell:Creating environment descriptor '/home/anton/KSARMecanum/install/opencv_pub/share/opencv_pub/hook/ament_prefix_path.dsv'
[0.667s] INFO:colcon.colcon_core.shell:Creating environment hook '/home/anton/KSARMecanum/install/opencv_pub/share/opencv_pub/hook/ament_prefix_path.sh'
[0.669s] INFO:colcon.colcon_core.shell:Skip shell extension 'powershell' for command environment: Not usable outside of PowerShell
[0.669s] DEBUG:colcon.colcon_core.shell:Skip shell extension 'dsv' for command environment
[0.673s] INFO:colcon.colcon_ros.task.ament_cmake.build:Building ROS package in '/home/anton/KSARMecanum/src/test_package' with build type 'ament_cmake'
[0.673s] INFO:colcon.colcon_cmake.task.cmake.build:Building CMake package in '/home/anton/KSARMecanum/src/test_package'
[0.675s] INFO:colcon.colcon_core.shell:Skip shell extension 'powershell' for command environment: Not usable outside of PowerShell
[0.675s] DEBUG:colcon.colcon_core.shell:Skip shell extension 'dsv' for command environment
[0.688s] DEBUG:colcon.colcon_core.event_handler.log_command:Invoking command in '/home/anton/KSARMecanum/build/LED_control_pub': CMAKE_PREFIX_PATH=/opt/ros/humble /usr/bin/cmake /home/anton/KSARMecanum/src/LED_control_pub -DCMAKE_INSTALL_PREFIX=/home/anton/KSARMecanum/install/LED_control_pub
[0.980s] INFO:colcon.colcon_core.task.python.build:Building Python package in '/home/anton/KSARMecanum/src/aruco_publisher'
[0.981s] INFO:colcon.colcon_core.shell:Skip shell extension 'powershell' for command environment: Not usable outside of PowerShell
[0.981s] DEBUG:colcon.colcon_core.shell:Skip shell extension 'dsv' for command environment
[1.297s] INFO:colcon.colcon_core.task.python.build:Building Python package in '/home/anton/KSARMecanum/src/distance_node'
[1.299s] INFO:colcon.colcon_core.shell:Skip shell extension 'powershell' for command environment: Not usable outside of PowerShell
[1.299s] DEBUG:colcon.colcon_core.shell:Skip shell extension 'dsv' for command environment
[1.593s] INFO:colcon.colcon_core.task.python.build:Building Python package in '/home/anton/KSARMecanum/src/led_control_sub'
[1.597s] INFO:colcon.colcon_core.shell:Skip shell extension 'powershell' for command environment: Not usable outside of PowerShell
[1.597s] DEBUG:colcon.colcon_core.shell:Skip shell extension 'dsv' for command environment
[1.915s] INFO:colcon.colcon_core.task.python.build:Building Python package in '/home/anton/KSARMecanum/src/motor_control_node'
[1.919s] INFO:colcon.colcon_core.shell:Skip shell extension 'powershell' for command environment: Not usable outside of PowerShell
[1.919s] DEBUG:colcon.colcon_core.shell:Skip shell extension 'dsv' for command environment
[2.211s] INFO:colcon.colcon_core.task.python.build:Building Python package in '/home/anton/KSARMecanum/src/opencv_pub'
[2.214s] INFO:colcon.colcon_core.shell:Skip shell extension 'powershell' for command environment: Not usable outside of PowerShell
[2.214s] DEBUG:colcon.colcon_core.shell:Skip shell extension 'dsv' for command environment
[2.254s] DEBUG:colcon.colcon_core.event_handler.log_command:Invoking command in '/home/anton/KSARMecanum/build/test_package': CMAKE_PREFIX_PATH=/opt/ros/humble /usr/bin/cmake /home/anton/KSARMecanum/src/test_package -DCMAKE_INSTALL_PREFIX=/home/anton/KSARMecanum/install/test_package
[2.256s] DEBUG:colcon.colcon_core.event_handler.log_command:Invoked command in '/home/anton/KSARMecanum/build/LED_control_pub' returned '0': CMAKE_PREFIX_PATH=/opt/ros/humble /usr/bin/cmake /home/anton/KSARMecanum/src/LED_control_pub -DCMAKE_INSTALL_PREFIX=/home/anton/KSARMecanum/install/LED_control_pub
[2.257s] DEBUG:colcon.colcon_core.event_handler.log_command:Invoking command in '/home/anton/KSARMecanum/build/LED_control_pub': CMAKE_PREFIX_PATH=/opt/ros/humble /usr/bin/cmake --build /home/anton/KSARMecanum/build/LED_control_pub -- -j36 -l36
[2.682s] DEBUG:colcon.colcon_core.event_handler.log_command:Invoking command in '/home/anton/KSARMecanum/src/aruco_publisher': PYTHONPATH=/home/anton/KSARMecanum/build/aruco_publisher/prefix_override:/home/anton/KSARMecanum/install/aruco_publisher/lib/python3.10/site-packages:${PYTHONPATH} /usr/bin/python3 setup.py egg_info --egg-base ../../build/aruco_publisher build --build-base /home/anton/KSARMecanum/build/aruco_publisher/build install --record /home/anton/KSARMecanum/build/aruco_publisher/install.log --single-version-externally-managed
[2.688s] DEBUG:colcon.colcon_core.event_handler.log_command:Invoking command in '/home/anton/KSARMecanum/src/motor_control_node': PYTHONPATH=/home/anton/KSARMecanum/build/motor_control_node/prefix_override:/home/anton/KSARMecanum/install/motor_control_node/lib/python3.10/site-packages:${PYTHONPATH} /usr/bin/python3 setup.py egg_info --egg-base ../../build/motor_control_node build --build-base /home/anton/KSARMecanum/build/motor_control_node/build install --record /home/anton/KSARMecanum/build/motor_control_node/install.log --single-version-externally-managed
[2.693s] DEBUG:colcon.colcon_core.event_handler.log_command:Invoking command in '/home/anton/KSARMecanum/src/opencv_pub': PYTHONPATH=/home/anton/KSARMecanum/build/opencv_pub/prefix_override:/home/anton/KSARMecanum/install/opencv_pub/lib/python3.10/site-packages:${PYTHONPATH} /usr/bin/python3 setup.py egg_info --egg-base ../../build/opencv_pub build --build-base /home/anton/KSARMecanum/build/opencv_pub/build install --record /home/anton/KSARMecanum/build/opencv_pub/install.log --single-version-externally-managed
[2.697s] DEBUG:colcon.colcon_core.event_handler.log_command:Invoking command in '/home/anton/KSARMecanum/src/distance_node': PYTHONPATH=/home/anton/KSARMecanum/build/distance_node/prefix_override:/home/anton/KSARMecanum/install/distance_node/lib/python3.10/site-packages:${PYTHONPATH} /usr/bin/python3 setup.py egg_info --egg-base ../../build/distance_node build --build-base /home/anton/KSARMecanum/build/distance_node/build install --record /home/anton/KSARMecanum/build/distance_node/install.log --single-version-externally-managed
[2.702s] DEBUG:colcon.colcon_core.event_handler.log_command:Invoking command in '/home/anton/KSARMecanum/src/led_control_sub': PYTHONPATH=/home/anton/KSARMecanum/build/led_control_sub/prefix_override:/home/anton/KSARMecanum/install/led_control_sub/lib/python3.10/site-packages:${PYTHONPATH} /usr/bin/python3 setup.py egg_info --egg-base ../../build/led_control_sub build --build-base /home/anton/KSARMecanum/build/led_control_sub/build install --record /home/anton/KSARMecanum/build/led_control_sub/install.log --single-version-externally-managed
[2.733s] DEBUG:colcon.colcon_core.event_handler.log_command:Invoked command in '/home/anton/KSARMecanum/build/test_package' returned '0': CMAKE_PREFIX_PATH=/opt/ros/humble /usr/bin/cmake /home/anton/KSARMecanum/src/test_package -DCMAKE_INSTALL_PREFIX=/home/anton/KSARMecanum/install/test_package
[2.735s] DEBUG:colcon.colcon_core.event_handler.log_command:Invoking command in '/home/anton/KSARMecanum/build/test_package': CMAKE_PREFIX_PATH=/opt/ros/humble /usr/bin/cmake --build /home/anton/KSARMecanum/build/test_package -- -j36 -l36
[2.906s] DEBUG:colcon.colcon_core.event_handler.log_command:Invoked command in '/home/anton/KSARMecanum/build/test_package' returned '0': CMAKE_PREFIX_PATH=/opt/ros/humble /usr/bin/cmake --build /home/anton/KSARMecanum/build/test_package -- -j36 -l36
[2.951s] DEBUG:colcon.colcon_core.event_handler.log_command:Invoking command in '/home/anton/KSARMecanum/build/test_package': CMAKE_PREFIX_PATH=/opt/ros/humble /usr/bin/cmake --install /home/anton/KSARMecanum/build/test_package
[2.962s] Level 1:colcon.colcon_core.environment:create_environment_scripts_only(test_package)
[2.964s] DEBUG:colcon.colcon_core.event_handler.log_command:Invoked command in '/home/anton/KSARMecanum/build/test_package' returned '0': CMAKE_PREFIX_PATH=/opt/ros/humble /usr/bin/cmake --install /home/anton/KSARMecanum/build/test_package
[2.971s] Level 1:colcon.colcon_core.environment:checking '/home/anton/KSARMecanum/install/test_package' for CMake module files
[2.971s] Level 1:colcon.colcon_core.environment:checking '/home/anton/KSARMecanum/install/test_package' for CMake config files
[2.972s] Level 1:colcon.colcon_core.shell:create_environment_hook('test_package', 'cmake_prefix_path')
[2.974s] INFO:colcon.colcon_core.shell:Creating environment hook '/home/anton/KSARMecanum/install/test_package/share/test_package/hook/cmake_prefix_path.ps1'
[2.974s] INFO:colcon.colcon_core.shell:Creating environment descriptor '/home/anton/KSARMecanum/install/test_package/share/test_package/hook/cmake_prefix_path.dsv'
[2.975s] INFO:colcon.colcon_core.shell:Creating environment hook '/home/anton/KSARMecanum/install/test_package/share/test_package/hook/cmake_prefix_path.sh'
[2.976s] Level 1:colcon.colcon_core.environment:checking '/home/anton/KSARMecanum/install/test_package/lib'
[2.976s] Level 1:colcon.colcon_core.environment:checking '/home/anton/KSARMecanum/install/test_package/bin'
[2.976s] Level 1:colcon.colcon_core.environment:checking '/home/anton/KSARMecanum/install/test_package/lib/pkgconfig/test_package.pc'
[2.976s] Level 1:colcon.colcon_core.environment:checking '/home/anton/KSARMecanum/install/test_package/lib/python3.10/site-packages'
[2.977s] Level 1:colcon.colcon_core.environment:checking '/home/anton/KSARMecanum/install/test_package/bin'
[2.979s] INFO:colcon.colcon_core.shell:Creating package script '/home/anton/KSARMecanum/install/test_package/share/test_package/package.ps1'
[2.980s] INFO:colcon.colcon_core.shell:Creating package descriptor '/home/anton/KSARMecanum/install/test_package/share/test_package/package.dsv'
[2.981s] INFO:colcon.colcon_core.shell:Creating package script '/home/anton/KSARMecanum/install/test_package/share/test_package/package.sh'
[2.982s] INFO:colcon.colcon_core.shell:Creating package script '/home/anton/KSARMecanum/install/test_package/share/test_package/package.bash'
[2.983s] INFO:colcon.colcon_core.shell:Creating package script '/home/anton/KSARMecanum/install/test_package/share/test_package/package.zsh'
[2.984s] Level 1:colcon.colcon_core.environment:create_file_with_runtime_dependencies(/home/anton/KSARMecanum/install/test_package/share/colcon-core/packages/test_package)
[3.015s] Level 1:colcon.colcon_core.environment:create_environment_scripts_only(test_package)
[3.020s] Level 1:colcon.colcon_core.environment:checking '/home/anton/KSARMecanum/install/test_package' for CMake module files
[3.024s] Level 1:colcon.colcon_core.environment:checking '/home/anton/KSARMecanum/install/test_package' for CMake config files
[3.028s] Level 1:colcon.colcon_core.shell:create_environment_hook('test_package', 'cmake_prefix_path')
[3.031s] INFO:colcon.colcon_core.shell:Creating environment hook '/home/anton/KSARMecanum/install/test_package/share/test_package/hook/cmake_prefix_path.ps1'
[3.033s] INFO:colcon.colcon_core.shell:Creating environment descriptor '/home/anton/KSARMecanum/install/test_package/share/test_package/hook/cmake_prefix_path.dsv'
[3.034s] INFO:colcon.colcon_core.shell:Creating environment hook '/home/anton/KSARMecanum/install/test_package/share/test_package/hook/cmake_prefix_path.sh'
[3.036s] Level 1:colcon.colcon_core.environment:checking '/home/anton/KSARMecanum/install/test_package/lib'
[3.036s] Level 1:colcon.colcon_core.environment:checking '/home/anton/KSARMecanum/install/test_package/bin'
[3.037s] Level 1:colcon.colcon_core.environment:checking '/home/anton/KSARMecanum/install/test_package/lib/pkgconfig/test_package.pc'
[3.037s] Level 1:colcon.colcon_core.environment:checking '/home/anton/KSARMecanum/install/test_package/lib/python3.10/site-packages'
[3.038s] Level 1:colcon.colcon_core.environment:checking '/home/anton/KSARMecanum/install/test_package/bin'
[3.041s] INFO:colcon.colcon_core.shell:Creating package script '/home/anton/KSARMecanum/install/test_package/share/test_package/package.ps1'
[3.043s] INFO:colcon.colcon_core.shell:Creating package descriptor '/home/anton/KSARMecanum/install/test_package/share/test_package/package.dsv'
[3.045s] INFO:colcon.colcon_core.shell:Creating package script '/home/anton/KSARMecanum/install/test_package/share/test_package/package.sh'
[3.045s] INFO:colcon.colcon_core.shell:Creating package script '/home/anton/KSARMecanum/install/test_package/share/test_package/package.bash'
[3.046s] INFO:colcon.colcon_core.shell:Creating package script '/home/anton/KSARMecanum/install/test_package/share/test_package/package.zsh'
[3.047s] Level 1:colcon.colcon_core.environment:create_file_with_runtime_dependencies(/home/anton/KSARMecanum/install/test_package/share/colcon-core/packages/test_package)
[3.058s] Level 1:colcon.colcon_core.environment:checking '/home/anton/KSARMecanum/install/aruco_publisher' for CMake module files
[3.059s] DEBUG:colcon.colcon_core.event_handler.log_command:Invoked command in '/home/anton/KSARMecanum/src/aruco_publisher' returned '0': PYTHONPATH=/home/anton/KSARMecanum/build/aruco_publisher/prefix_override:/home/anton/KSARMecanum/install/aruco_publisher/lib/python3.10/site-packages:${PYTHONPATH} /usr/bin/python3 setup.py egg_info --egg-base ../../build/aruco_publisher build --build-base /home/anton/KSARMecanum/build/aruco_publisher/build install --record /home/anton/KSARMecanum/build/aruco_publisher/install.log --single-version-externally-managed
[3.059s] Level 1:colcon.colcon_core.environment:checking '/home/anton/KSARMecanum/install/aruco_publisher' for CMake config files
[3.060s] Level 1:colcon.colcon_core.environment:checking '/home/anton/KSARMecanum/install/aruco_publisher/lib'
[3.061s] Level 1:colcon.colcon_core.environment:checking '/home/anton/KSARMecanum/install/aruco_publisher/bin'
[3.061s] Level 1:colcon.colcon_core.environment:checking '/home/anton/KSARMecanum/install/aruco_publisher/lib/pkgconfig/aruco_publisher.pc'
[3.061s] Level 1:colcon.colcon_core.environment:checking '/home/anton/KSARMecanum/install/aruco_publisher/lib/python3.10/site-packages'
[3.061s] Level 1:colcon.colcon_core.shell:create_environment_hook('aruco_publisher', 'pythonpath')
[3.063s] INFO:colcon.colcon_core.shell:Creating environment hook '/home/anton/KSARMecanum/install/aruco_publisher/share/aruco_publisher/hook/pythonpath.ps1'
[3.064s] INFO:colcon.colcon_core.shell:Creating environment descriptor '/home/anton/KSARMecanum/install/aruco_publisher/share/aruco_publisher/hook/pythonpath.dsv'
[3.064s] INFO:colcon.colcon_core.shell:Creating environment hook '/home/anton/KSARMecanum/install/aruco_publisher/share/aruco_publisher/hook/pythonpath.sh'
[3.065s] Level 1:colcon.colcon_core.environment:checking '/home/anton/KSARMecanum/install/aruco_publisher/bin'
[3.065s] Level 1:colcon.colcon_core.environment:create_environment_scripts_only(aruco_publisher)
[3.068s] INFO:colcon.colcon_core.shell:Creating package script '/home/anton/KSARMecanum/install/aruco_publisher/share/aruco_publisher/package.ps1'
[3.069s] INFO:colcon.colcon_core.shell:Creating package descriptor '/home/anton/KSARMecanum/install/aruco_publisher/share/aruco_publisher/package.dsv'
[3.070s] INFO:colcon.colcon_core.shell:Creating package script '/home/anton/KSARMecanum/install/aruco_publisher/share/aruco_publisher/package.sh'
[3.071s] INFO:colcon.colcon_core.shell:Creating package script '/home/anton/KSARMecanum/install/aruco_publisher/share/aruco_publisher/package.bash'
[3.071s] INFO:colcon.colcon_core.shell:Creating package script '/home/anton/KSARMecanum/install/aruco_publisher/share/aruco_publisher/package.zsh'
[3.072s] Level 1:colcon.colcon_core.environment:create_file_with_runtime_dependencies(/home/anton/KSARMecanum/install/aruco_publisher/share/colcon-core/packages/aruco_publisher)
[3.076s] Level 1:colcon.colcon_core.environment:checking '/home/anton/KSARMecanum/install/distance_node' for CMake module files
[3.077s] DEBUG:colcon.colcon_core.event_handler.log_command:Invoked command in '/home/anton/KSARMecanum/src/distance_node' returned '0': PYTHONPATH=/home/anton/KSARMecanum/build/distance_node/prefix_override:/home/anton/KSARMecanum/install/distance_node/lib/python3.10/site-packages:${PYTHONPATH} /usr/bin/python3 setup.py egg_info --egg-base ../../build/distance_node build --build-base /home/anton/KSARMecanum/build/distance_node/build install --record /home/anton/KSARMecanum/build/distance_node/install.log --single-version-externally-managed
[3.078s] Level 1:colcon.colcon_core.environment:checking '/home/anton/KSARMecanum/install/distance_node' for CMake config files
[3.078s] Level 1:colcon.colcon_core.environment:checking '/home/anton/KSARMecanum/install/distance_node/lib'
[3.079s] Level 1:colcon.colcon_core.environment:checking '/home/anton/KSARMecanum/install/distance_node/bin'
[3.079s] Level 1:colcon.colcon_core.environment:checking '/home/anton/KSARMecanum/install/distance_node/lib/pkgconfig/distance_node.pc'
[3.079s] Level 1:colcon.colcon_core.environment:checking '/home/anton/KSARMecanum/install/distance_node/lib/python3.10/site-packages'
[3.079s] Level 1:colcon.colcon_core.shell:create_environment_hook('distance_node', 'pythonpath')
[3.081s] INFO:colcon.colcon_core.shell:Creating environment hook '/home/anton/KSARMecanum/install/distance_node/share/distance_node/hook/pythonpath.ps1'
[3.081s] INFO:colcon.colcon_core.shell:Creating environment descriptor '/home/anton/KSARMecanum/install/distance_node/share/distance_node/hook/pythonpath.dsv'
[3.082s] INFO:colcon.colcon_core.shell:Creating environment hook '/home/anton/KSARMecanum/install/distance_node/share/distance_node/hook/pythonpath.sh'
[3.082s] Level 1:colcon.colcon_core.environment:checking '/home/anton/KSARMecanum/install/distance_node/bin'
[3.083s] Level 1:colcon.colcon_core.environment:create_environment_scripts_only(distance_node)
[3.084s] INFO:colcon.colcon_core.shell:Creating package script '/home/anton/KSARMecanum/install/distance_node/share/distance_node/package.ps1'
[3.085s] INFO:colcon.colcon_core.shell:Creating package descriptor '/home/anton/KSARMecanum/install/distance_node/share/distance_node/package.dsv'
[3.086s] INFO:colcon.colcon_core.shell:Creating package script '/home/anton/KSARMecanum/install/distance_node/share/distance_node/package.sh'
[3.086s] INFO:colcon.colcon_core.shell:Creating package script '/home/anton/KSARMecanum/install/distance_node/share/distance_node/package.bash'
[3.087s] INFO:colcon.colcon_core.shell:Creating package script '/home/anton/KSARMecanum/install/distance_node/share/distance_node/package.zsh'
[3.087s] Level 1:colcon.colcon_core.environment:create_file_with_runtime_dependencies(/home/anton/KSARMecanum/install/distance_node/share/colcon-core/packages/distance_node)
[3.090s] Level 1:colcon.colcon_core.environment:checking '/home/anton/KSARMecanum/install/motor_control_node' for CMake module files
[3.091s] DEBUG:colcon.colcon_core.event_handler.log_command:Invoked command in '/home/anton/KSARMecanum/src/motor_control_node' returned '0': PYTHONPATH=/home/anton/KSARMecanum/build/motor_control_node/prefix_override:/home/anton/KSARMecanum/install/motor_control_node/lib/python3.10/site-packages:${PYTHONPATH} /usr/bin/python3 setup.py egg_info --egg-base ../../build/motor_control_node build --build-base /home/anton/KSARMecanum/build/motor_control_node/build install --record /home/anton/KSARMecanum/build/motor_control_node/install.log --single-version-externally-managed
[3.091s] Level 1:colcon.colcon_core.environment:checking '/home/anton/KSARMecanum/install/motor_control_node' for CMake config files
[3.092s] Level 1:colcon.colcon_core.environment:checking '/home/anton/KSARMecanum/install/motor_control_node/lib'
[3.092s] Level 1:colcon.colcon_core.environment:checking '/home/anton/KSARMecanum/install/motor_control_node/bin'
[3.092s] Level 1:colcon.colcon_core.environment:checking '/home/anton/KSARMecanum/install/motor_control_node/lib/pkgconfig/motor_control_node.pc'
[3.093s] Level 1:colcon.colcon_core.environment:checking '/home/anton/KSARMecanum/install/motor_control_node/lib/python3.10/site-packages'
[3.093s] Level 1:colcon.colcon_core.shell:create_environment_hook('motor_control_node', 'pythonpath')
[3.094s] INFO:colcon.colcon_core.shell:Creating environment hook '/home/anton/KSARMecanum/install/motor_control_node/share/motor_control_node/hook/pythonpath.ps1'
[3.095s] INFO:colcon.colcon_core.shell:Creating environment descriptor '/home/anton/KSARMecanum/install/motor_control_node/share/motor_control_node/hook/pythonpath.dsv'
[3.095s] INFO:colcon.colcon_core.shell:Creating environment hook '/home/anton/KSARMecanum/install/motor_control_node/share/motor_control_node/hook/pythonpath.sh'
[3.096s] Level 1:colcon.colcon_core.environment:checking '/home/anton/KSARMecanum/install/motor_control_node/bin'
[3.096s] Level 1:colcon.colcon_core.environment:create_environment_scripts_only(motor_control_node)
[3.098s] INFO:colcon.colcon_core.shell:Creating package script '/home/anton/KSARMecanum/install/motor_control_node/share/motor_control_node/package.ps1'
[3.098s] INFO:colcon.colcon_core.shell:Creating package descriptor '/home/anton/KSARMecanum/install/motor_control_node/share/motor_control_node/package.dsv'
[3.099s] INFO:colcon.colcon_core.shell:Creating package script '/home/anton/KSARMecanum/install/motor_control_node/share/motor_control_node/package.sh'
[3.099s] INFO:colcon.colcon_core.shell:Creating package script '/home/anton/KSARMecanum/install/motor_control_node/share/motor_control_node/package.bash'
[3.100s] INFO:colcon.colcon_core.shell:Creating package script '/home/anton/KSARMecanum/install/motor_control_node/share/motor_control_node/package.zsh'
[3.100s] Level 1:colcon.colcon_core.environment:create_file_with_runtime_dependencies(/home/anton/KSARMecanum/install/motor_control_node/share/colcon-core/packages/motor_control_node)
[3.104s] Level 1:colcon.colcon_core.environment:checking '/home/anton/KSARMecanum/install/opencv_pub' for CMake module files
[3.105s] DEBUG:colcon.colcon_core.event_handler.log_command:Invoked command in '/home/anton/KSARMecanum/src/opencv_pub' returned '0': PYTHONPATH=/home/anton/KSARMecanum/build/opencv_pub/prefix_override:/home/anton/KSARMecanum/install/opencv_pub/lib/python3.10/site-packages:${PYTHONPATH} /usr/bin/python3 setup.py egg_info --egg-base ../../build/opencv_pub build --build-base /home/anton/KSARMecanum/build/opencv_pub/build install --record /home/anton/KSARMecanum/build/opencv_pub/install.log --single-version-externally-managed
[3.105s] Level 1:colcon.colcon_core.environment:checking '/home/anton/KSARMecanum/install/opencv_pub' for CMake config files
[3.106s] Level 1:colcon.colcon_core.environment:checking '/home/anton/KSARMecanum/install/opencv_pub/lib'
[3.106s] Level 1:colcon.colcon_core.environment:checking '/home/anton/KSARMecanum/install/opencv_pub/bin'
[3.106s] Level 1:colcon.colcon_core.environment:checking '/home/anton/KSARMecanum/install/opencv_pub/lib/pkgconfig/opencv_pub.pc'
[3.107s] Level 1:colcon.colcon_core.environment:checking '/home/anton/KSARMecanum/install/opencv_pub/lib/python3.10/site-packages'
[3.107s] Level 1:colcon.colcon_core.shell:create_environment_hook('opencv_pub', 'pythonpath')
[3.108s] INFO:colcon.colcon_core.shell:Creating environment hook '/home/anton/KSARMecanum/install/opencv_pub/share/opencv_pub/hook/pythonpath.ps1'
[3.109s] INFO:colcon.colcon_core.shell:Creating environment descriptor '/home/anton/KSARMecanum/install/opencv_pub/share/opencv_pub/hook/pythonpath.dsv'
[3.109s] INFO:colcon.colcon_core.shell:Creating environment hook '/home/anton/KSARMecanum/install/opencv_pub/share/opencv_pub/hook/pythonpath.sh'
[3.110s] Level 1:colcon.colcon_core.environment:checking '/home/anton/KSARMecanum/install/opencv_pub/bin'
[3.110s] Level 1:colcon.colcon_core.environment:create_environment_scripts_only(opencv_pub)
[3.112s] INFO:colcon.colcon_core.shell:Creating package script '/home/anton/KSARMecanum/install/opencv_pub/share/opencv_pub/package.ps1'
[3.112s] INFO:colcon.colcon_core.shell:Creating package descriptor '/home/anton/KSARMecanum/install/opencv_pub/share/opencv_pub/package.dsv'
[3.113s] INFO:colcon.colcon_core.shell:Creating package script '/home/anton/KSARMecanum/install/opencv_pub/share/opencv_pub/package.sh'
[3.113s] INFO:colcon.colcon_core.shell:Creating package script '/home/anton/KSARMecanum/install/opencv_pub/share/opencv_pub/package.bash'
[3.113s] INFO:colcon.colcon_core.shell:Creating package script '/home/anton/KSARMecanum/install/opencv_pub/share/opencv_pub/package.zsh'
[3.114s] Level 1:colcon.colcon_core.environment:create_file_with_runtime_dependencies(/home/anton/KSARMecanum/install/opencv_pub/share/colcon-core/packages/opencv_pub)
[3.116s] Level 1:colcon.colcon_core.environment:checking '/home/anton/KSARMecanum/install/led_control_sub' for CMake module files
[3.117s] Level 1:colcon.colcon_core.environment:checking '/home/anton/KSARMecanum/install/led_control_sub' for CMake config files
[3.118s] DEBUG:colcon.colcon_core.event_handler.log_command:Invoked command in '/home/anton/KSARMecanum/src/led_control_sub' returned '0': PYTHONPATH=/home/anton/KSARMecanum/build/led_control_sub/prefix_override:/home/anton/KSARMecanum/install/led_control_sub/lib/python3.10/site-packages:${PYTHONPATH} /usr/bin/python3 setup.py egg_info --egg-base ../../build/led_control_sub build --build-base /home/anton/KSARMecanum/build/led_control_sub/build install --record /home/anton/KSARMecanum/build/led_control_sub/install.log --single-version-externally-managed
[3.119s] Level 1:colcon.colcon_core.environment:checking '/home/anton/KSARMecanum/install/led_control_sub/lib'
[3.119s] Level 1:colcon.colcon_core.environment:checking '/home/anton/KSARMecanum/install/led_control_sub/bin'
[3.119s] Level 1:colcon.colcon_core.environment:checking '/home/anton/KSARMecanum/install/led_control_sub/lib/pkgconfig/led_control_sub.pc'
[3.119s] Level 1:colcon.colcon_core.environment:checking '/home/anton/KSARMecanum/install/led_control_sub/lib/python3.10/site-packages'
[3.119s] Level 1:colcon.colcon_core.shell:create_environment_hook('led_control_sub', 'pythonpath')
[3.121s] INFO:colcon.colcon_core.shell:Creating environment hook '/home/anton/KSARMecanum/install/led_control_sub/share/led_control_sub/hook/pythonpath.ps1'
[3.121s] INFO:colcon.colcon_core.shell:Creating environment descriptor '/home/anton/KSARMecanum/install/led_control_sub/share/led_control_sub/hook/pythonpath.dsv'
[3.121s] INFO:colcon.colcon_core.shell:Creating environment hook '/home/anton/KSARMecanum/install/led_control_sub/share/led_control_sub/hook/pythonpath.sh'
[3.122s] Level 1:colcon.colcon_core.environment:checking '/home/anton/KSARMecanum/install/led_control_sub/bin'
[3.122s] Level 1:colcon.colcon_core.environment:create_environment_scripts_only(led_control_sub)
[3.124s] INFO:colcon.colcon_core.shell:Creating package script '/home/anton/KSARMecanum/install/led_control_sub/share/led_control_sub/package.ps1'
[3.124s] INFO:colcon.colcon_core.shell:Creating package descriptor '/home/anton/KSARMecanum/install/led_control_sub/share/led_control_sub/package.dsv'
[3.125s] INFO:colcon.colcon_core.shell:Creating package script '/home/anton/KSARMecanum/install/led_control_sub/share/led_control_sub/package.sh'
[3.125s] INFO:colcon.colcon_core.shell:Creating package script '/home/anton/KSARMecanum/install/led_control_sub/share/led_control_sub/package.bash'
[3.126s] INFO:colcon.colcon_core.shell:Creating package script '/home/anton/KSARMecanum/install/led_control_sub/share/led_control_sub/package.zsh'
[3.126s] Level 1:colcon.colcon_core.environment:create_file_with_runtime_dependencies(/home/anton/KSARMecanum/install/led_control_sub/share/colcon-core/packages/led_control_sub)
[7.668s] DEBUG:colcon.colcon_core.event_handler.log_command:Invoked command in '/home/anton/KSARMecanum/build/LED_control_pub' returned '0': CMAKE_PREFIX_PATH=/opt/ros/humble /usr/bin/cmake --build /home/anton/KSARMecanum/build/LED_control_pub -- -j36 -l36
[7.699s] DEBUG:colcon.colcon_core.event_handler.log_command:Invoking command in '/home/anton/KSARMecanum/build/LED_control_pub': CMAKE_PREFIX_PATH=/opt/ros/humble /usr/bin/cmake --install /home/anton/KSARMecanum/build/LED_control_pub
[7.714s] Level 1:colcon.colcon_core.environment:create_environment_scripts_only(LED_control_pub)
[7.717s] Level 1:colcon.colcon_core.environment:checking '/home/anton/KSARMecanum/install/LED_control_pub' for CMake module files
[7.718s] DEBUG:colcon.colcon_core.event_handler.log_command:Invoked command in '/home/anton/KSARMecanum/build/LED_control_pub' returned '0': CMAKE_PREFIX_PATH=/opt/ros/humble /usr/bin/cmake --install /home/anton/KSARMecanum/build/LED_control_pub
[7.718s] Level 1:colcon.colcon_core.environment:checking '/home/anton/KSARMecanum/install/LED_control_pub' for CMake config files
[7.719s] Level 1:colcon.colcon_core.shell:create_environment_hook('LED_control_pub', 'cmake_prefix_path')
[7.720s] INFO:colcon.colcon_core.shell:Creating environment hook '/home/anton/KSARMecanum/install/LED_control_pub/share/LED_control_pub/hook/cmake_prefix_path.ps1'
[7.721s] INFO:colcon.colcon_core.shell:Creating environment descriptor '/home/anton/KSARMecanum/install/LED_control_pub/share/LED_control_pub/hook/cmake_prefix_path.dsv'
[7.721s] INFO:colcon.colcon_core.shell:Creating environment hook '/home/anton/KSARMecanum/install/LED_control_pub/share/LED_control_pub/hook/cmake_prefix_path.sh'
[7.722s] Level 1:colcon.colcon_core.environment:checking '/home/anton/KSARMecanum/install/LED_control_pub/lib'
[7.722s] Level 1:colcon.colcon_core.environment:checking '/home/anton/KSARMecanum/install/LED_control_pub/bin'
[7.722s] Level 1:colcon.colcon_core.environment:checking '/home/anton/KSARMecanum/install/LED_control_pub/lib/pkgconfig/LED_control_pub.pc'
[7.723s] Level 1:colcon.colcon_core.environment:checking '/home/anton/KSARMecanum/install/LED_control_pub/lib/python3.10/site-packages'
[7.723s] Level 1:colcon.colcon_core.environment:checking '/home/anton/KSARMecanum/install/LED_control_pub/bin'
[7.725s] INFO:colcon.colcon_core.shell:Creating package script '/home/anton/KSARMecanum/install/LED_control_pub/share/LED_control_pub/package.ps1'
[7.726s] INFO:colcon.colcon_core.shell:Creating package descriptor '/home/anton/KSARMecanum/install/LED_control_pub/share/LED_control_pub/package.dsv'
[7.726s] INFO:colcon.colcon_core.shell:Creating package script '/home/anton/KSARMecanum/install/LED_control_pub/share/LED_control_pub/package.sh'
[7.727s] INFO:colcon.colcon_core.shell:Creating package script '/home/anton/KSARMecanum/install/LED_control_pub/share/LED_control_pub/package.bash'
[7.727s] INFO:colcon.colcon_core.shell:Creating package script '/home/anton/KSARMecanum/install/LED_control_pub/share/LED_control_pub/package.zsh'
[7.728s] Level 1:colcon.colcon_core.environment:create_file_with_runtime_dependencies(/home/anton/KSARMecanum/install/LED_control_pub/share/colcon-core/packages/LED_control_pub)
[7.763s] Level 1:colcon.colcon_core.environment:create_environment_scripts_only(LED_control_pub)
[7.768s] Level 1:colcon.colcon_core.environment:checking '/home/anton/KSARMecanum/install/LED_control_pub' for CMake module files
[7.769s] Level 1:colcon.colcon_core.environment:checking '/home/anton/KSARMecanum/install/LED_control_pub' for CMake config files
[7.769s] Level 1:colcon.colcon_core.shell:create_environment_hook('LED_control_pub', 'cmake_prefix_path')
[7.772s] INFO:colcon.colcon_core.shell:Creating environment hook '/home/anton/KSARMecanum/install/LED_control_pub/share/LED_control_pub/hook/cmake_prefix_path.ps1'
[7.773s] INFO:colcon.colcon_core.shell:Creating environment descriptor '/home/anton/KSARMecanum/install/LED_control_pub/share/LED_control_pub/hook/cmake_prefix_path.dsv'
[7.774s] INFO:colcon.colcon_core.shell:Creating environment hook '/home/anton/KSARMecanum/install/LED_control_pub/share/LED_control_pub/hook/cmake_prefix_path.sh'
[7.776s] Level 1:colcon.colcon_core.environment:checking '/home/anton/KSARMecanum/install/LED_control_pub/lib'
[7.776s] Level 1:colcon.colcon_core.environment:checking '/home/anton/KSARMecanum/install/LED_control_pub/bin'
[7.776s] Level 1:colcon.colcon_core.environment:checking '/home/anton/KSARMecanum/install/LED_control_pub/lib/pkgconfig/LED_control_pub.pc'
[7.777s] Level 1:colcon.colcon_core.environment:checking '/home/anton/KSARMecanum/install/LED_control_pub/lib/python3.10/site-packages'
[7.777s] Level 1:colcon.colcon_core.environment:checking '/home/anton/KSARMecanum/install/LED_control_pub/bin'
[7.781s] INFO:colcon.colcon_core.shell:Creating package script '/home/anton/KSARMecanum/install/LED_control_pub/share/LED_control_pub/package.ps1'
[7.782s] INFO:colcon.colcon_core.shell:Creating package descriptor '/home/anton/KSARMecanum/install/LED_control_pub/share/LED_control_pub/package.dsv'
[7.783s] INFO:colcon.colcon_core.shell:Creating package script '/home/anton/KSARMecanum/install/LED_control_pub/share/LED_control_pub/package.sh'
[7.784s] INFO:colcon.colcon_core.shell:Creating package script '/home/anton/KSARMecanum/install/LED_control_pub/share/LED_control_pub/package.bash'
[7.785s] INFO:colcon.colcon_core.shell:Creating package script '/home/anton/KSARMecanum/install/LED_control_pub/share/LED_control_pub/package.zsh'
[7.786s] Level 1:colcon.colcon_core.environment:create_file_with_runtime_dependencies(/home/anton/KSARMecanum/install/LED_control_pub/share/colcon-core/packages/LED_control_pub)
[7.786s] DEBUG:colcon.colcon_parallel_executor.executor.parallel:closing loop
[7.787s] DEBUG:colcon.colcon_parallel_executor.executor.parallel:loop closed
[7.787s] DEBUG:colcon.colcon_parallel_executor.executor.parallel:run_until_complete finished with '0'
[7.787s] DEBUG:colcon.colcon_core.event_reactor:joining thread
[7.802s] INFO:colcon.colcon_core.plugin_system:Skipping extension 'colcon_notification.desktop_notification.terminal_notifier': Not used on non-Darwin systems
[7.802s] INFO:colcon.colcon_core.plugin_system:Skipping extension 'colcon_notification.desktop_notification.win32': Not used on non-Windows systems
[7.802s] INFO:colcon.colcon_notification.desktop_notification:Sending desktop notification using 'notify2'
[7.822s] DEBUG:colcon.colcon_core.event_reactor:joined thread
[7.825s] INFO:colcon.colcon_core.shell:Creating prefix script '/home/anton/KSARMecanum/install/local_setup.ps1'
[7.827s] INFO:colcon.colcon_core.shell:Creating prefix util module '/home/anton/KSARMecanum/install/_local_setup_util_ps1.py'
[7.830s] INFO:colcon.colcon_core.shell:Creating prefix chain script '/home/anton/KSARMecanum/install/setup.ps1'
[7.832s] INFO:colcon.colcon_core.shell:Creating prefix script '/home/anton/KSARMecanum/install/local_setup.sh'
[7.833s] INFO:colcon.colcon_core.shell:Creating prefix util module '/home/anton/KSARMecanum/install/_local_setup_util_sh.py'
[7.834s] INFO:colcon.colcon_core.shell:Creating prefix chain script '/home/anton/KSARMecanum/install/setup.sh'
[7.837s] INFO:colcon.colcon_core.shell:Creating prefix script '/home/anton/KSARMecanum/install/local_setup.bash'
[7.838s] INFO:colcon.colcon_core.shell:Creating prefix chain script '/home/anton/KSARMecanum/install/setup.bash'
[7.841s] INFO:colcon.colcon_core.shell:Creating prefix script '/home/anton/KSARMecanum/install/local_setup.zsh'
[7.842s] INFO:colcon.colcon_core.shell:Creating prefix chain script '/home/anton/KSARMecanum/install/setup.zsh'
