[3.405s] Invoking command in '/home/pi/KSARMecanum/src/opencv_pub': PYTHONPATH=/home/pi/KSARMecanum/build/opencv_pub/prefix_override:/home/pi/KSARMecanum/install/opencv_pub/lib/python3.10/site-packages:${PYTHONPATH} /usr/bin/python3 setup.py egg_info --egg-base ../../build/opencv_pub build --build-base /home/pi/KSARMecanum/build/opencv_pub/build install --record /home/pi/KSARMecanum/build/opencv_pub/install.log --single-version-externally-managed
[4.593s] running egg_info
[4.596s] writing ../../build/opencv_pub/opencv_pub.egg-info/PKG-INFO
[4.597s] writing dependency_links to ../../build/opencv_pub/opencv_pub.egg-info/dependency_links.txt
[4.597s] writing entry points to ../../build/opencv_pub/opencv_pub.egg-info/entry_points.txt
[4.598s] writing requirements to ../../build/opencv_pub/opencv_pub.egg-info/requires.txt
[4.599s] writing top-level names to ../../build/opencv_pub/opencv_pub.egg-info/top_level.txt
[4.607s] reading manifest file '../../build/opencv_pub/opencv_pub.egg-info/SOURCES.txt'
[4.611s] writing manifest file '../../build/opencv_pub/opencv_pub.egg-info/SOURCES.txt'
[4.611s] running build
[4.612s] running build_py
[4.613s] running install
[4.614s] /usr/lib/python3/dist-packages/setuptools/command/install.py:34: SetuptoolsDeprecationWarning: setup.py install is deprecated. Use build and pip and other standards-based tools.
[4.614s]   warnings.warn(
[4.615s] running install_lib
[4.620s] running install_data
[4.623s] running install_egg_info
[4.629s] removing '/home/pi/KSARMecanum/install/opencv_pub/lib/python3.10/site-packages/opencv_pub-0.0.0-py3.10.egg-info' (and everything under it)
[4.631s] Copying ../../build/opencv_pub/opencv_pub.egg-info to /home/pi/KSARMecanum/install/opencv_pub/lib/python3.10/site-packages/opencv_pub-0.0.0-py3.10.egg-info
[4.643s] running install_scripts
[4.731s] Installing CAM script to /home/pi/KSARMecanum/install/opencv_pub/lib/opencv_pub
[4.733s] writing list of installed files to '/home/pi/KSARMecanum/build/opencv_pub/install.log'
[4.878s] Invoked command in '/home/pi/KSARMecanum/src/opencv_pub' returned '0': PYTHONPATH=/home/pi/KSARMecanum/build/opencv_pub/prefix_override:/home/pi/KSARMecanum/install/opencv_pub/lib/python3.10/site-packages:${PYTHONPATH} /usr/bin/python3 setup.py egg_info --egg-base ../../build/opencv_pub build --build-base /home/pi/KSARMecanum/build/opencv_pub/build install --record /home/pi/KSARMecanum/build/opencv_pub/install.log --single-version-externally-managed
