running egg_info
creating ../../build/distance_node/distance_node.egg-info
writing ../../build/distance_node/distance_node.egg-info/PKG-INFO
writing dependency_links to ../../build/distance_node/distance_node.egg-info/dependency_links.txt
writing entry points to ../../build/distance_node/distance_node.egg-info/entry_points.txt
writing requirements to ../../build/distance_node/distance_node.egg-info/requires.txt
writing top-level names to ../../build/distance_node/distance_node.egg-info/top_level.txt
writing manifest file '../../build/distance_node/distance_node.egg-info/SOURCES.txt'
reading manifest file '../../build/distance_node/distance_node.egg-info/SOURCES.txt'
writing manifest file '../../build/distance_node/distance_node.egg-info/SOURCES.txt'
running build
running build_py
creating /home/pi/KSARMecanum/build/distance_node/build
creating /home/pi/KSARMecanum/build/distance_node/build/lib
creating /home/pi/KSARMecanum/build/distance_node/build/lib/distance_node
copying distance_node/__init__.py -> /home/pi/KSARMecanum/build/distance_node/build/lib/distance_node
copying distance_node/distance_publisher.py -> /home/pi/KSARMecanum/build/distance_node/build/lib/distance_node
running install
running install_lib
/usr/lib/python3/dist-packages/setuptools/command/install.py:34: SetuptoolsDeprecationWarning: setup.py install is deprecated. Use build and pip and other standards-based tools.
  warnings.warn(
creating /home/pi/KSARMecanum/install/distance_node/lib/python3.10/site-packages/distance_node
copying /home/pi/KSARMecanum/build/distance_node/build/lib/distance_node/__init__.py -> /home/pi/KSARMecanum/install/distance_node/lib/python3.10/site-packages/distance_node
copying /home/pi/KSARMecanum/build/distance_node/build/lib/distance_node/distance_publisher.py -> /home/pi/KSARMecanum/install/distance_node/lib/python3.10/site-packages/distance_node
byte-compiling /home/pi/KSARMecanum/install/distance_node/lib/python3.10/site-packages/distance_node/__init__.py to __init__.cpython-310.pyc
byte-compiling /home/pi/KSARMecanum/install/distance_node/lib/python3.10/site-packages/distance_node/distance_publisher.py to distance_publisher.cpython-310.pyc
running install_data
creating /home/pi/KSARMecanum/install/distance_node/share/ament_index
creating /home/pi/KSARMecanum/install/distance_node/share/ament_index/resource_index
creating /home/pi/KSARMecanum/install/distance_node/share/ament_index/resource_index/packages
copying resource/distance_node -> /home/pi/KSARMecanum/install/distance_node/share/ament_index/resource_index/packages
copying package.xml -> /home/pi/KSARMecanum/install/distance_node/share/distance_node
running install_egg_info
Copying ../../build/distance_node/distance_node.egg-info to /home/pi/KSARMecanum/install/distance_node/lib/python3.10/site-packages/distance_node-0.0.0-py3.10.egg-info
running install_scripts
Installing distance_publisher script to /home/pi/KSARMecanum/install/distance_node/lib/distance_node
writing list of installed files to '/home/pi/KSARMecanum/build/distance_node/install.log'
